[0.012s] Invoking command in '/home/phr/vscode_project/ros2_launch_testing_ws/build/my_interfaces': CMAKE_PREFIX_PATH=${CMAKE_PREFIX_PATH}:/home/phr/vscode_project/ros2_launch_testing_ws/install/my_testing:/home/phr/vscode_project/ros2_launch_testing_ws/install/my_algorithms:/opt/ros/humble /usr/bin/cmake /home/phr/vscode_project/ros2_launch_testing_ws/src/my_interfaces -DCMAKE_INSTALL_PREFIX=/home/phr/vscode_project/ros2_launch_testing_ws/install/my_interfaces
[0.066s] -- The C compiler identification is GNU 11.4.0
[0.105s] -- The CXX compiler identification is GNU 11.4.0
[0.110s] -- Detecting C compiler ABI info
[0.152s] -- Detecting C compiler ABI info - done
[0.156s] -- Check for working C compiler: /usr/bin/cc - skipped
[0.156s] -- Detecting C compile features
[0.156s] -- Detecting C compile features - done
[0.158s] -- Detecting CXX compiler ABI info
[0.208s] -- Detecting CXX compiler ABI info - done
[0.212s] -- Check for working CXX compiler: /usr/bin/c++ - skipped
[0.212s] -- Detecting CXX compile features
[0.212s] -- Detecting CXX compile features - done
[0.213s] -- Found ament_cmake: 1.3.12 (/opt/ros/humble/share/ament_cmake/cmake)
[0.297s] -- Found Python3: /usr/bin/python3 (found version "3.10.12") found components: Interpreter 
[0.344s] -- Found rosidl_default_generators: 1.2.0 (/opt/ros/humble/share/rosidl_default_generators/cmake)
[0.345s] -- Using all available rosidl_typesupport_c: rosidl_typesupport_fastrtps_c;rosidl_typesupport_introspection_c
[0.348s] -- Found rosidl_adapter: 3.1.7 (/opt/ros/humble/share/rosidl_adapter/cmake)
[0.368s] -- Using all available rosidl_typesupport_cpp: rosidl_typesupport_fastrtps_cpp;rosidl_typesupport_introspection_cpp
[0.512s] -- Found ament_cmake_ros: 0.10.0 (/opt/ros/humble/share/ament_cmake_ros/cmake)
[0.610s] -- Using all available rosidl_typesupport_c: rosidl_typesupport_fastrtps_c;rosidl_typesupport_introspection_c
[0.737s] -- Using all available rosidl_typesupport_cpp: rosidl_typesupport_fastrtps_cpp;rosidl_typesupport_introspection_cpp
[0.750s] -- Found PythonInterp: /usr/bin/python3 (found suitable version "3.10.12", minimum required is "3.6") 
[0.751s] -- Found python_cmake_module: 0.10.0 (/opt/ros/humble/share/python_cmake_module/cmake)
[0.766s] -- Found PythonLibs: /usr/lib/x86_64-linux-gnu/libpython3.10.so (found suitable version "3.10.12", minimum required is "3.5") 
[0.766s] -- Using PYTHON_EXECUTABLE: /usr/bin/python3
[0.766s] -- Using PYTHON_INCLUDE_DIRS: /usr/include/python3.10
[0.766s] -- Using PYTHON_LIBRARIES: /usr/lib/x86_64-linux-gnu/libpython3.10.so
[0.778s] -- Found PythonExtra: .so  
[0.796s] -- Found ament_lint_auto: 0.12.14 (/opt/ros/humble/share/ament_lint_auto/cmake)
[0.805s] -- Added test 'lint_cmake' to check CMake code style
[0.806s] -- Added test 'xmllint' to check XML markup files
[0.807s] -- Configuring done
[0.824s] -- Generating done
[0.829s] -- Build files have been written to: /home/phr/vscode_project/ros2_launch_testing_ws/build/my_interfaces
[0.834s] Invoked command in '/home/phr/vscode_project/ros2_launch_testing_ws/build/my_interfaces' returned '0': CMAKE_PREFIX_PATH=${CMAKE_PREFIX_PATH}:/home/phr/vscode_project/ros2_launch_testing_ws/install/my_testing:/home/phr/vscode_project/ros2_launch_testing_ws/install/my_algorithms:/opt/ros/humble /usr/bin/cmake /home/phr/vscode_project/ros2_launch_testing_ws/src/my_interfaces -DCMAKE_INSTALL_PREFIX=/home/phr/vscode_project/ros2_launch_testing_ws/install/my_interfaces
[0.835s] Invoking command in '/home/phr/vscode_project/ros2_launch_testing_ws/build/my_interfaces': CMAKE_PREFIX_PATH=${CMAKE_PREFIX_PATH}:/home/phr/vscode_project/ros2_launch_testing_ws/install/my_testing:/home/phr/vscode_project/ros2_launch_testing_ws/install/my_algorithms:/opt/ros/humble /usr/bin/cmake --build /home/phr/vscode_project/ros2_launch_testing_ws/build/my_interfaces -- -j32 -l32
[0.862s] [  3%] [34m[1mGenerating C code for ROS interfaces[0m
[0.867s] [  6%] [34m[1mGenerating C++ code for ROS interfaces[0m
[0.872s] [  6%] Built target ament_cmake_python_copy_my_interfaces
[0.983s] running egg_info
[0.984s] creating my_interfaces.egg-info
[0.984s] writing my_interfaces.egg-info/PKG-INFO
[0.984s] writing dependency_links to my_interfaces.egg-info/dependency_links.txt
[0.984s] writing top-level names to my_interfaces.egg-info/top_level.txt
[0.984s] writing manifest file 'my_interfaces.egg-info/SOURCES.txt'
[0.985s] reading manifest file 'my_interfaces.egg-info/SOURCES.txt'
[0.985s] writing manifest file 'my_interfaces.egg-info/SOURCES.txt'
[0.987s] [  6%] Built target my_interfaces__cpp
[0.989s] [  9%] [32mBuilding C object CMakeFiles/my_interfaces__rosidl_generator_c.dir/rosidl_generator_c/my_interfaces/msg/detail/num__functions.c.o[0m
[0.994s] [ 16%] [34m[1mGenerating C++ type support for eProsima Fast-RTPS[0m
[0.994s] [ 16%] [34m[1mGenerating C++ type support dispatch for ROS interfaces[0m
[0.994s] [ 19%] [34m[1mGenerating C++ introspection for ROS interfaces[0m
[1.001s] [ 19%] Built target ament_cmake_python_build_my_interfaces_egg
[1.019s] [ 22%] [32m[1mLinking C shared library libmy_interfaces__rosidl_generator_c.so[0m
[1.043s] [ 22%] Built target my_interfaces__rosidl_generator_c
[1.050s] [ 32%] [34m[1mGenerating C type support dispatch for ROS interfaces[0m
[1.050s] [ 32%] [34m[1mGenerating C introspection for ROS interfaces[0m
[1.050s] [ 32%] [34m[1mGenerating C type support for eProsima Fast-RTPS[0m
[1.110s] [ 35%] [32mBuilding CXX object CMakeFiles/my_interfaces__rosidl_typesupport_cpp.dir/rosidl_typesupport_cpp/my_interfaces/msg/num__type_support.cpp.o[0m
[1.119s] [ 38%] [32mBuilding CXX object CMakeFiles/my_interfaces__rosidl_typesupport_introspection_cpp.dir/rosidl_typesupport_introspection_cpp/my_interfaces/msg/detail/num__type_support.cpp.o[0m
[1.122s] [ 41%] [32mBuilding CXX object CMakeFiles/my_interfaces__rosidl_typesupport_fastrtps_cpp.dir/rosidl_typesupport_fastrtps_cpp/my_interfaces/msg/detail/dds_fastrtps/num__type_support.cpp.o[0m
[1.164s] [ 45%] [32mBuilding CXX object CMakeFiles/my_interfaces__rosidl_typesupport_c.dir/rosidl_typesupport_c/my_interfaces/msg/num__type_support.cpp.o[0m
[1.176s] [ 48%] [32mBuilding CXX object CMakeFiles/my_interfaces__rosidl_typesupport_fastrtps_c.dir/rosidl_typesupport_fastrtps_c/my_interfaces/msg/detail/num__type_support_c.cpp.o[0m
[1.177s] [ 51%] [32mBuilding C object CMakeFiles/my_interfaces__rosidl_typesupport_introspection_c.dir/rosidl_typesupport_introspection_c/my_interfaces/msg/detail/num__type_support.c.o[0m
[1.185s] [ 54%] [32m[1mLinking CXX shared library libmy_interfaces__rosidl_typesupport_c.so[0m
[1.198s] [ 58%] [32m[1mLinking C shared library libmy_interfaces__rosidl_typesupport_introspection_c.so[0m
[1.210s] [ 58%] Built target my_interfaces__rosidl_typesupport_c
[1.220s] [ 58%] Built target my_interfaces__rosidl_typesupport_introspection_c
[1.250s] [ 61%] [32m[1mLinking CXX shared library libmy_interfaces__rosidl_typesupport_cpp.so[0m
[1.278s] [ 61%] Built target my_interfaces__rosidl_typesupport_cpp
[1.314s] [ 64%] [32m[1mLinking CXX shared library libmy_interfaces__rosidl_typesupport_introspection_cpp.so[0m
[1.319s] [ 67%] [32m[1mLinking CXX shared library libmy_interfaces__rosidl_typesupport_fastrtps_cpp.so[0m
[1.339s] [ 67%] Built target my_interfaces__rosidl_typesupport_introspection_cpp
[1.345s] [ 70%] [32m[1mLinking CXX shared library libmy_interfaces__rosidl_typesupport_fastrtps_c.so[0m
[1.362s] [ 70%] Built target my_interfaces__rosidl_typesupport_fastrtps_cpp
[1.387s] [ 70%] Built target my_interfaces__rosidl_typesupport_fastrtps_c
[1.400s] [ 70%] Built target my_interfaces
[1.413s] [ 74%] [34m[1mGenerating Python code for ROS interfaces[0m
[1.553s] [ 74%] Built target my_interfaces__py
[1.565s] [ 77%] [32mBuilding C object CMakeFiles/my_interfaces__rosidl_generator_py.dir/rosidl_generator_py/my_interfaces/msg/_num_s.c.o[0m
[1.618s] [ 80%] [32m[1mLinking C shared library rosidl_generator_py/my_interfaces/libmy_interfaces__rosidl_generator_py.so[0m
[1.642s] [ 80%] Built target my_interfaces__rosidl_generator_py
[1.654s] [ 83%] [32mBuilding C object CMakeFiles/my_interfaces__rosidl_typesupport_fastrtps_c__pyext.dir/rosidl_generator_py/my_interfaces/_my_interfaces_s.ep.rosidl_typesupport_fastrtps_c.c.o[0m
[1.655s] [ 87%] [32mBuilding C object CMakeFiles/my_interfaces__rosidl_typesupport_introspection_c__pyext.dir/rosidl_generator_py/my_interfaces/_my_interfaces_s.ep.rosidl_typesupport_introspection_c.c.o[0m
[1.655s] [ 90%] [32mBuilding C object CMakeFiles/my_interfaces__rosidl_typesupport_c__pyext.dir/rosidl_generator_py/my_interfaces/_my_interfaces_s.ep.rosidl_typesupport_c.c.o[0m
[1.704s] [ 96%] [32m[1mLinking C shared library rosidl_generator_py/my_interfaces/my_interfaces_s__rosidl_typesupport_c.cpython-310-x86_64-linux-gnu.so[0m
[1.704s] [ 96%] [32m[1mLinking C shared library rosidl_generator_py/my_interfaces/my_interfaces_s__rosidl_typesupport_introspection_c.cpython-310-x86_64-linux-gnu.so[0m
[1.705s] [100%] [32m[1mLinking C shared library rosidl_generator_py/my_interfaces/my_interfaces_s__rosidl_typesupport_fastrtps_c.cpython-310-x86_64-linux-gnu.so[0m
[1.724s] [100%] Built target my_interfaces__rosidl_typesupport_c__pyext
[1.725s] [100%] Built target my_interfaces__rosidl_typesupport_introspection_c__pyext
[1.726s] [100%] Built target my_interfaces__rosidl_typesupport_fastrtps_c__pyext
[1.734s] Invoked command in '/home/phr/vscode_project/ros2_launch_testing_ws/build/my_interfaces' returned '0': CMAKE_PREFIX_PATH=${CMAKE_PREFIX_PATH}:/home/phr/vscode_project/ros2_launch_testing_ws/install/my_testing:/home/phr/vscode_project/ros2_launch_testing_ws/install/my_algorithms:/opt/ros/humble /usr/bin/cmake --build /home/phr/vscode_project/ros2_launch_testing_ws/build/my_interfaces -- -j32 -l32
[1.741s] Invoking command in '/home/phr/vscode_project/ros2_launch_testing_ws/build/my_interfaces': CMAKE_PREFIX_PATH=${CMAKE_PREFIX_PATH}:/home/phr/vscode_project/ros2_launch_testing_ws/install/my_testing:/home/phr/vscode_project/ros2_launch_testing_ws/install/my_algorithms:/opt/ros/humble /usr/bin/cmake --install /home/phr/vscode_project/ros2_launch_testing_ws/build/my_interfaces
[1.745s] -- Install configuration: ""
[1.745s] -- Installing: /home/phr/vscode_project/ros2_launch_testing_ws/install/my_interfaces/share/ament_index/resource_index/rosidl_interfaces/my_interfaces
[1.745s] -- Installing: /home/phr/vscode_project/ros2_launch_testing_ws/install/my_interfaces/include/my_interfaces/my_interfaces
[1.745s] -- Installing: /home/phr/vscode_project/ros2_launch_testing_ws/install/my_interfaces/include/my_interfaces/my_interfaces/msg
[1.745s] -- Installing: /home/phr/vscode_project/ros2_launch_testing_ws/install/my_interfaces/include/my_interfaces/my_interfaces/msg/detail
[1.745s] -- Installing: /home/phr/vscode_project/ros2_launch_testing_ws/install/my_interfaces/include/my_interfaces/my_interfaces/msg/detail/num__functions.c
[1.746s] -- Installing: /home/phr/vscode_project/ros2_launch_testing_ws/install/my_interfaces/include/my_interfaces/my_interfaces/msg/detail/num__functions.h
[1.746s] -- Installing: /home/phr/vscode_project/ros2_launch_testing_ws/install/my_interfaces/include/my_interfaces/my_interfaces/msg/detail/num__struct.h
[1.746s] -- Installing: /home/phr/vscode_project/ros2_launch_testing_ws/install/my_interfaces/include/my_interfaces/my_interfaces/msg/detail/num__type_support.h
[1.746s] -- Installing: /home/phr/vscode_project/ros2_launch_testing_ws/install/my_interfaces/include/my_interfaces/my_interfaces/msg/num.h
[1.746s] -- Installing: /home/phr/vscode_project/ros2_launch_testing_ws/install/my_interfaces/include/my_interfaces/my_interfaces/msg/rosidl_generator_c__visibility_control.h
[1.746s] -- Installing: /home/phr/vscode_project/ros2_launch_testing_ws/install/my_interfaces/share/my_interfaces/environment/library_path.sh
[1.746s] -- Installing: /home/phr/vscode_project/ros2_launch_testing_ws/install/my_interfaces/share/my_interfaces/environment/library_path.dsv
[1.746s] -- Installing: /home/phr/vscode_project/ros2_launch_testing_ws/install/my_interfaces/lib/libmy_interfaces__rosidl_generator_c.so
[1.746s] -- Set runtime path of "/home/phr/vscode_project/ros2_launch_testing_ws/install/my_interfaces/lib/libmy_interfaces__rosidl_generator_c.so" to ""
[1.746s] -- Up-to-date: /home/phr/vscode_project/ros2_launch_testing_ws/install/my_interfaces/include/my_interfaces/my_interfaces
[1.747s] -- Up-to-date: /home/phr/vscode_project/ros2_launch_testing_ws/install/my_interfaces/include/my_interfaces/my_interfaces/msg
[1.747s] -- Up-to-date: /home/phr/vscode_project/ros2_launch_testing_ws/install/my_interfaces/include/my_interfaces/my_interfaces/msg/detail
[1.747s] -- Installing: /home/phr/vscode_project/ros2_launch_testing_ws/install/my_interfaces/include/my_interfaces/my_interfaces/msg/detail/num__rosidl_typesupport_fastrtps_c.h
[1.747s] -- Installing: /home/phr/vscode_project/ros2_launch_testing_ws/install/my_interfaces/include/my_interfaces/my_interfaces/msg/rosidl_typesupport_fastrtps_c__visibility_control.h
[1.747s] -- Installing: /home/phr/vscode_project/ros2_launch_testing_ws/install/my_interfaces/lib/libmy_interfaces__rosidl_typesupport_fastrtps_c.so
[1.747s] -- Set runtime path of "/home/phr/vscode_project/ros2_launch_testing_ws/install/my_interfaces/lib/libmy_interfaces__rosidl_typesupport_fastrtps_c.so" to ""
[1.747s] -- Up-to-date: /home/phr/vscode_project/ros2_launch_testing_ws/install/my_interfaces/include/my_interfaces/my_interfaces
[1.747s] -- Up-to-date: /home/phr/vscode_project/ros2_launch_testing_ws/install/my_interfaces/include/my_interfaces/my_interfaces/msg
[1.747s] -- Up-to-date: /home/phr/vscode_project/ros2_launch_testing_ws/install/my_interfaces/include/my_interfaces/my_interfaces/msg/detail
[1.747s] -- Installing: /home/phr/vscode_project/ros2_launch_testing_ws/install/my_interfaces/include/my_interfaces/my_interfaces/msg/detail/num__type_support.c
[1.747s] -- Installing: /home/phr/vscode_project/ros2_launch_testing_ws/install/my_interfaces/include/my_interfaces/my_interfaces/msg/detail/num__rosidl_typesupport_introspection_c.h
[1.747s] -- Installing: /home/phr/vscode_project/ros2_launch_testing_ws/install/my_interfaces/include/my_interfaces/my_interfaces/msg/rosidl_typesupport_introspection_c__visibility_control.h
[1.747s] -- Installing: /home/phr/vscode_project/ros2_launch_testing_ws/install/my_interfaces/lib/libmy_interfaces__rosidl_typesupport_introspection_c.so
[1.748s] -- Set runtime path of "/home/phr/vscode_project/ros2_launch_testing_ws/install/my_interfaces/lib/libmy_interfaces__rosidl_typesupport_introspection_c.so" to ""
[1.748s] -- Installing: /home/phr/vscode_project/ros2_launch_testing_ws/install/my_interfaces/lib/libmy_interfaces__rosidl_typesupport_c.so
[1.748s] -- Set runtime path of "/home/phr/vscode_project/ros2_launch_testing_ws/install/my_interfaces/lib/libmy_interfaces__rosidl_typesupport_c.so" to ""
[1.748s] -- Up-to-date: /home/phr/vscode_project/ros2_launch_testing_ws/install/my_interfaces/include/my_interfaces/my_interfaces
[1.748s] -- Up-to-date: /home/phr/vscode_project/ros2_launch_testing_ws/install/my_interfaces/include/my_interfaces/my_interfaces/msg
[1.748s] -- Up-to-date: /home/phr/vscode_project/ros2_launch_testing_ws/install/my_interfaces/include/my_interfaces/my_interfaces/msg/detail
[1.748s] -- Installing: /home/phr/vscode_project/ros2_launch_testing_ws/install/my_interfaces/include/my_interfaces/my_interfaces/msg/detail/num__type_support.hpp
[1.748s] -- Installing: /home/phr/vscode_project/ros2_launch_testing_ws/install/my_interfaces/include/my_interfaces/my_interfaces/msg/detail/num__traits.hpp
[1.748s] -- Installing: /home/phr/vscode_project/ros2_launch_testing_ws/install/my_interfaces/include/my_interfaces/my_interfaces/msg/detail/num__struct.hpp
[1.748s] -- Installing: /home/phr/vscode_project/ros2_launch_testing_ws/install/my_interfaces/include/my_interfaces/my_interfaces/msg/detail/num__builder.hpp
[1.748s] -- Installing: /home/phr/vscode_project/ros2_launch_testing_ws/install/my_interfaces/include/my_interfaces/my_interfaces/msg/rosidl_generator_cpp__visibility_control.hpp
[1.748s] -- Installing: /home/phr/vscode_project/ros2_launch_testing_ws/install/my_interfaces/include/my_interfaces/my_interfaces/msg/num.hpp
[1.748s] -- Up-to-date: /home/phr/vscode_project/ros2_launch_testing_ws/install/my_interfaces/include/my_interfaces/my_interfaces
[1.748s] -- Up-to-date: /home/phr/vscode_project/ros2_launch_testing_ws/install/my_interfaces/include/my_interfaces/my_interfaces/msg
[1.748s] -- Up-to-date: /home/phr/vscode_project/ros2_launch_testing_ws/install/my_interfaces/include/my_interfaces/my_interfaces/msg/detail
[1.748s] -- Installing: /home/phr/vscode_project/ros2_launch_testing_ws/install/my_interfaces/include/my_interfaces/my_interfaces/msg/detail/dds_fastrtps
[1.748s] -- Installing: /home/phr/vscode_project/ros2_launch_testing_ws/install/my_interfaces/include/my_interfaces/my_interfaces/msg/detail/num__rosidl_typesupport_fastrtps_cpp.hpp
[1.749s] -- Installing: /home/phr/vscode_project/ros2_launch_testing_ws/install/my_interfaces/include/my_interfaces/my_interfaces/msg/rosidl_typesupport_fastrtps_cpp__visibility_control.h
[1.749s] -- Installing: /home/phr/vscode_project/ros2_launch_testing_ws/install/my_interfaces/lib/libmy_interfaces__rosidl_typesupport_fastrtps_cpp.so
[1.749s] -- Set runtime path of "/home/phr/vscode_project/ros2_launch_testing_ws/install/my_interfaces/lib/libmy_interfaces__rosidl_typesupport_fastrtps_cpp.so" to ""
[1.749s] -- Up-to-date: /home/phr/vscode_project/ros2_launch_testing_ws/install/my_interfaces/include/my_interfaces/my_interfaces
[1.749s] -- Up-to-date: /home/phr/vscode_project/ros2_launch_testing_ws/install/my_interfaces/include/my_interfaces/my_interfaces/msg
[1.749s] -- Up-to-date: /home/phr/vscode_project/ros2_launch_testing_ws/install/my_interfaces/include/my_interfaces/my_interfaces/msg/detail
[1.749s] -- Installing: /home/phr/vscode_project/ros2_launch_testing_ws/install/my_interfaces/include/my_interfaces/my_interfaces/msg/detail/num__type_support.cpp
[1.749s] -- Installing: /home/phr/vscode_project/ros2_launch_testing_ws/install/my_interfaces/include/my_interfaces/my_interfaces/msg/detail/num__rosidl_typesupport_introspection_cpp.hpp
[1.749s] -- Installing: /home/phr/vscode_project/ros2_launch_testing_ws/install/my_interfaces/lib/libmy_interfaces__rosidl_typesupport_introspection_cpp.so
[1.749s] -- Set runtime path of "/home/phr/vscode_project/ros2_launch_testing_ws/install/my_interfaces/lib/libmy_interfaces__rosidl_typesupport_introspection_cpp.so" to ""
[1.749s] -- Installing: /home/phr/vscode_project/ros2_launch_testing_ws/install/my_interfaces/lib/libmy_interfaces__rosidl_typesupport_cpp.so
[1.750s] -- Set runtime path of "/home/phr/vscode_project/ros2_launch_testing_ws/install/my_interfaces/lib/libmy_interfaces__rosidl_typesupport_cpp.so" to ""
[1.750s] -- Installing: /home/phr/vscode_project/ros2_launch_testing_ws/install/my_interfaces/share/my_interfaces/environment/pythonpath.sh
[1.750s] -- Installing: /home/phr/vscode_project/ros2_launch_testing_ws/install/my_interfaces/share/my_interfaces/environment/pythonpath.dsv
[1.750s] -- Installing: /home/phr/vscode_project/ros2_launch_testing_ws/install/my_interfaces/local/lib/python3.10/dist-packages/my_interfaces-0.0.0-py3.10.egg-info
[1.750s] -- Installing: /home/phr/vscode_project/ros2_launch_testing_ws/install/my_interfaces/local/lib/python3.10/dist-packages/my_interfaces-0.0.0-py3.10.egg-info/PKG-INFO
[1.750s] -- Installing: /home/phr/vscode_project/ros2_launch_testing_ws/install/my_interfaces/local/lib/python3.10/dist-packages/my_interfaces-0.0.0-py3.10.egg-info/SOURCES.txt
[1.750s] -- Installing: /home/phr/vscode_project/ros2_launch_testing_ws/install/my_interfaces/local/lib/python3.10/dist-packages/my_interfaces-0.0.0-py3.10.egg-info/top_level.txt
[1.750s] -- Installing: /home/phr/vscode_project/ros2_launch_testing_ws/install/my_interfaces/local/lib/python3.10/dist-packages/my_interfaces-0.0.0-py3.10.egg-info/dependency_links.txt
[1.750s] -- Installing: /home/phr/vscode_project/ros2_launch_testing_ws/install/my_interfaces/local/lib/python3.10/dist-packages/my_interfaces
[1.750s] -- Installing: /home/phr/vscode_project/ros2_launch_testing_ws/install/my_interfaces/local/lib/python3.10/dist-packages/my_interfaces/_my_interfaces_s.ep.rosidl_typesupport_introspection_c.c
[1.750s] -- Installing: /home/phr/vscode_project/ros2_launch_testing_ws/install/my_interfaces/local/lib/python3.10/dist-packages/my_interfaces/_my_interfaces_s.ep.rosidl_typesupport_fastrtps_c.c
[1.750s] -- Installing: /home/phr/vscode_project/ros2_launch_testing_ws/install/my_interfaces/local/lib/python3.10/dist-packages/my_interfaces/__init__.py
[1.750s] -- Installing: /home/phr/vscode_project/ros2_launch_testing_ws/install/my_interfaces/local/lib/python3.10/dist-packages/my_interfaces/msg
[1.750s] -- Installing: /home/phr/vscode_project/ros2_launch_testing_ws/install/my_interfaces/local/lib/python3.10/dist-packages/my_interfaces/msg/_num.py
[1.751s] -- Installing: /home/phr/vscode_project/ros2_launch_testing_ws/install/my_interfaces/local/lib/python3.10/dist-packages/my_interfaces/msg/__init__.py
[1.751s] -- Installing: /home/phr/vscode_project/ros2_launch_testing_ws/install/my_interfaces/local/lib/python3.10/dist-packages/my_interfaces/msg/_num_s.c
[1.751s] -- Installing: /home/phr/vscode_project/ros2_launch_testing_ws/install/my_interfaces/local/lib/python3.10/dist-packages/my_interfaces/_my_interfaces_s.ep.rosidl_typesupport_c.c
[1.751s] -- Installing: /home/phr/vscode_project/ros2_launch_testing_ws/install/my_interfaces/local/lib/python3.10/dist-packages/my_interfaces/my_interfaces_s__rosidl_typesupport_c.cpython-310-x86_64-linux-gnu.so
[1.751s] -- Installing: /home/phr/vscode_project/ros2_launch_testing_ws/install/my_interfaces/local/lib/python3.10/dist-packages/my_interfaces/my_interfaces_s__rosidl_typesupport_fastrtps_c.cpython-310-x86_64-linux-gnu.so
[1.751s] -- Installing: /home/phr/vscode_project/ros2_launch_testing_ws/install/my_interfaces/local/lib/python3.10/dist-packages/my_interfaces/my_interfaces_s__rosidl_typesupport_introspection_c.cpython-310-x86_64-linux-gnu.so
[1.751s] -- Installing: /home/phr/vscode_project/ros2_launch_testing_ws/install/my_interfaces/local/lib/python3.10/dist-packages/my_interfaces/libmy_interfaces__rosidl_generator_py.so
[1.770s] Listing '/home/phr/vscode_project/ros2_launch_testing_ws/install/my_interfaces/local/lib/python3.10/dist-packages/my_interfaces'...
[1.770s] Compiling '/home/phr/vscode_project/ros2_launch_testing_ws/install/my_interfaces/local/lib/python3.10/dist-packages/my_interfaces/__init__.py'...
[1.770s] Listing '/home/phr/vscode_project/ros2_launch_testing_ws/install/my_interfaces/local/lib/python3.10/dist-packages/my_interfaces/msg'...
[1.770s] Compiling '/home/phr/vscode_project/ros2_launch_testing_ws/install/my_interfaces/local/lib/python3.10/dist-packages/my_interfaces/msg/__init__.py'...
[1.770s] Compiling '/home/phr/vscode_project/ros2_launch_testing_ws/install/my_interfaces/local/lib/python3.10/dist-packages/my_interfaces/msg/_num.py'...
[1.772s] -- Installing: /home/phr/vscode_project/ros2_launch_testing_ws/install/my_interfaces/local/lib/python3.10/dist-packages/my_interfaces/my_interfaces_s__rosidl_typesupport_fastrtps_c.cpython-310-x86_64-linux-gnu.so
[1.772s] -- Set runtime path of "/home/phr/vscode_project/ros2_launch_testing_ws/install/my_interfaces/local/lib/python3.10/dist-packages/my_interfaces/my_interfaces_s__rosidl_typesupport_fastrtps_c.cpython-310-x86_64-linux-gnu.so" to ""
[1.772s] -- Installing: /home/phr/vscode_project/ros2_launch_testing_ws/install/my_interfaces/local/lib/python3.10/dist-packages/my_interfaces/my_interfaces_s__rosidl_typesupport_introspection_c.cpython-310-x86_64-linux-gnu.so
[1.772s] -- Set runtime path of "/home/phr/vscode_project/ros2_launch_testing_ws/install/my_interfaces/local/lib/python3.10/dist-packages/my_interfaces/my_interfaces_s__rosidl_typesupport_introspection_c.cpython-310-x86_64-linux-gnu.so" to ""
[1.772s] -- Installing: /home/phr/vscode_project/ros2_launch_testing_ws/install/my_interfaces/local/lib/python3.10/dist-packages/my_interfaces/my_interfaces_s__rosidl_typesupport_c.cpython-310-x86_64-linux-gnu.so
[1.773s] -- Set runtime path of "/home/phr/vscode_project/ros2_launch_testing_ws/install/my_interfaces/local/lib/python3.10/dist-packages/my_interfaces/my_interfaces_s__rosidl_typesupport_c.cpython-310-x86_64-linux-gnu.so" to ""
[1.773s] -- Installing: /home/phr/vscode_project/ros2_launch_testing_ws/install/my_interfaces/lib/libmy_interfaces__rosidl_generator_py.so
[1.773s] -- Set runtime path of "/home/phr/vscode_project/ros2_launch_testing_ws/install/my_interfaces/lib/libmy_interfaces__rosidl_generator_py.so" to ""
[1.773s] -- Installing: /home/phr/vscode_project/ros2_launch_testing_ws/install/my_interfaces/share/my_interfaces/msg/Num.idl
[1.773s] -- Installing: /home/phr/vscode_project/ros2_launch_testing_ws/install/my_interfaces/share/my_interfaces/msg/Num.msg
[1.773s] -- Installing: /home/phr/vscode_project/ros2_launch_testing_ws/install/my_interfaces/share/ament_index/resource_index/package_run_dependencies/my_interfaces
[1.773s] -- Installing: /home/phr/vscode_project/ros2_launch_testing_ws/install/my_interfaces/share/ament_index/resource_index/parent_prefix_path/my_interfaces
[1.773s] -- Installing: /home/phr/vscode_project/ros2_launch_testing_ws/install/my_interfaces/share/my_interfaces/environment/ament_prefix_path.sh
[1.773s] -- Installing: /home/phr/vscode_project/ros2_launch_testing_ws/install/my_interfaces/share/my_interfaces/environment/ament_prefix_path.dsv
[1.774s] -- Installing: /home/phr/vscode_project/ros2_launch_testing_ws/install/my_interfaces/share/my_interfaces/environment/path.sh
[1.774s] -- Installing: /home/phr/vscode_project/ros2_launch_testing_ws/install/my_interfaces/share/my_interfaces/environment/path.dsv
[1.774s] -- Installing: /home/phr/vscode_project/ros2_launch_testing_ws/install/my_interfaces/share/my_interfaces/local_setup.bash
[1.774s] -- Installing: /home/phr/vscode_project/ros2_launch_testing_ws/install/my_interfaces/share/my_interfaces/local_setup.sh
[1.774s] -- Installing: /home/phr/vscode_project/ros2_launch_testing_ws/install/my_interfaces/share/my_interfaces/local_setup.zsh
[1.774s] -- Installing: /home/phr/vscode_project/ros2_launch_testing_ws/install/my_interfaces/share/my_interfaces/local_setup.dsv
[1.774s] -- Installing: /home/phr/vscode_project/ros2_launch_testing_ws/install/my_interfaces/share/my_interfaces/package.dsv
[1.774s] -- Installing: /home/phr/vscode_project/ros2_launch_testing_ws/install/my_interfaces/share/ament_index/resource_index/packages/my_interfaces
[1.774s] -- Installing: /home/phr/vscode_project/ros2_launch_testing_ws/install/my_interfaces/share/my_interfaces/cmake/export_my_interfaces__rosidl_generator_cExport.cmake
[1.774s] -- Installing: /home/phr/vscode_project/ros2_launch_testing_ws/install/my_interfaces/share/my_interfaces/cmake/export_my_interfaces__rosidl_generator_cExport-noconfig.cmake
[1.774s] -- Installing: /home/phr/vscode_project/ros2_launch_testing_ws/install/my_interfaces/share/my_interfaces/cmake/export_my_interfaces__rosidl_typesupport_fastrtps_cExport.cmake
[1.775s] -- Installing: /home/phr/vscode_project/ros2_launch_testing_ws/install/my_interfaces/share/my_interfaces/cmake/export_my_interfaces__rosidl_typesupport_fastrtps_cExport-noconfig.cmake
[1.775s] -- Installing: /home/phr/vscode_project/ros2_launch_testing_ws/install/my_interfaces/share/my_interfaces/cmake/my_interfaces__rosidl_typesupport_introspection_cExport.cmake
[1.775s] -- Installing: /home/phr/vscode_project/ros2_launch_testing_ws/install/my_interfaces/share/my_interfaces/cmake/my_interfaces__rosidl_typesupport_introspection_cExport-noconfig.cmake
[1.775s] -- Installing: /home/phr/vscode_project/ros2_launch_testing_ws/install/my_interfaces/share/my_interfaces/cmake/my_interfaces__rosidl_typesupport_cExport.cmake
[1.775s] -- Installing: /home/phr/vscode_project/ros2_launch_testing_ws/install/my_interfaces/share/my_interfaces/cmake/my_interfaces__rosidl_typesupport_cExport-noconfig.cmake
[1.775s] -- Installing: /home/phr/vscode_project/ros2_launch_testing_ws/install/my_interfaces/share/my_interfaces/cmake/export_my_interfaces__rosidl_generator_cppExport.cmake
[1.775s] -- Installing: /home/phr/vscode_project/ros2_launch_testing_ws/install/my_interfaces/share/my_interfaces/cmake/export_my_interfaces__rosidl_typesupport_fastrtps_cppExport.cmake
[1.775s] -- Installing: /home/phr/vscode_project/ros2_launch_testing_ws/install/my_interfaces/share/my_interfaces/cmake/export_my_interfaces__rosidl_typesupport_fastrtps_cppExport-noconfig.cmake
[1.775s] -- Installing: /home/phr/vscode_project/ros2_launch_testing_ws/install/my_interfaces/share/my_interfaces/cmake/my_interfaces__rosidl_typesupport_introspection_cppExport.cmake
[1.775s] -- Installing: /home/phr/vscode_project/ros2_launch_testing_ws/install/my_interfaces/share/my_interfaces/cmake/my_interfaces__rosidl_typesupport_introspection_cppExport-noconfig.cmake
[1.775s] -- Installing: /home/phr/vscode_project/ros2_launch_testing_ws/install/my_interfaces/share/my_interfaces/cmake/my_interfaces__rosidl_typesupport_cppExport.cmake
[1.776s] -- Installing: /home/phr/vscode_project/ros2_launch_testing_ws/install/my_interfaces/share/my_interfaces/cmake/my_interfaces__rosidl_typesupport_cppExport-noconfig.cmake
[1.776s] -- Installing: /home/phr/vscode_project/ros2_launch_testing_ws/install/my_interfaces/share/my_interfaces/cmake/export_my_interfaces__rosidl_generator_pyExport.cmake
[1.776s] -- Installing: /home/phr/vscode_project/ros2_launch_testing_ws/install/my_interfaces/share/my_interfaces/cmake/export_my_interfaces__rosidl_generator_pyExport-noconfig.cmake
[1.776s] -- Installing: /home/phr/vscode_project/ros2_launch_testing_ws/install/my_interfaces/share/my_interfaces/cmake/rosidl_cmake-extras.cmake
[1.776s] -- Installing: /home/phr/vscode_project/ros2_launch_testing_ws/install/my_interfaces/share/my_interfaces/cmake/ament_cmake_export_include_directories-extras.cmake
[1.776s] -- Installing: /home/phr/vscode_project/ros2_launch_testing_ws/install/my_interfaces/share/my_interfaces/cmake/ament_cmake_export_libraries-extras.cmake
[1.776s] -- Installing: /home/phr/vscode_project/ros2_launch_testing_ws/install/my_interfaces/share/my_interfaces/cmake/ament_cmake_export_targets-extras.cmake
[1.776s] -- Installing: /home/phr/vscode_project/ros2_launch_testing_ws/install/my_interfaces/share/my_interfaces/cmake/rosidl_cmake_export_typesupport_targets-extras.cmake
[1.776s] -- Installing: /home/phr/vscode_project/ros2_launch_testing_ws/install/my_interfaces/share/my_interfaces/cmake/ament_cmake_export_dependencies-extras.cmake
[1.776s] -- Installing: /home/phr/vscode_project/ros2_launch_testing_ws/install/my_interfaces/share/my_interfaces/cmake/rosidl_cmake_export_typesupport_libraries-extras.cmake
[1.776s] -- Installing: /home/phr/vscode_project/ros2_launch_testing_ws/install/my_interfaces/share/my_interfaces/cmake/my_interfacesConfig.cmake
[1.776s] -- Installing: /home/phr/vscode_project/ros2_launch_testing_ws/install/my_interfaces/share/my_interfaces/cmake/my_interfacesConfig-version.cmake
[1.777s] -- Installing: /home/phr/vscode_project/ros2_launch_testing_ws/install/my_interfaces/share/my_interfaces/package.xml
[1.778s] Invoked command in '/home/phr/vscode_project/ros2_launch_testing_ws/build/my_interfaces' returned '0': CMAKE_PREFIX_PATH=${CMAKE_PREFIX_PATH}:/home/phr/vscode_project/ros2_launch_testing_ws/install/my_testing:/home/phr/vscode_project/ros2_launch_testing_ws/install/my_algorithms:/opt/ros/humble /usr/bin/cmake --install /home/phr/vscode_project/ros2_launch_testing_ws/build/my_interfaces
