[0.095s] DEBUG:colcon:Command line arguments: ['/usr/bin/colcon', 'build']
[0.095s] DEBUG:colcon:Parsed command line arguments: Namespace(log_base=None, log_level=None, verb_name='build', build_base='build', install_base='install', merge_install=False, symlink_install=False, test_result_base=None, continue_on_error=False, executor='parallel', parallel_workers=32, event_handlers=None, ignore_user_meta=False, metas=['./colcon.meta'], base_paths=['.'], packages_ignore=None, packages_ignore_regex=None, paths=None, packages_up_to=None, packages_up_to_regex=None, packages_above=None, packages_above_and_dependencies=None, packages_above_depth=None, packages_select_by_dep=None, packages_skip_by_dep=None, packages_skip_up_to=None, packages_select_build_failed=False, packages_skip_build_finished=False, packages_select_test_failures=False, packages_skip_test_passed=False, packages_select=None, packages_skip=None, packages_select_regex=None, packages_skip_regex=None, packages_start=None, packages_end=None, allow_overriding=[], cmake_args=None, cmake_target=None, cmake_target_skip_unavailable=False, cmake_clean_cache=False, cmake_clean_first=False, cmake_force_configure=False, ament_cmake_args=None, catkin_cmake_args=None, catkin_skip_building_tests=False, verb_parser=<colcon_defaults.argument_parser.defaults.DefaultArgumentsDecorator object at 0x721fbd21f520>, verb_extension=<colcon_core.verb.build.BuildVerb object at 0x721fbd21f010>, main=<bound method BuildVerb.main of <colcon_core.verb.build.BuildVerb object at 0x721fbd21f010>>)
[0.241s] Level 1:colcon.colcon_core.package_discovery:discover_packages(colcon_meta) check parameters
[0.241s] Level 1:colcon.colcon_core.package_discovery:discover_packages(recursive) check parameters
[0.241s] Level 1:colcon.colcon_core.package_discovery:discover_packages(ignore) check parameters
[0.241s] Level 1:colcon.colcon_core.package_discovery:discover_packages(path) check parameters
[0.241s] Level 1:colcon.colcon_core.package_discovery:discover_packages(colcon_meta) discover
[0.241s] Level 1:colcon.colcon_core.package_discovery:discover_packages(recursive) discover
[0.241s] INFO:colcon.colcon_core.package_discovery:Crawling recursively for packages in '/home/phr/vscode_project/ros2_launch_testing_ws'
[0.241s] Level 1:colcon.colcon_core.package_identification:_identify(.) by extensions ['ignore', 'ignore_ament_install']
[0.241s] Level 1:colcon.colcon_core.package_identification:_identify(.) by extension 'ignore'
[0.241s] Level 1:colcon.colcon_core.package_identification:_identify(.) by extension 'ignore_ament_install'
[0.241s] Level 1:colcon.colcon_core.package_identification:_identify(.) by extensions ['colcon_pkg']
[0.241s] Level 1:colcon.colcon_core.package_identification:_identify(.) by extension 'colcon_pkg'
[0.241s] Level 1:colcon.colcon_core.package_identification:_identify(.) by extensions ['colcon_meta']
[0.241s] Level 1:colcon.colcon_core.package_identification:_identify(.) by extension 'colcon_meta'
[0.241s] Level 1:colcon.colcon_core.package_identification:_identify(.) by extensions ['ros']
[0.241s] Level 1:colcon.colcon_core.package_identification:_identify(.) by extension 'ros'
[0.250s] Level 1:colcon.colcon_core.package_identification:_identify(.) by extensions ['cmake', 'python']
[0.250s] Level 1:colcon.colcon_core.package_identification:_identify(.) by extension 'cmake'
[0.250s] Level 1:colcon.colcon_core.package_identification:_identify(.) by extension 'python'
[0.250s] Level 1:colcon.colcon_core.package_identification:_identify(.) by extensions ['python_setup_py']
[0.250s] Level 1:colcon.colcon_core.package_identification:_identify(.) by extension 'python_setup_py'
[0.250s] Level 1:colcon.colcon_core.package_identification:_identify(build) by extensions ['ignore', 'ignore_ament_install']
[0.250s] Level 1:colcon.colcon_core.package_identification:_identify(build) by extension 'ignore'
[0.250s] Level 1:colcon.colcon_core.package_identification:_identify(build) ignored
[0.251s] Level 1:colcon.colcon_core.package_identification:_identify(install) by extensions ['ignore', 'ignore_ament_install']
[0.251s] Level 1:colcon.colcon_core.package_identification:_identify(install) by extension 'ignore'
[0.251s] Level 1:colcon.colcon_core.package_identification:_identify(install) ignored
[0.251s] Level 1:colcon.colcon_core.package_identification:_identify(log) by extensions ['ignore', 'ignore_ament_install']
[0.251s] Level 1:colcon.colcon_core.package_identification:_identify(log) by extension 'ignore'
[0.251s] Level 1:colcon.colcon_core.package_identification:_identify(log) ignored
[0.251s] Level 1:colcon.colcon_core.package_identification:_identify(src) by extensions ['ignore', 'ignore_ament_install']
[0.251s] Level 1:colcon.colcon_core.package_identification:_identify(src) by extension 'ignore'
[0.251s] Level 1:colcon.colcon_core.package_identification:_identify(src) by extension 'ignore_ament_install'
[0.251s] Level 1:colcon.colcon_core.package_identification:_identify(src) by extensions ['colcon_pkg']
[0.251s] Level 1:colcon.colcon_core.package_identification:_identify(src) by extension 'colcon_pkg'
[0.251s] Level 1:colcon.colcon_core.package_identification:_identify(src) by extensions ['colcon_meta']
[0.251s] Level 1:colcon.colcon_core.package_identification:_identify(src) by extension 'colcon_meta'
[0.251s] Level 1:colcon.colcon_core.package_identification:_identify(src) by extensions ['ros']
[0.251s] Level 1:colcon.colcon_core.package_identification:_identify(src) by extension 'ros'
[0.251s] Level 1:colcon.colcon_core.package_identification:_identify(src) by extensions ['cmake', 'python']
[0.251s] Level 1:colcon.colcon_core.package_identification:_identify(src) by extension 'cmake'
[0.251s] Level 1:colcon.colcon_core.package_identification:_identify(src) by extension 'python'
[0.251s] Level 1:colcon.colcon_core.package_identification:_identify(src) by extensions ['python_setup_py']
[0.251s] Level 1:colcon.colcon_core.package_identification:_identify(src) by extension 'python_setup_py'
[0.251s] Level 1:colcon.colcon_core.package_identification:_identify(src/my_algorithms) by extensions ['ignore', 'ignore_ament_install']
[0.251s] Level 1:colcon.colcon_core.package_identification:_identify(src/my_algorithms) by extension 'ignore'
[0.251s] Level 1:colcon.colcon_core.package_identification:_identify(src/my_algorithms) by extension 'ignore_ament_install'
[0.251s] Level 1:colcon.colcon_core.package_identification:_identify(src/my_algorithms) by extensions ['colcon_pkg']
[0.251s] Level 1:colcon.colcon_core.package_identification:_identify(src/my_algorithms) by extension 'colcon_pkg'
[0.251s] Level 1:colcon.colcon_core.package_identification:_identify(src/my_algorithms) by extensions ['colcon_meta']
[0.251s] Level 1:colcon.colcon_core.package_identification:_identify(src/my_algorithms) by extension 'colcon_meta'
[0.252s] Level 1:colcon.colcon_core.package_identification:_identify(src/my_algorithms) by extensions ['ros']
[0.252s] Level 1:colcon.colcon_core.package_identification:_identify(src/my_algorithms) by extension 'ros'
[0.254s] DEBUG:colcon.colcon_core.package_identification:Package 'src/my_algorithms' with type 'ros.ament_python' and name 'my_algorithms'
[0.254s] Level 1:colcon.colcon_core.package_identification:_identify(src/my_interfaces) by extensions ['ignore', 'ignore_ament_install']
[0.254s] Level 1:colcon.colcon_core.package_identification:_identify(src/my_interfaces) by extension 'ignore'
[0.254s] Level 1:colcon.colcon_core.package_identification:_identify(src/my_interfaces) by extension 'ignore_ament_install'
[0.254s] Level 1:colcon.colcon_core.package_identification:_identify(src/my_interfaces) by extensions ['colcon_pkg']
[0.254s] Level 1:colcon.colcon_core.package_identification:_identify(src/my_interfaces) by extension 'colcon_pkg'
[0.254s] Level 1:colcon.colcon_core.package_identification:_identify(src/my_interfaces) by extensions ['colcon_meta']
[0.254s] Level 1:colcon.colcon_core.package_identification:_identify(src/my_interfaces) by extension 'colcon_meta'
[0.254s] Level 1:colcon.colcon_core.package_identification:_identify(src/my_interfaces) by extensions ['ros']
[0.254s] Level 1:colcon.colcon_core.package_identification:_identify(src/my_interfaces) by extension 'ros'
[0.254s] DEBUG:colcon.colcon_core.package_identification:Package 'src/my_interfaces' with type 'ros.ament_cmake' and name 'my_interfaces'
[0.255s] Level 1:colcon.colcon_core.package_identification:_identify(src/my_testing) by extensions ['ignore', 'ignore_ament_install']
[0.255s] Level 1:colcon.colcon_core.package_identification:_identify(src/my_testing) by extension 'ignore'
[0.255s] Level 1:colcon.colcon_core.package_identification:_identify(src/my_testing) by extension 'ignore_ament_install'
[0.255s] Level 1:colcon.colcon_core.package_identification:_identify(src/my_testing) by extensions ['colcon_pkg']
[0.255s] Level 1:colcon.colcon_core.package_identification:_identify(src/my_testing) by extension 'colcon_pkg'
[0.255s] Level 1:colcon.colcon_core.package_identification:_identify(src/my_testing) by extensions ['colcon_meta']
[0.255s] Level 1:colcon.colcon_core.package_identification:_identify(src/my_testing) by extension 'colcon_meta'
[0.255s] Level 1:colcon.colcon_core.package_identification:_identify(src/my_testing) by extensions ['ros']
[0.255s] Level 1:colcon.colcon_core.package_identification:_identify(src/my_testing) by extension 'ros'
[0.255s] DEBUG:colcon.colcon_core.package_identification:Package 'src/my_testing' with type 'ros.ament_python' and name 'my_testing'
[0.255s] Level 1:colcon.colcon_core.package_discovery:discover_packages(recursive) using defaults
[0.255s] Level 1:colcon.colcon_core.package_discovery:discover_packages(ignore) discover
[0.255s] Level 1:colcon.colcon_core.package_discovery:discover_packages(ignore) using defaults
[0.255s] Level 1:colcon.colcon_core.package_discovery:discover_packages(path) discover
[0.255s] Level 1:colcon.colcon_core.package_discovery:discover_packages(path) using defaults
[0.271s] Level 1:colcon.colcon_core.package_discovery:discover_packages(prefix_path) check parameters
[0.271s] Level 1:colcon.colcon_core.package_discovery:discover_packages(prefix_path) discover
[0.273s] DEBUG:colcon.colcon_installed_package_information.package_discovery:Found 272 installed packages in /opt/ros/humble
[0.275s] Level 1:colcon.colcon_core.package_discovery:discover_packages(prefix_path) using defaults
[0.304s] Level 5:colcon.colcon_core.verb:set package 'my_interfaces' build argument 'cmake_args' from command line to 'None'
[0.304s] Level 5:colcon.colcon_core.verb:set package 'my_interfaces' build argument 'cmake_target' from command line to 'None'
[0.304s] Level 5:colcon.colcon_core.verb:set package 'my_interfaces' build argument 'cmake_target_skip_unavailable' from command line to 'False'
[0.304s] Level 5:colcon.colcon_core.verb:set package 'my_interfaces' build argument 'cmake_clean_cache' from command line to 'False'
[0.304s] Level 5:colcon.colcon_core.verb:set package 'my_interfaces' build argument 'cmake_clean_first' from command line to 'False'
[0.304s] Level 5:colcon.colcon_core.verb:set package 'my_interfaces' build argument 'cmake_force_configure' from command line to 'False'
[0.304s] Level 5:colcon.colcon_core.verb:set package 'my_interfaces' build argument 'ament_cmake_args' from command line to 'None'
[0.304s] Level 5:colcon.colcon_core.verb:set package 'my_interfaces' build argument 'catkin_cmake_args' from command line to 'None'
[0.304s] Level 5:colcon.colcon_core.verb:set package 'my_interfaces' build argument 'catkin_skip_building_tests' from command line to 'False'
[0.304s] DEBUG:colcon.colcon_core.verb:Building package 'my_interfaces' with the following arguments: {'ament_cmake_args': None, 'build_base': '/home/phr/vscode_project/ros2_launch_testing_ws/build/my_interfaces', 'catkin_cmake_args': None, 'catkin_skip_building_tests': False, 'cmake_args': None, 'cmake_clean_cache': False, 'cmake_clean_first': False, 'cmake_force_configure': False, 'cmake_target': None, 'cmake_target_skip_unavailable': False, 'install_base': '/home/phr/vscode_project/ros2_launch_testing_ws/install/my_interfaces', 'merge_install': False, 'path': '/home/phr/vscode_project/ros2_launch_testing_ws/src/my_interfaces', 'symlink_install': False, 'test_result_base': None}
[0.304s] Level 5:colcon.colcon_core.verb:set package 'my_algorithms' build argument 'cmake_args' from command line to 'None'
[0.304s] Level 5:colcon.colcon_core.verb:set package 'my_algorithms' build argument 'cmake_target' from command line to 'None'
[0.305s] Level 5:colcon.colcon_core.verb:set package 'my_algorithms' build argument 'cmake_target_skip_unavailable' from command line to 'False'
[0.305s] Level 5:colcon.colcon_core.verb:set package 'my_algorithms' build argument 'cmake_clean_cache' from command line to 'False'
[0.305s] Level 5:colcon.colcon_core.verb:set package 'my_algorithms' build argument 'cmake_clean_first' from command line to 'False'
[0.305s] Level 5:colcon.colcon_core.verb:set package 'my_algorithms' build argument 'cmake_force_configure' from command line to 'False'
[0.305s] Level 5:colcon.colcon_core.verb:set package 'my_algorithms' build argument 'ament_cmake_args' from command line to 'None'
[0.305s] Level 5:colcon.colcon_core.verb:set package 'my_algorithms' build argument 'catkin_cmake_args' from command line to 'None'
[0.305s] Level 5:colcon.colcon_core.verb:set package 'my_algorithms' build argument 'catkin_skip_building_tests' from command line to 'False'
[0.305s] DEBUG:colcon.colcon_core.verb:Building package 'my_algorithms' with the following arguments: {'ament_cmake_args': None, 'build_base': '/home/phr/vscode_project/ros2_launch_testing_ws/build/my_algorithms', 'catkin_cmake_args': None, 'catkin_skip_building_tests': False, 'cmake_args': None, 'cmake_clean_cache': False, 'cmake_clean_first': False, 'cmake_force_configure': False, 'cmake_target': None, 'cmake_target_skip_unavailable': False, 'install_base': '/home/phr/vscode_project/ros2_launch_testing_ws/install/my_algorithms', 'merge_install': False, 'path': '/home/phr/vscode_project/ros2_launch_testing_ws/src/my_algorithms', 'symlink_install': False, 'test_result_base': None}
[0.305s] Level 5:colcon.colcon_core.verb:set package 'my_testing' build argument 'cmake_args' from command line to 'None'
[0.305s] Level 5:colcon.colcon_core.verb:set package 'my_testing' build argument 'cmake_target' from command line to 'None'
[0.305s] Level 5:colcon.colcon_core.verb:set package 'my_testing' build argument 'cmake_target_skip_unavailable' from command line to 'False'
[0.305s] Level 5:colcon.colcon_core.verb:set package 'my_testing' build argument 'cmake_clean_cache' from command line to 'False'
[0.305s] Level 5:colcon.colcon_core.verb:set package 'my_testing' build argument 'cmake_clean_first' from command line to 'False'
[0.305s] Level 5:colcon.colcon_core.verb:set package 'my_testing' build argument 'cmake_force_configure' from command line to 'False'
[0.305s] Level 5:colcon.colcon_core.verb:set package 'my_testing' build argument 'ament_cmake_args' from command line to 'None'
[0.305s] Level 5:colcon.colcon_core.verb:set package 'my_testing' build argument 'catkin_cmake_args' from command line to 'None'
[0.305s] Level 5:colcon.colcon_core.verb:set package 'my_testing' build argument 'catkin_skip_building_tests' from command line to 'False'
[0.305s] DEBUG:colcon.colcon_core.verb:Building package 'my_testing' with the following arguments: {'ament_cmake_args': None, 'build_base': '/home/phr/vscode_project/ros2_launch_testing_ws/build/my_testing', 'catkin_cmake_args': None, 'catkin_skip_building_tests': False, 'cmake_args': None, 'cmake_clean_cache': False, 'cmake_clean_first': False, 'cmake_force_configure': False, 'cmake_target': None, 'cmake_target_skip_unavailable': False, 'install_base': '/home/phr/vscode_project/ros2_launch_testing_ws/install/my_testing', 'merge_install': False, 'path': '/home/phr/vscode_project/ros2_launch_testing_ws/src/my_testing', 'symlink_install': False, 'test_result_base': None}
[0.305s] INFO:colcon.colcon_core.executor:Executing jobs using 'parallel' executor
[0.306s] DEBUG:colcon.colcon_parallel_executor.executor.parallel:run_until_complete
[0.306s] INFO:colcon.colcon_ros.task.ament_cmake.build:Building ROS package in '/home/phr/vscode_project/ros2_launch_testing_ws/src/my_interfaces' with build type 'ament_cmake'
[0.306s] INFO:colcon.colcon_cmake.task.cmake.build:Building CMake package in '/home/phr/vscode_project/ros2_launch_testing_ws/src/my_interfaces'
[0.308s] INFO:colcon.colcon_core.plugin_system:Skipping extension 'colcon_core.shell.bat': Not used on non-Windows systems
[0.308s] INFO:colcon.colcon_core.shell:Skip shell extension 'powershell' for command environment: Not usable outside of PowerShell
[0.308s] DEBUG:colcon.colcon_core.shell:Skip shell extension 'dsv' for command environment
[0.314s] DEBUG:colcon.colcon_core.event_handler.log_command:Invoking command in '/home/phr/vscode_project/ros2_launch_testing_ws/build/my_interfaces': CMAKE_PREFIX_PATH=/opt/ros/humble /usr/bin/cmake --build /home/phr/vscode_project/ros2_launch_testing_ws/build/my_interfaces -- -j32 -l32
[2.120s] DEBUG:colcon.colcon_core.event_handler.log_command:Invoked command in '/home/phr/vscode_project/ros2_launch_testing_ws/build/my_interfaces' returned '0': CMAKE_PREFIX_PATH=/opt/ros/humble /usr/bin/cmake --build /home/phr/vscode_project/ros2_launch_testing_ws/build/my_interfaces -- -j32 -l32
[2.126s] DEBUG:colcon.colcon_core.event_handler.log_command:Invoking command in '/home/phr/vscode_project/ros2_launch_testing_ws/build/my_interfaces': CMAKE_PREFIX_PATH=/opt/ros/humble /usr/bin/cmake --install /home/phr/vscode_project/ros2_launch_testing_ws/build/my_interfaces
[2.170s] Level 1:colcon.colcon_core.environment:create_environment_scripts_only(my_interfaces)
[2.170s] DEBUG:colcon.colcon_core.event_handler.log_command:Invoked command in '/home/phr/vscode_project/ros2_launch_testing_ws/build/my_interfaces' returned '0': CMAKE_PREFIX_PATH=/opt/ros/humble /usr/bin/cmake --install /home/phr/vscode_project/ros2_launch_testing_ws/build/my_interfaces
[2.173s] Level 1:colcon.colcon_core.environment:checking '/home/phr/vscode_project/ros2_launch_testing_ws/install/my_interfaces' for CMake module files
[2.173s] Level 1:colcon.colcon_core.environment:checking '/home/phr/vscode_project/ros2_launch_testing_ws/install/my_interfaces' for CMake config files
[2.173s] Level 1:colcon.colcon_core.shell:create_environment_hook('my_interfaces', 'cmake_prefix_path')
[2.173s] INFO:colcon.colcon_core.shell:Creating environment hook '/home/phr/vscode_project/ros2_launch_testing_ws/install/my_interfaces/share/my_interfaces/hook/cmake_prefix_path.ps1'
[2.174s] INFO:colcon.colcon_core.shell:Creating environment descriptor '/home/phr/vscode_project/ros2_launch_testing_ws/install/my_interfaces/share/my_interfaces/hook/cmake_prefix_path.dsv'
[2.174s] INFO:colcon.colcon_core.shell:Creating environment hook '/home/phr/vscode_project/ros2_launch_testing_ws/install/my_interfaces/share/my_interfaces/hook/cmake_prefix_path.sh'
[2.175s] Level 1:colcon.colcon_core.environment:checking '/home/phr/vscode_project/ros2_launch_testing_ws/install/my_interfaces/lib'
[2.175s] Level 1:colcon.colcon_core.shell:create_environment_hook('my_interfaces', 'ld_library_path_lib')
[2.175s] INFO:colcon.colcon_core.shell:Creating environment hook '/home/phr/vscode_project/ros2_launch_testing_ws/install/my_interfaces/share/my_interfaces/hook/ld_library_path_lib.ps1'
[2.175s] INFO:colcon.colcon_core.shell:Creating environment descriptor '/home/phr/vscode_project/ros2_launch_testing_ws/install/my_interfaces/share/my_interfaces/hook/ld_library_path_lib.dsv'
[2.175s] INFO:colcon.colcon_core.shell:Creating environment hook '/home/phr/vscode_project/ros2_launch_testing_ws/install/my_interfaces/share/my_interfaces/hook/ld_library_path_lib.sh'
[2.175s] Level 1:colcon.colcon_core.environment:checking '/home/phr/vscode_project/ros2_launch_testing_ws/install/my_interfaces/bin'
[2.176s] Level 1:colcon.colcon_core.environment:checking '/home/phr/vscode_project/ros2_launch_testing_ws/install/my_interfaces/lib/pkgconfig/my_interfaces.pc'
[2.176s] Level 1:colcon.colcon_core.environment:checking '/home/phr/vscode_project/ros2_launch_testing_ws/install/my_interfaces/lib/python3.10/site-packages'
[2.176s] Level 1:colcon.colcon_core.environment:checking '/home/phr/vscode_project/ros2_launch_testing_ws/install/my_interfaces/bin'
[2.176s] INFO:colcon.colcon_core.shell:Creating package script '/home/phr/vscode_project/ros2_launch_testing_ws/install/my_interfaces/share/my_interfaces/package.ps1'
[2.176s] INFO:colcon.colcon_core.shell:Creating package descriptor '/home/phr/vscode_project/ros2_launch_testing_ws/install/my_interfaces/share/my_interfaces/package.dsv'
[2.177s] INFO:colcon.colcon_core.shell:Creating package script '/home/phr/vscode_project/ros2_launch_testing_ws/install/my_interfaces/share/my_interfaces/package.sh'
[2.177s] INFO:colcon.colcon_core.shell:Creating package script '/home/phr/vscode_project/ros2_launch_testing_ws/install/my_interfaces/share/my_interfaces/package.bash'
[2.178s] INFO:colcon.colcon_core.shell:Creating package script '/home/phr/vscode_project/ros2_launch_testing_ws/install/my_interfaces/share/my_interfaces/package.zsh'
[2.178s] Level 1:colcon.colcon_core.environment:create_file_with_runtime_dependencies(/home/phr/vscode_project/ros2_launch_testing_ws/install/my_interfaces/share/colcon-core/packages/my_interfaces)
[2.179s] Level 1:colcon.colcon_core.environment:create_environment_scripts_only(my_interfaces)
[2.179s] Level 1:colcon.colcon_core.environment:checking '/home/phr/vscode_project/ros2_launch_testing_ws/install/my_interfaces' for CMake module files
[2.179s] Level 1:colcon.colcon_core.environment:checking '/home/phr/vscode_project/ros2_launch_testing_ws/install/my_interfaces' for CMake config files
[2.179s] Level 1:colcon.colcon_core.shell:create_environment_hook('my_interfaces', 'cmake_prefix_path')
[2.179s] INFO:colcon.colcon_core.shell:Creating environment hook '/home/phr/vscode_project/ros2_launch_testing_ws/install/my_interfaces/share/my_interfaces/hook/cmake_prefix_path.ps1'
[2.179s] INFO:colcon.colcon_core.shell:Creating environment descriptor '/home/phr/vscode_project/ros2_launch_testing_ws/install/my_interfaces/share/my_interfaces/hook/cmake_prefix_path.dsv'
[2.180s] INFO:colcon.colcon_core.shell:Creating environment hook '/home/phr/vscode_project/ros2_launch_testing_ws/install/my_interfaces/share/my_interfaces/hook/cmake_prefix_path.sh'
[2.180s] Level 1:colcon.colcon_core.environment:checking '/home/phr/vscode_project/ros2_launch_testing_ws/install/my_interfaces/lib'
[2.180s] Level 1:colcon.colcon_core.shell:create_environment_hook('my_interfaces', 'ld_library_path_lib')
[2.180s] INFO:colcon.colcon_core.shell:Creating environment hook '/home/phr/vscode_project/ros2_launch_testing_ws/install/my_interfaces/share/my_interfaces/hook/ld_library_path_lib.ps1'
[2.180s] INFO:colcon.colcon_core.shell:Creating environment descriptor '/home/phr/vscode_project/ros2_launch_testing_ws/install/my_interfaces/share/my_interfaces/hook/ld_library_path_lib.dsv'
[2.180s] INFO:colcon.colcon_core.shell:Creating environment hook '/home/phr/vscode_project/ros2_launch_testing_ws/install/my_interfaces/share/my_interfaces/hook/ld_library_path_lib.sh'
[2.181s] Level 1:colcon.colcon_core.environment:checking '/home/phr/vscode_project/ros2_launch_testing_ws/install/my_interfaces/bin'
[2.181s] Level 1:colcon.colcon_core.environment:checking '/home/phr/vscode_project/ros2_launch_testing_ws/install/my_interfaces/lib/pkgconfig/my_interfaces.pc'
[2.181s] Level 1:colcon.colcon_core.environment:checking '/home/phr/vscode_project/ros2_launch_testing_ws/install/my_interfaces/lib/python3.10/site-packages'
[2.181s] Level 1:colcon.colcon_core.environment:checking '/home/phr/vscode_project/ros2_launch_testing_ws/install/my_interfaces/bin'
[2.181s] INFO:colcon.colcon_core.shell:Creating package script '/home/phr/vscode_project/ros2_launch_testing_ws/install/my_interfaces/share/my_interfaces/package.ps1'
[2.181s] INFO:colcon.colcon_core.shell:Creating package descriptor '/home/phr/vscode_project/ros2_launch_testing_ws/install/my_interfaces/share/my_interfaces/package.dsv'
[2.181s] INFO:colcon.colcon_core.shell:Creating package script '/home/phr/vscode_project/ros2_launch_testing_ws/install/my_interfaces/share/my_interfaces/package.sh'
[2.182s] INFO:colcon.colcon_core.shell:Creating package script '/home/phr/vscode_project/ros2_launch_testing_ws/install/my_interfaces/share/my_interfaces/package.bash'
[2.182s] INFO:colcon.colcon_core.shell:Creating package script '/home/phr/vscode_project/ros2_launch_testing_ws/install/my_interfaces/share/my_interfaces/package.zsh'
[2.182s] Level 1:colcon.colcon_core.environment:create_file_with_runtime_dependencies(/home/phr/vscode_project/ros2_launch_testing_ws/install/my_interfaces/share/colcon-core/packages/my_interfaces)
[2.182s] INFO:colcon.colcon_ros.task.ament_python.build:Building ROS package in '/home/phr/vscode_project/ros2_launch_testing_ws/src/my_algorithms' with build type 'ament_python'
[2.182s] Level 1:colcon.colcon_core.shell:create_environment_hook('my_algorithms', 'ament_prefix_path')
[2.182s] INFO:colcon.colcon_core.shell:Creating environment hook '/home/phr/vscode_project/ros2_launch_testing_ws/install/my_algorithms/share/my_algorithms/hook/ament_prefix_path.ps1'
[2.183s] INFO:colcon.colcon_core.shell:Creating environment descriptor '/home/phr/vscode_project/ros2_launch_testing_ws/install/my_algorithms/share/my_algorithms/hook/ament_prefix_path.dsv'
[2.183s] INFO:colcon.colcon_core.shell:Creating environment hook '/home/phr/vscode_project/ros2_launch_testing_ws/install/my_algorithms/share/my_algorithms/hook/ament_prefix_path.sh'
[2.183s] INFO:colcon.colcon_core.shell:Skip shell extension 'powershell' for command environment: Not usable outside of PowerShell
[2.183s] DEBUG:colcon.colcon_core.shell:Skip shell extension 'dsv' for command environment
[2.303s] INFO:colcon.colcon_core.task.python.build:Building Python package in '/home/phr/vscode_project/ros2_launch_testing_ws/src/my_algorithms'
[2.303s] INFO:colcon.colcon_core.shell:Skip shell extension 'powershell' for command environment: Not usable outside of PowerShell
[2.303s] DEBUG:colcon.colcon_core.shell:Skip shell extension 'dsv' for command environment
[2.464s] DEBUG:colcon.colcon_core.event_handler.log_command:Invoking command in '/home/phr/vscode_project/ros2_launch_testing_ws/src/my_algorithms': AMENT_PREFIX_PATH=/home/phr/vscode_project/ros2_launch_testing_ws/install/my_interfaces:${AMENT_PREFIX_PATH} CMAKE_PREFIX_PATH=/home/phr/vscode_project/ros2_launch_testing_ws/install/my_interfaces LD_LIBRARY_PATH=/home/phr/vscode_project/ros2_launch_testing_ws/install/my_interfaces/lib:${LD_LIBRARY_PATH} PYTHONPATH=/home/phr/vscode_project/ros2_launch_testing_ws/build/my_algorithms/prefix_override:/usr/lib/python3/dist-packages/colcon_core/task/python/colcon_distutils_commands:/home/phr/vscode_project/ros2_launch_testing_ws/install/my_algorithms/lib/python3.10/site-packages:/home/phr/vscode_project/ros2_launch_testing_ws/install/my_interfaces/local/lib/python3.10/dist-packages:${PYTHONPATH} /usr/bin/python3 -W ignore:setup.py install is deprecated -W ignore:easy_install command is deprecated setup.py egg_info --egg-base ../../build/my_algorithms build --build-base /home/phr/vscode_project/ros2_launch_testing_ws/build/my_algorithms/build install --record /home/phr/vscode_project/ros2_launch_testing_ws/build/my_algorithms/install.log --single-version-externally-managed install_data
[2.602s] Level 1:colcon.colcon_core.environment:checking '/home/phr/vscode_project/ros2_launch_testing_ws/install/my_algorithms' for CMake module files
[2.602s] DEBUG:colcon.colcon_core.event_handler.log_command:Invoked command in '/home/phr/vscode_project/ros2_launch_testing_ws/src/my_algorithms' returned '0': AMENT_PREFIX_PATH=/home/phr/vscode_project/ros2_launch_testing_ws/install/my_interfaces:${AMENT_PREFIX_PATH} CMAKE_PREFIX_PATH=/home/phr/vscode_project/ros2_launch_testing_ws/install/my_interfaces LD_LIBRARY_PATH=/home/phr/vscode_project/ros2_launch_testing_ws/install/my_interfaces/lib:${LD_LIBRARY_PATH} PYTHONPATH=/home/phr/vscode_project/ros2_launch_testing_ws/build/my_algorithms/prefix_override:/usr/lib/python3/dist-packages/colcon_core/task/python/colcon_distutils_commands:/home/phr/vscode_project/ros2_launch_testing_ws/install/my_algorithms/lib/python3.10/site-packages:/home/phr/vscode_project/ros2_launch_testing_ws/install/my_interfaces/local/lib/python3.10/dist-packages:${PYTHONPATH} /usr/bin/python3 -W ignore:setup.py install is deprecated -W ignore:easy_install command is deprecated setup.py egg_info --egg-base ../../build/my_algorithms build --build-base /home/phr/vscode_project/ros2_launch_testing_ws/build/my_algorithms/build install --record /home/phr/vscode_project/ros2_launch_testing_ws/build/my_algorithms/install.log --single-version-externally-managed install_data
[2.602s] Level 1:colcon.colcon_core.environment:checking '/home/phr/vscode_project/ros2_launch_testing_ws/install/my_algorithms' for CMake config files
[2.603s] Level 1:colcon.colcon_core.environment:checking '/home/phr/vscode_project/ros2_launch_testing_ws/install/my_algorithms/lib'
[2.603s] Level 1:colcon.colcon_core.environment:checking '/home/phr/vscode_project/ros2_launch_testing_ws/install/my_algorithms/bin'
[2.603s] Level 1:colcon.colcon_core.environment:checking '/home/phr/vscode_project/ros2_launch_testing_ws/install/my_algorithms/lib/pkgconfig/my_algorithms.pc'
[2.603s] Level 1:colcon.colcon_core.environment:checking '/home/phr/vscode_project/ros2_launch_testing_ws/install/my_algorithms/lib/python3.10/site-packages'
[2.603s] Level 1:colcon.colcon_core.shell:create_environment_hook('my_algorithms', 'pythonpath')
[2.603s] INFO:colcon.colcon_core.shell:Creating environment hook '/home/phr/vscode_project/ros2_launch_testing_ws/install/my_algorithms/share/my_algorithms/hook/pythonpath.ps1'
[2.603s] INFO:colcon.colcon_core.shell:Creating environment descriptor '/home/phr/vscode_project/ros2_launch_testing_ws/install/my_algorithms/share/my_algorithms/hook/pythonpath.dsv'
[2.603s] INFO:colcon.colcon_core.shell:Creating environment hook '/home/phr/vscode_project/ros2_launch_testing_ws/install/my_algorithms/share/my_algorithms/hook/pythonpath.sh'
[2.604s] Level 1:colcon.colcon_core.environment:checking '/home/phr/vscode_project/ros2_launch_testing_ws/install/my_algorithms/bin'
[2.604s] Level 1:colcon.colcon_core.environment:create_environment_scripts_only(my_algorithms)
[2.604s] INFO:colcon.colcon_core.shell:Creating package script '/home/phr/vscode_project/ros2_launch_testing_ws/install/my_algorithms/share/my_algorithms/package.ps1'
[2.604s] INFO:colcon.colcon_core.shell:Creating package descriptor '/home/phr/vscode_project/ros2_launch_testing_ws/install/my_algorithms/share/my_algorithms/package.dsv'
[2.604s] INFO:colcon.colcon_core.shell:Creating package script '/home/phr/vscode_project/ros2_launch_testing_ws/install/my_algorithms/share/my_algorithms/package.sh'
[2.605s] INFO:colcon.colcon_core.shell:Creating package script '/home/phr/vscode_project/ros2_launch_testing_ws/install/my_algorithms/share/my_algorithms/package.bash'
[2.605s] INFO:colcon.colcon_core.shell:Creating package script '/home/phr/vscode_project/ros2_launch_testing_ws/install/my_algorithms/share/my_algorithms/package.zsh'
[2.605s] Level 1:colcon.colcon_core.environment:create_file_with_runtime_dependencies(/home/phr/vscode_project/ros2_launch_testing_ws/install/my_algorithms/share/colcon-core/packages/my_algorithms)
[2.605s] INFO:colcon.colcon_ros.task.ament_python.build:Building ROS package in '/home/phr/vscode_project/ros2_launch_testing_ws/src/my_testing' with build type 'ament_python'
[2.605s] Level 1:colcon.colcon_core.shell:create_environment_hook('my_testing', 'ament_prefix_path')
[2.605s] INFO:colcon.colcon_core.shell:Creating environment hook '/home/phr/vscode_project/ros2_launch_testing_ws/install/my_testing/share/my_testing/hook/ament_prefix_path.ps1'
[2.606s] INFO:colcon.colcon_core.shell:Creating environment descriptor '/home/phr/vscode_project/ros2_launch_testing_ws/install/my_testing/share/my_testing/hook/ament_prefix_path.dsv'
[2.606s] INFO:colcon.colcon_core.shell:Creating environment hook '/home/phr/vscode_project/ros2_launch_testing_ws/install/my_testing/share/my_testing/hook/ament_prefix_path.sh'
[2.606s] INFO:colcon.colcon_core.shell:Skip shell extension 'powershell' for command environment: Not usable outside of PowerShell
[2.606s] DEBUG:colcon.colcon_core.shell:Skip shell extension 'dsv' for command environment
[2.724s] INFO:colcon.colcon_core.task.python.build:Building Python package in '/home/phr/vscode_project/ros2_launch_testing_ws/src/my_testing'
[2.724s] INFO:colcon.colcon_core.shell:Skip shell extension 'powershell' for command environment: Not usable outside of PowerShell
[2.724s] DEBUG:colcon.colcon_core.shell:Skip shell extension 'dsv' for command environment
[2.877s] DEBUG:colcon.colcon_core.event_handler.log_command:Invoking command in '/home/phr/vscode_project/ros2_launch_testing_ws/src/my_testing': AMENT_PREFIX_PATH=/home/phr/vscode_project/ros2_launch_testing_ws/install/my_algorithms:/home/phr/vscode_project/ros2_launch_testing_ws/install/my_interfaces:${AMENT_PREFIX_PATH} CMAKE_PREFIX_PATH=/home/phr/vscode_project/ros2_launch_testing_ws/install/my_interfaces LD_LIBRARY_PATH=/home/phr/vscode_project/ros2_launch_testing_ws/install/my_interfaces/lib:${LD_LIBRARY_PATH} PYTHONPATH=/home/phr/vscode_project/ros2_launch_testing_ws/build/my_testing/prefix_override:/usr/lib/python3/dist-packages/colcon_core/task/python/colcon_distutils_commands:/home/phr/vscode_project/ros2_launch_testing_ws/install/my_testing/lib/python3.10/site-packages:/home/phr/vscode_project/ros2_launch_testing_ws/install/my_algorithms/lib/python3.10/site-packages:/home/phr/vscode_project/ros2_launch_testing_ws/install/my_interfaces/local/lib/python3.10/dist-packages:${PYTHONPATH} /usr/bin/python3 -W ignore:setup.py install is deprecated -W ignore:easy_install command is deprecated setup.py egg_info --egg-base ../../build/my_testing build --build-base /home/phr/vscode_project/ros2_launch_testing_ws/build/my_testing/build install --record /home/phr/vscode_project/ros2_launch_testing_ws/build/my_testing/install.log --single-version-externally-managed install_data
[3.011s] Level 1:colcon.colcon_core.environment:checking '/home/phr/vscode_project/ros2_launch_testing_ws/install/my_testing' for CMake module files
[3.012s] DEBUG:colcon.colcon_core.event_handler.log_command:Invoked command in '/home/phr/vscode_project/ros2_launch_testing_ws/src/my_testing' returned '0': AMENT_PREFIX_PATH=/home/phr/vscode_project/ros2_launch_testing_ws/install/my_algorithms:/home/phr/vscode_project/ros2_launch_testing_ws/install/my_interfaces:${AMENT_PREFIX_PATH} CMAKE_PREFIX_PATH=/home/phr/vscode_project/ros2_launch_testing_ws/install/my_interfaces LD_LIBRARY_PATH=/home/phr/vscode_project/ros2_launch_testing_ws/install/my_interfaces/lib:${LD_LIBRARY_PATH} PYTHONPATH=/home/phr/vscode_project/ros2_launch_testing_ws/build/my_testing/prefix_override:/usr/lib/python3/dist-packages/colcon_core/task/python/colcon_distutils_commands:/home/phr/vscode_project/ros2_launch_testing_ws/install/my_testing/lib/python3.10/site-packages:/home/phr/vscode_project/ros2_launch_testing_ws/install/my_algorithms/lib/python3.10/site-packages:/home/phr/vscode_project/ros2_launch_testing_ws/install/my_interfaces/local/lib/python3.10/dist-packages:${PYTHONPATH} /usr/bin/python3 -W ignore:setup.py install is deprecated -W ignore:easy_install command is deprecated setup.py egg_info --egg-base ../../build/my_testing build --build-base /home/phr/vscode_project/ros2_launch_testing_ws/build/my_testing/build install --record /home/phr/vscode_project/ros2_launch_testing_ws/build/my_testing/install.log --single-version-externally-managed install_data
[3.012s] Level 1:colcon.colcon_core.environment:checking '/home/phr/vscode_project/ros2_launch_testing_ws/install/my_testing' for CMake config files
[3.012s] Level 1:colcon.colcon_core.environment:checking '/home/phr/vscode_project/ros2_launch_testing_ws/install/my_testing/lib'
[3.012s] Level 1:colcon.colcon_core.environment:checking '/home/phr/vscode_project/ros2_launch_testing_ws/install/my_testing/bin'
[3.012s] Level 1:colcon.colcon_core.environment:checking '/home/phr/vscode_project/ros2_launch_testing_ws/install/my_testing/lib/pkgconfig/my_testing.pc'
[3.012s] Level 1:colcon.colcon_core.environment:checking '/home/phr/vscode_project/ros2_launch_testing_ws/install/my_testing/lib/python3.10/site-packages'
[3.012s] Level 1:colcon.colcon_core.shell:create_environment_hook('my_testing', 'pythonpath')
[3.013s] INFO:colcon.colcon_core.shell:Creating environment hook '/home/phr/vscode_project/ros2_launch_testing_ws/install/my_testing/share/my_testing/hook/pythonpath.ps1'
[3.013s] INFO:colcon.colcon_core.shell:Creating environment descriptor '/home/phr/vscode_project/ros2_launch_testing_ws/install/my_testing/share/my_testing/hook/pythonpath.dsv'
[3.013s] INFO:colcon.colcon_core.shell:Creating environment hook '/home/phr/vscode_project/ros2_launch_testing_ws/install/my_testing/share/my_testing/hook/pythonpath.sh'
[3.013s] Level 1:colcon.colcon_core.environment:checking '/home/phr/vscode_project/ros2_launch_testing_ws/install/my_testing/bin'
[3.013s] Level 1:colcon.colcon_core.environment:create_environment_scripts_only(my_testing)
[3.013s] INFO:colcon.colcon_core.shell:Creating package script '/home/phr/vscode_project/ros2_launch_testing_ws/install/my_testing/share/my_testing/package.ps1'
[3.014s] INFO:colcon.colcon_core.shell:Creating package descriptor '/home/phr/vscode_project/ros2_launch_testing_ws/install/my_testing/share/my_testing/package.dsv'
[3.014s] INFO:colcon.colcon_core.shell:Creating package script '/home/phr/vscode_project/ros2_launch_testing_ws/install/my_testing/share/my_testing/package.sh'
[3.014s] INFO:colcon.colcon_core.shell:Creating package script '/home/phr/vscode_project/ros2_launch_testing_ws/install/my_testing/share/my_testing/package.bash'
[3.014s] INFO:colcon.colcon_core.shell:Creating package script '/home/phr/vscode_project/ros2_launch_testing_ws/install/my_testing/share/my_testing/package.zsh'
[3.014s] Level 1:colcon.colcon_core.environment:create_file_with_runtime_dependencies(/home/phr/vscode_project/ros2_launch_testing_ws/install/my_testing/share/colcon-core/packages/my_testing)
[3.015s] DEBUG:colcon.colcon_parallel_executor.executor.parallel:closing loop
[3.015s] DEBUG:colcon.colcon_parallel_executor.executor.parallel:loop closed
[3.015s] DEBUG:colcon.colcon_parallel_executor.executor.parallel:run_until_complete finished with '0'
[3.015s] DEBUG:colcon.colcon_core.event_reactor:joining thread
[3.018s] INFO:colcon.colcon_core.plugin_system:Skipping extension 'colcon_notification.desktop_notification.terminal_notifier': Not used on non-Darwin systems
[3.018s] INFO:colcon.colcon_core.plugin_system:Skipping extension 'colcon_notification.desktop_notification.win32': Not used on non-Windows systems
[3.018s] INFO:colcon.colcon_notification.desktop_notification:Sending desktop notification using 'notify2'
[3.026s] DEBUG:colcon.colcon_core.event_reactor:joined thread
[3.026s] INFO:colcon.colcon_core.shell:Creating prefix script '/home/phr/vscode_project/ros2_launch_testing_ws/install/local_setup.ps1'
[3.027s] INFO:colcon.colcon_core.shell:Creating prefix util module '/home/phr/vscode_project/ros2_launch_testing_ws/install/_local_setup_util_ps1.py'
[3.028s] INFO:colcon.colcon_core.shell:Creating prefix chain script '/home/phr/vscode_project/ros2_launch_testing_ws/install/setup.ps1'
[3.028s] INFO:colcon.colcon_core.shell:Creating prefix script '/home/phr/vscode_project/ros2_launch_testing_ws/install/local_setup.sh'
[3.029s] INFO:colcon.colcon_core.shell:Creating prefix util module '/home/phr/vscode_project/ros2_launch_testing_ws/install/_local_setup_util_sh.py'
[3.029s] INFO:colcon.colcon_core.shell:Creating prefix chain script '/home/phr/vscode_project/ros2_launch_testing_ws/install/setup.sh'
[3.030s] INFO:colcon.colcon_core.shell:Creating prefix script '/home/phr/vscode_project/ros2_launch_testing_ws/install/local_setup.bash'
[3.030s] INFO:colcon.colcon_core.shell:Creating prefix chain script '/home/phr/vscode_project/ros2_launch_testing_ws/install/setup.bash'
[3.030s] INFO:colcon.colcon_core.shell:Creating prefix script '/home/phr/vscode_project/ros2_launch_testing_ws/install/local_setup.zsh'
[3.031s] INFO:colcon.colcon_core.shell:Creating prefix chain script '/home/phr/vscode_project/ros2_launch_testing_ws/install/setup.zsh'
