[0.007s] Invoking command in '/home/phr/vscode_project/ros2_launch_testing_ws/build/my_interfaces': CMAKE_PREFIX_PATH=${CMAKE_PREFIX_PATH}:/home/phr/vscode_project/ros2_launch_testing_ws/install/my_testing:/home/phr/vscode_project/ros2_launch_testing_ws/install/my_algorithms:/opt/ros/humble /usr/bin/cmake --build /home/phr/vscode_project/ros2_launch_testing_ws/build/my_interfaces -- -j32 -l32
[0.049s] [  2%] Built target my_interfaces__cpp
[0.049s] [ 12%] Built target my_interfaces__rosidl_generator_c
[0.057s] [ 12%] Built target ament_cmake_python_copy_my_interfaces
[0.067s] [ 23%] Built target my_interfaces__rosidl_typesupport_introspection_c
[0.067s] [ 33%] Built target my_interfaces__rosidl_typesupport_c
[0.067s] [ 43%] Built target my_interfaces__rosidl_typesupport_cpp
[0.067s] [ 53%] Built target my_interfaces__rosidl_typesupport_fastrtps_c
[0.068s] [ 64%] Built target my_interfaces__rosidl_typesupport_fastrtps_cpp
[0.068s] [ 74%] Built target my_interfaces__rosidl_typesupport_introspection_cpp
[0.084s] [ 74%] Built target my_interfaces
[0.101s] [ 76%] Built target my_interfaces__py
[0.118s] [ 84%] Built target my_interfaces__rosidl_generator_py
[0.136s] [ 97%] Built target my_interfaces__rosidl_typesupport_fastrtps_c__pyext
[0.137s] [ 97%] Built target my_interfaces__rosidl_typesupport_c__pyext
[0.137s] [100%] Built target my_interfaces__rosidl_typesupport_introspection_c__pyext
[0.209s] running egg_info
[0.210s] writing my_interfaces.egg-info/PKG-INFO
[0.210s] writing dependency_links to my_interfaces.egg-info/dependency_links.txt
[0.210s] writing top-level names to my_interfaces.egg-info/top_level.txt
[0.212s] reading manifest file 'my_interfaces.egg-info/SOURCES.txt'
[0.212s] writing manifest file 'my_interfaces.egg-info/SOURCES.txt'
[0.232s] [100%] Built target ament_cmake_python_build_my_interfaces_egg
[0.242s] Invoked command in '/home/phr/vscode_project/ros2_launch_testing_ws/build/my_interfaces' returned '0': CMAKE_PREFIX_PATH=${CMAKE_PREFIX_PATH}:/home/phr/vscode_project/ros2_launch_testing_ws/install/my_testing:/home/phr/vscode_project/ros2_launch_testing_ws/install/my_algorithms:/opt/ros/humble /usr/bin/cmake --build /home/phr/vscode_project/ros2_launch_testing_ws/build/my_interfaces -- -j32 -l32
[0.251s] Invoking command in '/home/phr/vscode_project/ros2_launch_testing_ws/build/my_interfaces': CMAKE_PREFIX_PATH=${CMAKE_PREFIX_PATH}:/home/phr/vscode_project/ros2_launch_testing_ws/install/my_testing:/home/phr/vscode_project/ros2_launch_testing_ws/install/my_algorithms:/opt/ros/humble /usr/bin/cmake --install /home/phr/vscode_project/ros2_launch_testing_ws/build/my_interfaces
[0.257s] -- Install configuration: ""
[0.257s] -- Up-to-date: /home/phr/vscode_project/ros2_launch_testing_ws/install/my_interfaces/share/ament_index/resource_index/rosidl_interfaces/my_interfaces
[0.257s] -- Up-to-date: /home/phr/vscode_project/ros2_launch_testing_ws/install/my_interfaces/include/my_interfaces/my_interfaces
[0.257s] -- Up-to-date: /home/phr/vscode_project/ros2_launch_testing_ws/install/my_interfaces/include/my_interfaces/my_interfaces/msg
[0.257s] -- Up-to-date: /home/phr/vscode_project/ros2_launch_testing_ws/install/my_interfaces/include/my_interfaces/my_interfaces/msg/detail
[0.258s] -- Up-to-date: /home/phr/vscode_project/ros2_launch_testing_ws/install/my_interfaces/include/my_interfaces/my_interfaces/msg/detail/num__functions.c
[0.258s] -- Up-to-date: /home/phr/vscode_project/ros2_launch_testing_ws/install/my_interfaces/include/my_interfaces/my_interfaces/msg/detail/num__functions.h
[0.258s] -- Up-to-date: /home/phr/vscode_project/ros2_launch_testing_ws/install/my_interfaces/include/my_interfaces/my_interfaces/msg/detail/num__struct.h
[0.258s] -- Up-to-date: /home/phr/vscode_project/ros2_launch_testing_ws/install/my_interfaces/include/my_interfaces/my_interfaces/msg/detail/num__type_support.h
[0.258s] -- Up-to-date: /home/phr/vscode_project/ros2_launch_testing_ws/install/my_interfaces/include/my_interfaces/my_interfaces/msg/num.h
[0.258s] -- Up-to-date: /home/phr/vscode_project/ros2_launch_testing_ws/install/my_interfaces/include/my_interfaces/my_interfaces/msg/rosidl_generator_c__visibility_control.h
[0.258s] -- Up-to-date: /home/phr/vscode_project/ros2_launch_testing_ws/install/my_interfaces/include/my_interfaces/my_interfaces/srv
[0.258s] -- Up-to-date: /home/phr/vscode_project/ros2_launch_testing_ws/install/my_interfaces/include/my_interfaces/my_interfaces/srv/detail
[0.258s] -- Up-to-date: /home/phr/vscode_project/ros2_launch_testing_ws/install/my_interfaces/include/my_interfaces/my_interfaces/srv/detail/process_num__functions.c
[0.258s] -- Up-to-date: /home/phr/vscode_project/ros2_launch_testing_ws/install/my_interfaces/include/my_interfaces/my_interfaces/srv/detail/process_num__functions.h
[0.258s] -- Up-to-date: /home/phr/vscode_project/ros2_launch_testing_ws/install/my_interfaces/include/my_interfaces/my_interfaces/srv/detail/process_num__struct.h
[0.258s] -- Up-to-date: /home/phr/vscode_project/ros2_launch_testing_ws/install/my_interfaces/include/my_interfaces/my_interfaces/srv/detail/process_num__type_support.h
[0.258s] -- Up-to-date: /home/phr/vscode_project/ros2_launch_testing_ws/install/my_interfaces/include/my_interfaces/my_interfaces/srv/process_num.h
[0.258s] -- Up-to-date: /home/phr/vscode_project/ros2_launch_testing_ws/install/my_interfaces/share/my_interfaces/environment/library_path.sh
[0.259s] -- Up-to-date: /home/phr/vscode_project/ros2_launch_testing_ws/install/my_interfaces/share/my_interfaces/environment/library_path.dsv
[0.259s] -- Up-to-date: /home/phr/vscode_project/ros2_launch_testing_ws/install/my_interfaces/lib/libmy_interfaces__rosidl_generator_c.so
[0.259s] -- Up-to-date: /home/phr/vscode_project/ros2_launch_testing_ws/install/my_interfaces/include/my_interfaces/my_interfaces
[0.259s] -- Up-to-date: /home/phr/vscode_project/ros2_launch_testing_ws/install/my_interfaces/include/my_interfaces/my_interfaces/msg
[0.259s] -- Up-to-date: /home/phr/vscode_project/ros2_launch_testing_ws/install/my_interfaces/include/my_interfaces/my_interfaces/msg/detail
[0.259s] -- Up-to-date: /home/phr/vscode_project/ros2_launch_testing_ws/install/my_interfaces/include/my_interfaces/my_interfaces/msg/detail/num__rosidl_typesupport_fastrtps_c.h
[0.259s] -- Up-to-date: /home/phr/vscode_project/ros2_launch_testing_ws/install/my_interfaces/include/my_interfaces/my_interfaces/msg/rosidl_typesupport_fastrtps_c__visibility_control.h
[0.259s] -- Up-to-date: /home/phr/vscode_project/ros2_launch_testing_ws/install/my_interfaces/include/my_interfaces/my_interfaces/srv
[0.259s] -- Up-to-date: /home/phr/vscode_project/ros2_launch_testing_ws/install/my_interfaces/include/my_interfaces/my_interfaces/srv/detail
[0.259s] -- Up-to-date: /home/phr/vscode_project/ros2_launch_testing_ws/install/my_interfaces/include/my_interfaces/my_interfaces/srv/detail/process_num__rosidl_typesupport_fastrtps_c.h
[0.259s] -- Up-to-date: /home/phr/vscode_project/ros2_launch_testing_ws/install/my_interfaces/lib/libmy_interfaces__rosidl_typesupport_fastrtps_c.so
[0.259s] -- Up-to-date: /home/phr/vscode_project/ros2_launch_testing_ws/install/my_interfaces/include/my_interfaces/my_interfaces
[0.259s] -- Up-to-date: /home/phr/vscode_project/ros2_launch_testing_ws/install/my_interfaces/include/my_interfaces/my_interfaces/msg
[0.259s] -- Up-to-date: /home/phr/vscode_project/ros2_launch_testing_ws/install/my_interfaces/include/my_interfaces/my_interfaces/msg/detail
[0.259s] -- Up-to-date: /home/phr/vscode_project/ros2_launch_testing_ws/install/my_interfaces/include/my_interfaces/my_interfaces/msg/detail/num__type_support.c
[0.260s] -- Up-to-date: /home/phr/vscode_project/ros2_launch_testing_ws/install/my_interfaces/include/my_interfaces/my_interfaces/msg/detail/num__rosidl_typesupport_introspection_c.h
[0.260s] -- Up-to-date: /home/phr/vscode_project/ros2_launch_testing_ws/install/my_interfaces/include/my_interfaces/my_interfaces/msg/rosidl_typesupport_introspection_c__visibility_control.h
[0.260s] -- Up-to-date: /home/phr/vscode_project/ros2_launch_testing_ws/install/my_interfaces/include/my_interfaces/my_interfaces/srv
[0.260s] -- Up-to-date: /home/phr/vscode_project/ros2_launch_testing_ws/install/my_interfaces/include/my_interfaces/my_interfaces/srv/detail
[0.260s] -- Up-to-date: /home/phr/vscode_project/ros2_launch_testing_ws/install/my_interfaces/include/my_interfaces/my_interfaces/srv/detail/process_num__rosidl_typesupport_introspection_c.h
[0.260s] -- Up-to-date: /home/phr/vscode_project/ros2_launch_testing_ws/install/my_interfaces/include/my_interfaces/my_interfaces/srv/detail/process_num__type_support.c
[0.260s] -- Up-to-date: /home/phr/vscode_project/ros2_launch_testing_ws/install/my_interfaces/lib/libmy_interfaces__rosidl_typesupport_introspection_c.so
[0.260s] -- Up-to-date: /home/phr/vscode_project/ros2_launch_testing_ws/install/my_interfaces/lib/libmy_interfaces__rosidl_typesupport_c.so
[0.260s] -- Up-to-date: /home/phr/vscode_project/ros2_launch_testing_ws/install/my_interfaces/include/my_interfaces/my_interfaces
[0.260s] -- Up-to-date: /home/phr/vscode_project/ros2_launch_testing_ws/install/my_interfaces/include/my_interfaces/my_interfaces/msg
[0.260s] -- Up-to-date: /home/phr/vscode_project/ros2_launch_testing_ws/install/my_interfaces/include/my_interfaces/my_interfaces/msg/detail
[0.260s] -- Up-to-date: /home/phr/vscode_project/ros2_launch_testing_ws/install/my_interfaces/include/my_interfaces/my_interfaces/msg/detail/num__type_support.hpp
[0.260s] -- Up-to-date: /home/phr/vscode_project/ros2_launch_testing_ws/install/my_interfaces/include/my_interfaces/my_interfaces/msg/detail/num__traits.hpp
[0.260s] -- Up-to-date: /home/phr/vscode_project/ros2_launch_testing_ws/install/my_interfaces/include/my_interfaces/my_interfaces/msg/detail/num__struct.hpp
[0.260s] -- Up-to-date: /home/phr/vscode_project/ros2_launch_testing_ws/install/my_interfaces/include/my_interfaces/my_interfaces/msg/detail/num__builder.hpp
[0.260s] -- Up-to-date: /home/phr/vscode_project/ros2_launch_testing_ws/install/my_interfaces/include/my_interfaces/my_interfaces/msg/rosidl_generator_cpp__visibility_control.hpp
[0.260s] -- Up-to-date: /home/phr/vscode_project/ros2_launch_testing_ws/install/my_interfaces/include/my_interfaces/my_interfaces/msg/num.hpp
[0.260s] -- Up-to-date: /home/phr/vscode_project/ros2_launch_testing_ws/install/my_interfaces/include/my_interfaces/my_interfaces/srv
[0.260s] -- Up-to-date: /home/phr/vscode_project/ros2_launch_testing_ws/install/my_interfaces/include/my_interfaces/my_interfaces/srv/detail
[0.261s] -- Up-to-date: /home/phr/vscode_project/ros2_launch_testing_ws/install/my_interfaces/include/my_interfaces/my_interfaces/srv/detail/process_num__builder.hpp
[0.261s] -- Up-to-date: /home/phr/vscode_project/ros2_launch_testing_ws/install/my_interfaces/include/my_interfaces/my_interfaces/srv/detail/process_num__traits.hpp
[0.261s] -- Up-to-date: /home/phr/vscode_project/ros2_launch_testing_ws/install/my_interfaces/include/my_interfaces/my_interfaces/srv/detail/process_num__struct.hpp
[0.261s] -- Up-to-date: /home/phr/vscode_project/ros2_launch_testing_ws/install/my_interfaces/include/my_interfaces/my_interfaces/srv/detail/process_num__type_support.hpp
[0.261s] -- Up-to-date: /home/phr/vscode_project/ros2_launch_testing_ws/install/my_interfaces/include/my_interfaces/my_interfaces/srv/process_num.hpp
[0.261s] -- Up-to-date: /home/phr/vscode_project/ros2_launch_testing_ws/install/my_interfaces/include/my_interfaces/my_interfaces
[0.261s] -- Up-to-date: /home/phr/vscode_project/ros2_launch_testing_ws/install/my_interfaces/include/my_interfaces/my_interfaces/msg
[0.261s] -- Up-to-date: /home/phr/vscode_project/ros2_launch_testing_ws/install/my_interfaces/include/my_interfaces/my_interfaces/msg/detail
[0.261s] -- Up-to-date: /home/phr/vscode_project/ros2_launch_testing_ws/install/my_interfaces/include/my_interfaces/my_interfaces/msg/detail/dds_fastrtps
[0.261s] -- Up-to-date: /home/phr/vscode_project/ros2_launch_testing_ws/install/my_interfaces/include/my_interfaces/my_interfaces/msg/detail/num__rosidl_typesupport_fastrtps_cpp.hpp
[0.261s] -- Up-to-date: /home/phr/vscode_project/ros2_launch_testing_ws/install/my_interfaces/include/my_interfaces/my_interfaces/msg/rosidl_typesupport_fastrtps_cpp__visibility_control.h
[0.261s] -- Up-to-date: /home/phr/vscode_project/ros2_launch_testing_ws/install/my_interfaces/include/my_interfaces/my_interfaces/srv
[0.261s] -- Up-to-date: /home/phr/vscode_project/ros2_launch_testing_ws/install/my_interfaces/include/my_interfaces/my_interfaces/srv/detail
[0.261s] -- Up-to-date: /home/phr/vscode_project/ros2_launch_testing_ws/install/my_interfaces/include/my_interfaces/my_interfaces/srv/detail/dds_fastrtps
[0.261s] -- Up-to-date: /home/phr/vscode_project/ros2_launch_testing_ws/install/my_interfaces/include/my_interfaces/my_interfaces/srv/detail/process_num__rosidl_typesupport_fastrtps_cpp.hpp
[0.261s] -- Up-to-date: /home/phr/vscode_project/ros2_launch_testing_ws/install/my_interfaces/lib/libmy_interfaces__rosidl_typesupport_fastrtps_cpp.so
[0.261s] -- Up-to-date: /home/phr/vscode_project/ros2_launch_testing_ws/install/my_interfaces/include/my_interfaces/my_interfaces
[0.261s] -- Up-to-date: /home/phr/vscode_project/ros2_launch_testing_ws/install/my_interfaces/include/my_interfaces/my_interfaces/msg
[0.262s] -- Up-to-date: /home/phr/vscode_project/ros2_launch_testing_ws/install/my_interfaces/include/my_interfaces/my_interfaces/msg/detail
[0.262s] -- Up-to-date: /home/phr/vscode_project/ros2_launch_testing_ws/install/my_interfaces/include/my_interfaces/my_interfaces/msg/detail/num__type_support.cpp
[0.262s] -- Up-to-date: /home/phr/vscode_project/ros2_launch_testing_ws/install/my_interfaces/include/my_interfaces/my_interfaces/msg/detail/num__rosidl_typesupport_introspection_cpp.hpp
[0.262s] -- Up-to-date: /home/phr/vscode_project/ros2_launch_testing_ws/install/my_interfaces/include/my_interfaces/my_interfaces/srv
[0.262s] -- Up-to-date: /home/phr/vscode_project/ros2_launch_testing_ws/install/my_interfaces/include/my_interfaces/my_interfaces/srv/detail
[0.262s] -- Up-to-date: /home/phr/vscode_project/ros2_launch_testing_ws/install/my_interfaces/include/my_interfaces/my_interfaces/srv/detail/process_num__rosidl_typesupport_introspection_cpp.hpp
[0.262s] -- Up-to-date: /home/phr/vscode_project/ros2_launch_testing_ws/install/my_interfaces/include/my_interfaces/my_interfaces/srv/detail/process_num__type_support.cpp
[0.262s] -- Up-to-date: /home/phr/vscode_project/ros2_launch_testing_ws/install/my_interfaces/lib/libmy_interfaces__rosidl_typesupport_introspection_cpp.so
[0.262s] -- Up-to-date: /home/phr/vscode_project/ros2_launch_testing_ws/install/my_interfaces/lib/libmy_interfaces__rosidl_typesupport_cpp.so
[0.262s] -- Up-to-date: /home/phr/vscode_project/ros2_launch_testing_ws/install/my_interfaces/share/my_interfaces/environment/pythonpath.sh
[0.262s] -- Up-to-date: /home/phr/vscode_project/ros2_launch_testing_ws/install/my_interfaces/share/my_interfaces/environment/pythonpath.dsv
[0.262s] -- Up-to-date: /home/phr/vscode_project/ros2_launch_testing_ws/install/my_interfaces/local/lib/python3.10/dist-packages/my_interfaces-0.0.0-py3.10.egg-info
[0.262s] -- Installing: /home/phr/vscode_project/ros2_launch_testing_ws/install/my_interfaces/local/lib/python3.10/dist-packages/my_interfaces-0.0.0-py3.10.egg-info/PKG-INFO
[0.262s] -- Installing: /home/phr/vscode_project/ros2_launch_testing_ws/install/my_interfaces/local/lib/python3.10/dist-packages/my_interfaces-0.0.0-py3.10.egg-info/SOURCES.txt
[0.262s] -- Installing: /home/phr/vscode_project/ros2_launch_testing_ws/install/my_interfaces/local/lib/python3.10/dist-packages/my_interfaces-0.0.0-py3.10.egg-info/top_level.txt
[0.262s] -- Installing: /home/phr/vscode_project/ros2_launch_testing_ws/install/my_interfaces/local/lib/python3.10/dist-packages/my_interfaces-0.0.0-py3.10.egg-info/dependency_links.txt
[0.262s] -- Up-to-date: /home/phr/vscode_project/ros2_launch_testing_ws/install/my_interfaces/local/lib/python3.10/dist-packages/my_interfaces
[0.262s] -- Up-to-date: /home/phr/vscode_project/ros2_launch_testing_ws/install/my_interfaces/local/lib/python3.10/dist-packages/my_interfaces/_my_interfaces_s.ep.rosidl_typesupport_introspection_c.c
[0.262s] -- Up-to-date: /home/phr/vscode_project/ros2_launch_testing_ws/install/my_interfaces/local/lib/python3.10/dist-packages/my_interfaces/_my_interfaces_s.ep.rosidl_typesupport_fastrtps_c.c
[0.262s] -- Up-to-date: /home/phr/vscode_project/ros2_launch_testing_ws/install/my_interfaces/local/lib/python3.10/dist-packages/my_interfaces/__init__.py
[0.262s] -- Up-to-date: /home/phr/vscode_project/ros2_launch_testing_ws/install/my_interfaces/local/lib/python3.10/dist-packages/my_interfaces/msg
[0.262s] -- Up-to-date: /home/phr/vscode_project/ros2_launch_testing_ws/install/my_interfaces/local/lib/python3.10/dist-packages/my_interfaces/msg/_num.py
[0.262s] -- Up-to-date: /home/phr/vscode_project/ros2_launch_testing_ws/install/my_interfaces/local/lib/python3.10/dist-packages/my_interfaces/msg/__init__.py
[0.262s] -- Up-to-date: /home/phr/vscode_project/ros2_launch_testing_ws/install/my_interfaces/local/lib/python3.10/dist-packages/my_interfaces/msg/_num_s.c
[0.262s] -- Up-to-date: /home/phr/vscode_project/ros2_launch_testing_ws/install/my_interfaces/local/lib/python3.10/dist-packages/my_interfaces/_my_interfaces_s.ep.rosidl_typesupport_c.c
[0.263s] -- Up-to-date: /home/phr/vscode_project/ros2_launch_testing_ws/install/my_interfaces/local/lib/python3.10/dist-packages/my_interfaces/my_interfaces_s__rosidl_typesupport_c.cpython-310-x86_64-linux-gnu.so
[0.263s] -- Up-to-date: /home/phr/vscode_project/ros2_launch_testing_ws/install/my_interfaces/local/lib/python3.10/dist-packages/my_interfaces/srv
[0.263s] -- Up-to-date: /home/phr/vscode_project/ros2_launch_testing_ws/install/my_interfaces/local/lib/python3.10/dist-packages/my_interfaces/srv/_process_num_s.c
[0.263s] -- Up-to-date: /home/phr/vscode_project/ros2_launch_testing_ws/install/my_interfaces/local/lib/python3.10/dist-packages/my_interfaces/srv/__init__.py
[0.263s] -- Up-to-date: /home/phr/vscode_project/ros2_launch_testing_ws/install/my_interfaces/local/lib/python3.10/dist-packages/my_interfaces/srv/_process_num.py
[0.263s] -- Up-to-date: /home/phr/vscode_project/ros2_launch_testing_ws/install/my_interfaces/local/lib/python3.10/dist-packages/my_interfaces/my_interfaces_s__rosidl_typesupport_fastrtps_c.cpython-310-x86_64-linux-gnu.so
[0.263s] -- Up-to-date: /home/phr/vscode_project/ros2_launch_testing_ws/install/my_interfaces/local/lib/python3.10/dist-packages/my_interfaces/my_interfaces_s__rosidl_typesupport_introspection_c.cpython-310-x86_64-linux-gnu.so
[0.263s] -- Up-to-date: /home/phr/vscode_project/ros2_launch_testing_ws/install/my_interfaces/local/lib/python3.10/dist-packages/my_interfaces/libmy_interfaces__rosidl_generator_py.so
[0.286s] Listing '/home/phr/vscode_project/ros2_launch_testing_ws/install/my_interfaces/local/lib/python3.10/dist-packages/my_interfaces'...
[0.286s] Listing '/home/phr/vscode_project/ros2_launch_testing_ws/install/my_interfaces/local/lib/python3.10/dist-packages/my_interfaces/msg'...
[0.286s] Listing '/home/phr/vscode_project/ros2_launch_testing_ws/install/my_interfaces/local/lib/python3.10/dist-packages/my_interfaces/srv'...
[0.289s] -- Up-to-date: /home/phr/vscode_project/ros2_launch_testing_ws/install/my_interfaces/local/lib/python3.10/dist-packages/my_interfaces/my_interfaces_s__rosidl_typesupport_fastrtps_c.cpython-310-x86_64-linux-gnu.so
[0.290s] -- Up-to-date: /home/phr/vscode_project/ros2_launch_testing_ws/install/my_interfaces/local/lib/python3.10/dist-packages/my_interfaces/my_interfaces_s__rosidl_typesupport_introspection_c.cpython-310-x86_64-linux-gnu.so
[0.290s] -- Up-to-date: /home/phr/vscode_project/ros2_launch_testing_ws/install/my_interfaces/local/lib/python3.10/dist-packages/my_interfaces/my_interfaces_s__rosidl_typesupport_c.cpython-310-x86_64-linux-gnu.so
[0.290s] -- Up-to-date: /home/phr/vscode_project/ros2_launch_testing_ws/install/my_interfaces/lib/libmy_interfaces__rosidl_generator_py.so
[0.290s] -- Up-to-date: /home/phr/vscode_project/ros2_launch_testing_ws/install/my_interfaces/share/my_interfaces/msg/Num.idl
[0.290s] -- Up-to-date: /home/phr/vscode_project/ros2_launch_testing_ws/install/my_interfaces/share/my_interfaces/srv/ProcessNum.idl
[0.290s] -- Up-to-date: /home/phr/vscode_project/ros2_launch_testing_ws/install/my_interfaces/share/my_interfaces/msg/Num.msg
[0.290s] -- Up-to-date: /home/phr/vscode_project/ros2_launch_testing_ws/install/my_interfaces/share/my_interfaces/srv/ProcessNum.srv
[0.291s] -- Up-to-date: /home/phr/vscode_project/ros2_launch_testing_ws/install/my_interfaces/share/my_interfaces/srv/ProcessNum_Request.msg
[0.291s] -- Up-to-date: /home/phr/vscode_project/ros2_launch_testing_ws/install/my_interfaces/share/my_interfaces/srv/ProcessNum_Response.msg
[0.291s] -- Up-to-date: /home/phr/vscode_project/ros2_launch_testing_ws/install/my_interfaces/share/ament_index/resource_index/package_run_dependencies/my_interfaces
[0.291s] -- Up-to-date: /home/phr/vscode_project/ros2_launch_testing_ws/install/my_interfaces/share/ament_index/resource_index/parent_prefix_path/my_interfaces
[0.291s] -- Up-to-date: /home/phr/vscode_project/ros2_launch_testing_ws/install/my_interfaces/share/my_interfaces/environment/ament_prefix_path.sh
[0.291s] -- Up-to-date: /home/phr/vscode_project/ros2_launch_testing_ws/install/my_interfaces/share/my_interfaces/environment/ament_prefix_path.dsv
[0.291s] -- Up-to-date: /home/phr/vscode_project/ros2_launch_testing_ws/install/my_interfaces/share/my_interfaces/environment/path.sh
[0.291s] -- Up-to-date: /home/phr/vscode_project/ros2_launch_testing_ws/install/my_interfaces/share/my_interfaces/environment/path.dsv
[0.291s] -- Up-to-date: /home/phr/vscode_project/ros2_launch_testing_ws/install/my_interfaces/share/my_interfaces/local_setup.bash
[0.291s] -- Up-to-date: /home/phr/vscode_project/ros2_launch_testing_ws/install/my_interfaces/share/my_interfaces/local_setup.sh
[0.291s] -- Up-to-date: /home/phr/vscode_project/ros2_launch_testing_ws/install/my_interfaces/share/my_interfaces/local_setup.zsh
[0.291s] -- Up-to-date: /home/phr/vscode_project/ros2_launch_testing_ws/install/my_interfaces/share/my_interfaces/local_setup.dsv
[0.291s] -- Installing: /home/phr/vscode_project/ros2_launch_testing_ws/install/my_interfaces/share/my_interfaces/package.dsv
[0.291s] -- Up-to-date: /home/phr/vscode_project/ros2_launch_testing_ws/install/my_interfaces/share/ament_index/resource_index/packages/my_interfaces
[0.291s] -- Up-to-date: /home/phr/vscode_project/ros2_launch_testing_ws/install/my_interfaces/share/my_interfaces/cmake/export_my_interfaces__rosidl_generator_cExport.cmake
[0.291s] -- Up-to-date: /home/phr/vscode_project/ros2_launch_testing_ws/install/my_interfaces/share/my_interfaces/cmake/export_my_interfaces__rosidl_generator_cExport-noconfig.cmake
[0.291s] -- Up-to-date: /home/phr/vscode_project/ros2_launch_testing_ws/install/my_interfaces/share/my_interfaces/cmake/export_my_interfaces__rosidl_typesupport_fastrtps_cExport.cmake
[0.291s] -- Up-to-date: /home/phr/vscode_project/ros2_launch_testing_ws/install/my_interfaces/share/my_interfaces/cmake/export_my_interfaces__rosidl_typesupport_fastrtps_cExport-noconfig.cmake
[0.292s] -- Up-to-date: /home/phr/vscode_project/ros2_launch_testing_ws/install/my_interfaces/share/my_interfaces/cmake/my_interfaces__rosidl_typesupport_introspection_cExport.cmake
[0.292s] -- Up-to-date: /home/phr/vscode_project/ros2_launch_testing_ws/install/my_interfaces/share/my_interfaces/cmake/my_interfaces__rosidl_typesupport_introspection_cExport-noconfig.cmake
[0.292s] -- Up-to-date: /home/phr/vscode_project/ros2_launch_testing_ws/install/my_interfaces/share/my_interfaces/cmake/my_interfaces__rosidl_typesupport_cExport.cmake
[0.292s] -- Up-to-date: /home/phr/vscode_project/ros2_launch_testing_ws/install/my_interfaces/share/my_interfaces/cmake/my_interfaces__rosidl_typesupport_cExport-noconfig.cmake
[0.292s] -- Up-to-date: /home/phr/vscode_project/ros2_launch_testing_ws/install/my_interfaces/share/my_interfaces/cmake/export_my_interfaces__rosidl_generator_cppExport.cmake
[0.292s] -- Up-to-date: /home/phr/vscode_project/ros2_launch_testing_ws/install/my_interfaces/share/my_interfaces/cmake/export_my_interfaces__rosidl_typesupport_fastrtps_cppExport.cmake
[0.292s] -- Up-to-date: /home/phr/vscode_project/ros2_launch_testing_ws/install/my_interfaces/share/my_interfaces/cmake/export_my_interfaces__rosidl_typesupport_fastrtps_cppExport-noconfig.cmake
[0.292s] -- Up-to-date: /home/phr/vscode_project/ros2_launch_testing_ws/install/my_interfaces/share/my_interfaces/cmake/my_interfaces__rosidl_typesupport_introspection_cppExport.cmake
[0.292s] -- Up-to-date: /home/phr/vscode_project/ros2_launch_testing_ws/install/my_interfaces/share/my_interfaces/cmake/my_interfaces__rosidl_typesupport_introspection_cppExport-noconfig.cmake
[0.292s] -- Up-to-date: /home/phr/vscode_project/ros2_launch_testing_ws/install/my_interfaces/share/my_interfaces/cmake/my_interfaces__rosidl_typesupport_cppExport.cmake
[0.292s] -- Up-to-date: /home/phr/vscode_project/ros2_launch_testing_ws/install/my_interfaces/share/my_interfaces/cmake/my_interfaces__rosidl_typesupport_cppExport-noconfig.cmake
[0.292s] -- Up-to-date: /home/phr/vscode_project/ros2_launch_testing_ws/install/my_interfaces/share/my_interfaces/cmake/export_my_interfaces__rosidl_generator_pyExport.cmake
[0.292s] -- Up-to-date: /home/phr/vscode_project/ros2_launch_testing_ws/install/my_interfaces/share/my_interfaces/cmake/export_my_interfaces__rosidl_generator_pyExport-noconfig.cmake
[0.292s] -- Up-to-date: /home/phr/vscode_project/ros2_launch_testing_ws/install/my_interfaces/share/my_interfaces/cmake/rosidl_cmake-extras.cmake
[0.292s] -- Up-to-date: /home/phr/vscode_project/ros2_launch_testing_ws/install/my_interfaces/share/my_interfaces/cmake/ament_cmake_export_include_directories-extras.cmake
[0.292s] -- Up-to-date: /home/phr/vscode_project/ros2_launch_testing_ws/install/my_interfaces/share/my_interfaces/cmake/ament_cmake_export_libraries-extras.cmake
[0.292s] -- Up-to-date: /home/phr/vscode_project/ros2_launch_testing_ws/install/my_interfaces/share/my_interfaces/cmake/ament_cmake_export_targets-extras.cmake
[0.292s] -- Up-to-date: /home/phr/vscode_project/ros2_launch_testing_ws/install/my_interfaces/share/my_interfaces/cmake/rosidl_cmake_export_typesupport_targets-extras.cmake
[0.293s] -- Up-to-date: /home/phr/vscode_project/ros2_launch_testing_ws/install/my_interfaces/share/my_interfaces/cmake/ament_cmake_export_dependencies-extras.cmake
[0.293s] -- Up-to-date: /home/phr/vscode_project/ros2_launch_testing_ws/install/my_interfaces/share/my_interfaces/cmake/rosidl_cmake_export_typesupport_libraries-extras.cmake
[0.293s] -- Up-to-date: /home/phr/vscode_project/ros2_launch_testing_ws/install/my_interfaces/share/my_interfaces/cmake/my_interfacesConfig.cmake
[0.293s] -- Up-to-date: /home/phr/vscode_project/ros2_launch_testing_ws/install/my_interfaces/share/my_interfaces/cmake/my_interfacesConfig-version.cmake
[0.293s] -- Up-to-date: /home/phr/vscode_project/ros2_launch_testing_ws/install/my_interfaces/share/my_interfaces/package.xml
[0.295s] Invoked command in '/home/phr/vscode_project/ros2_launch_testing_ws/build/my_interfaces' returned '0': CMAKE_PREFIX_PATH=${CMAKE_PREFIX_PATH}:/home/phr/vscode_project/ros2_launch_testing_ws/install/my_testing:/home/phr/vscode_project/ros2_launch_testing_ws/install/my_algorithms:/opt/ros/humble /usr/bin/cmake --install /home/phr/vscode_project/ros2_launch_testing_ws/build/my_interfaces
