[0.066s] DEBUG:colcon:Command line arguments: ['/usr/bin/colcon', 'build']
[0.066s] DEBUG:colcon:Parsed command line arguments: Namespace(log_base=None, log_level=None, verb_name='build', build_base='build', install_base='install', merge_install=False, symlink_install=False, test_result_base=None, continue_on_error=False, executor='parallel', parallel_workers=32, event_handlers=None, ignore_user_meta=False, metas=['./colcon.meta'], base_paths=['.'], packages_ignore=None, packages_ignore_regex=None, paths=None, packages_up_to=None, packages_up_to_regex=None, packages_above=None, packages_above_and_dependencies=None, packages_above_depth=None, packages_select_by_dep=None, packages_skip_by_dep=None, packages_skip_up_to=None, packages_select_build_failed=False, packages_skip_build_finished=False, packages_select_test_failures=False, packages_skip_test_passed=False, packages_select=None, packages_skip=None, packages_select_regex=None, packages_skip_regex=None, packages_start=None, packages_end=None, allow_overriding=[], cmake_args=None, cmake_target=None, cmake_target_skip_unavailable=False, cmake_clean_cache=False, cmake_clean_first=False, cmake_force_configure=False, ament_cmake_args=None, catkin_cmake_args=None, catkin_skip_building_tests=False, verb_parser=<colcon_defaults.argument_parser.defaults.DefaultArgumentsDecorator object at 0x77a70ae1f520>, verb_extension=<colcon_core.verb.build.BuildVerb object at 0x77a70ae1f010>, main=<bound method BuildVerb.main of <colcon_core.verb.build.BuildVerb object at 0x77a70ae1f010>>)
[0.159s] Level 1:colcon.colcon_core.package_discovery:discover_packages(colcon_meta) check parameters
[0.159s] Level 1:colcon.colcon_core.package_discovery:discover_packages(recursive) check parameters
[0.159s] Level 1:colcon.colcon_core.package_discovery:discover_packages(ignore) check parameters
[0.159s] Level 1:colcon.colcon_core.package_discovery:discover_packages(path) check parameters
[0.159s] Level 1:colcon.colcon_core.package_discovery:discover_packages(colcon_meta) discover
[0.159s] Level 1:colcon.colcon_core.package_discovery:discover_packages(recursive) discover
[0.159s] INFO:colcon.colcon_core.package_discovery:Crawling recursively for packages in '/home/phr/vscode_project/ros2_launch_testing_ws'
[0.160s] Level 1:colcon.colcon_core.package_identification:_identify(.) by extensions ['ignore', 'ignore_ament_install']
[0.160s] Level 1:colcon.colcon_core.package_identification:_identify(.) by extension 'ignore'
[0.160s] Level 1:colcon.colcon_core.package_identification:_identify(.) by extension 'ignore_ament_install'
[0.160s] Level 1:colcon.colcon_core.package_identification:_identify(.) by extensions ['colcon_pkg']
[0.160s] Level 1:colcon.colcon_core.package_identification:_identify(.) by extension 'colcon_pkg'
[0.160s] Level 1:colcon.colcon_core.package_identification:_identify(.) by extensions ['colcon_meta']
[0.160s] Level 1:colcon.colcon_core.package_identification:_identify(.) by extension 'colcon_meta'
[0.160s] Level 1:colcon.colcon_core.package_identification:_identify(.) by extensions ['ros']
[0.160s] Level 1:colcon.colcon_core.package_identification:_identify(.) by extension 'ros'
[0.167s] Level 1:colcon.colcon_core.package_identification:_identify(.) by extensions ['cmake', 'python']
[0.167s] Level 1:colcon.colcon_core.package_identification:_identify(.) by extension 'cmake'
[0.167s] Level 1:colcon.colcon_core.package_identification:_identify(.) by extension 'python'
[0.167s] Level 1:colcon.colcon_core.package_identification:_identify(.) by extensions ['python_setup_py']
[0.167s] Level 1:colcon.colcon_core.package_identification:_identify(.) by extension 'python_setup_py'
[0.168s] Level 1:colcon.colcon_core.package_identification:_identify(build) by extensions ['ignore', 'ignore_ament_install']
[0.168s] Level 1:colcon.colcon_core.package_identification:_identify(build) by extension 'ignore'
[0.168s] Level 1:colcon.colcon_core.package_identification:_identify(build) ignored
[0.168s] Level 1:colcon.colcon_core.package_identification:_identify(install) by extensions ['ignore', 'ignore_ament_install']
[0.168s] Level 1:colcon.colcon_core.package_identification:_identify(install) by extension 'ignore'
[0.168s] Level 1:colcon.colcon_core.package_identification:_identify(install) ignored
[0.168s] Level 1:colcon.colcon_core.package_identification:_identify(log) by extensions ['ignore', 'ignore_ament_install']
[0.168s] Level 1:colcon.colcon_core.package_identification:_identify(log) by extension 'ignore'
[0.168s] Level 1:colcon.colcon_core.package_identification:_identify(log) ignored
[0.168s] Level 1:colcon.colcon_core.package_identification:_identify(src) by extensions ['ignore', 'ignore_ament_install']
[0.168s] Level 1:colcon.colcon_core.package_identification:_identify(src) by extension 'ignore'
[0.168s] Level 1:colcon.colcon_core.package_identification:_identify(src) by extension 'ignore_ament_install'
[0.168s] Level 1:colcon.colcon_core.package_identification:_identify(src) by extensions ['colcon_pkg']
[0.168s] Level 1:colcon.colcon_core.package_identification:_identify(src) by extension 'colcon_pkg'
[0.168s] Level 1:colcon.colcon_core.package_identification:_identify(src) by extensions ['colcon_meta']
[0.168s] Level 1:colcon.colcon_core.package_identification:_identify(src) by extension 'colcon_meta'
[0.168s] Level 1:colcon.colcon_core.package_identification:_identify(src) by extensions ['ros']
[0.168s] Level 1:colcon.colcon_core.package_identification:_identify(src) by extension 'ros'
[0.168s] Level 1:colcon.colcon_core.package_identification:_identify(src) by extensions ['cmake', 'python']
[0.168s] Level 1:colcon.colcon_core.package_identification:_identify(src) by extension 'cmake'
[0.168s] Level 1:colcon.colcon_core.package_identification:_identify(src) by extension 'python'
[0.168s] Level 1:colcon.colcon_core.package_identification:_identify(src) by extensions ['python_setup_py']
[0.168s] Level 1:colcon.colcon_core.package_identification:_identify(src) by extension 'python_setup_py'
[0.168s] Level 1:colcon.colcon_core.package_identification:_identify(src/my_algorithms) by extensions ['ignore', 'ignore_ament_install']
[0.169s] Level 1:colcon.colcon_core.package_identification:_identify(src/my_algorithms) by extension 'ignore'
[0.169s] Level 1:colcon.colcon_core.package_identification:_identify(src/my_algorithms) by extension 'ignore_ament_install'
[0.169s] Level 1:colcon.colcon_core.package_identification:_identify(src/my_algorithms) by extensions ['colcon_pkg']
[0.169s] Level 1:colcon.colcon_core.package_identification:_identify(src/my_algorithms) by extension 'colcon_pkg'
[0.169s] Level 1:colcon.colcon_core.package_identification:_identify(src/my_algorithms) by extensions ['colcon_meta']
[0.169s] Level 1:colcon.colcon_core.package_identification:_identify(src/my_algorithms) by extension 'colcon_meta'
[0.169s] Level 1:colcon.colcon_core.package_identification:_identify(src/my_algorithms) by extensions ['ros']
[0.169s] Level 1:colcon.colcon_core.package_identification:_identify(src/my_algorithms) by extension 'ros'
[0.170s] DEBUG:colcon.colcon_core.package_identification:Package 'src/my_algorithms' with type 'ros.ament_python' and name 'my_algorithms'
[0.170s] Level 1:colcon.colcon_core.package_identification:_identify(src/my_interfaces) by extensions ['ignore', 'ignore_ament_install']
[0.170s] Level 1:colcon.colcon_core.package_identification:_identify(src/my_interfaces) by extension 'ignore'
[0.170s] Level 1:colcon.colcon_core.package_identification:_identify(src/my_interfaces) by extension 'ignore_ament_install'
[0.171s] Level 1:colcon.colcon_core.package_identification:_identify(src/my_interfaces) by extensions ['colcon_pkg']
[0.171s] Level 1:colcon.colcon_core.package_identification:_identify(src/my_interfaces) by extension 'colcon_pkg'
[0.171s] Level 1:colcon.colcon_core.package_identification:_identify(src/my_interfaces) by extensions ['colcon_meta']
[0.171s] Level 1:colcon.colcon_core.package_identification:_identify(src/my_interfaces) by extension 'colcon_meta'
[0.171s] Level 1:colcon.colcon_core.package_identification:_identify(src/my_interfaces) by extensions ['ros']
[0.171s] Level 1:colcon.colcon_core.package_identification:_identify(src/my_interfaces) by extension 'ros'
[0.171s] DEBUG:colcon.colcon_core.package_identification:Package 'src/my_interfaces' with type 'ros.ament_cmake' and name 'my_interfaces'
[0.171s] Level 1:colcon.colcon_core.package_identification:_identify(src/my_testing) by extensions ['ignore', 'ignore_ament_install']
[0.171s] Level 1:colcon.colcon_core.package_identification:_identify(src/my_testing) by extension 'ignore'
[0.171s] Level 1:colcon.colcon_core.package_identification:_identify(src/my_testing) by extension 'ignore_ament_install'
[0.171s] Level 1:colcon.colcon_core.package_identification:_identify(src/my_testing) by extensions ['colcon_pkg']
[0.171s] Level 1:colcon.colcon_core.package_identification:_identify(src/my_testing) by extension 'colcon_pkg'
[0.171s] Level 1:colcon.colcon_core.package_identification:_identify(src/my_testing) by extensions ['colcon_meta']
[0.171s] Level 1:colcon.colcon_core.package_identification:_identify(src/my_testing) by extension 'colcon_meta'
[0.171s] Level 1:colcon.colcon_core.package_identification:_identify(src/my_testing) by extensions ['ros']
[0.171s] Level 1:colcon.colcon_core.package_identification:_identify(src/my_testing) by extension 'ros'
[0.172s] DEBUG:colcon.colcon_core.package_identification:Package 'src/my_testing' with type 'ros.ament_python' and name 'my_testing'
[0.172s] Level 1:colcon.colcon_core.package_discovery:discover_packages(recursive) using defaults
[0.172s] Level 1:colcon.colcon_core.package_discovery:discover_packages(ignore) discover
[0.172s] Level 1:colcon.colcon_core.package_discovery:discover_packages(ignore) using defaults
[0.172s] Level 1:colcon.colcon_core.package_discovery:discover_packages(path) discover
[0.172s] Level 1:colcon.colcon_core.package_discovery:discover_packages(path) using defaults
[0.184s] Level 1:colcon.colcon_core.package_discovery:discover_packages(prefix_path) check parameters
[0.184s] Level 1:colcon.colcon_core.package_discovery:discover_packages(prefix_path) discover
[0.186s] DEBUG:colcon.colcon_installed_package_information.package_discovery:Found 272 installed packages in /opt/ros/humble
[0.188s] Level 1:colcon.colcon_core.package_discovery:discover_packages(prefix_path) using defaults
[0.216s] Level 5:colcon.colcon_core.verb:set package 'my_interfaces' build argument 'cmake_args' from command line to 'None'
[0.216s] Level 5:colcon.colcon_core.verb:set package 'my_interfaces' build argument 'cmake_target' from command line to 'None'
[0.216s] Level 5:colcon.colcon_core.verb:set package 'my_interfaces' build argument 'cmake_target_skip_unavailable' from command line to 'False'
[0.216s] Level 5:colcon.colcon_core.verb:set package 'my_interfaces' build argument 'cmake_clean_cache' from command line to 'False'
[0.216s] Level 5:colcon.colcon_core.verb:set package 'my_interfaces' build argument 'cmake_clean_first' from command line to 'False'
[0.216s] Level 5:colcon.colcon_core.verb:set package 'my_interfaces' build argument 'cmake_force_configure' from command line to 'False'
[0.217s] Level 5:colcon.colcon_core.verb:set package 'my_interfaces' build argument 'ament_cmake_args' from command line to 'None'
[0.217s] Level 5:colcon.colcon_core.verb:set package 'my_interfaces' build argument 'catkin_cmake_args' from command line to 'None'
[0.217s] Level 5:colcon.colcon_core.verb:set package 'my_interfaces' build argument 'catkin_skip_building_tests' from command line to 'False'
[0.217s] DEBUG:colcon.colcon_core.verb:Building package 'my_interfaces' with the following arguments: {'ament_cmake_args': None, 'build_base': '/home/phr/vscode_project/ros2_launch_testing_ws/build/my_interfaces', 'catkin_cmake_args': None, 'catkin_skip_building_tests': False, 'cmake_args': None, 'cmake_clean_cache': False, 'cmake_clean_first': False, 'cmake_force_configure': False, 'cmake_target': None, 'cmake_target_skip_unavailable': False, 'install_base': '/home/phr/vscode_project/ros2_launch_testing_ws/install/my_interfaces', 'merge_install': False, 'path': '/home/phr/vscode_project/ros2_launch_testing_ws/src/my_interfaces', 'symlink_install': False, 'test_result_base': None}
[0.217s] Level 5:colcon.colcon_core.verb:set package 'my_algorithms' build argument 'cmake_args' from command line to 'None'
[0.217s] Level 5:colcon.colcon_core.verb:set package 'my_algorithms' build argument 'cmake_target' from command line to 'None'
[0.217s] Level 5:colcon.colcon_core.verb:set package 'my_algorithms' build argument 'cmake_target_skip_unavailable' from command line to 'False'
[0.217s] Level 5:colcon.colcon_core.verb:set package 'my_algorithms' build argument 'cmake_clean_cache' from command line to 'False'
[0.217s] Level 5:colcon.colcon_core.verb:set package 'my_algorithms' build argument 'cmake_clean_first' from command line to 'False'
[0.217s] Level 5:colcon.colcon_core.verb:set package 'my_algorithms' build argument 'cmake_force_configure' from command line to 'False'
[0.217s] Level 5:colcon.colcon_core.verb:set package 'my_algorithms' build argument 'ament_cmake_args' from command line to 'None'
[0.217s] Level 5:colcon.colcon_core.verb:set package 'my_algorithms' build argument 'catkin_cmake_args' from command line to 'None'
[0.217s] Level 5:colcon.colcon_core.verb:set package 'my_algorithms' build argument 'catkin_skip_building_tests' from command line to 'False'
[0.217s] DEBUG:colcon.colcon_core.verb:Building package 'my_algorithms' with the following arguments: {'ament_cmake_args': None, 'build_base': '/home/phr/vscode_project/ros2_launch_testing_ws/build/my_algorithms', 'catkin_cmake_args': None, 'catkin_skip_building_tests': False, 'cmake_args': None, 'cmake_clean_cache': False, 'cmake_clean_first': False, 'cmake_force_configure': False, 'cmake_target': None, 'cmake_target_skip_unavailable': False, 'install_base': '/home/phr/vscode_project/ros2_launch_testing_ws/install/my_algorithms', 'merge_install': False, 'path': '/home/phr/vscode_project/ros2_launch_testing_ws/src/my_algorithms', 'symlink_install': False, 'test_result_base': None}
[0.217s] Level 5:colcon.colcon_core.verb:set package 'my_testing' build argument 'cmake_args' from command line to 'None'
[0.217s] Level 5:colcon.colcon_core.verb:set package 'my_testing' build argument 'cmake_target' from command line to 'None'
[0.217s] Level 5:colcon.colcon_core.verb:set package 'my_testing' build argument 'cmake_target_skip_unavailable' from command line to 'False'
[0.217s] Level 5:colcon.colcon_core.verb:set package 'my_testing' build argument 'cmake_clean_cache' from command line to 'False'
[0.217s] Level 5:colcon.colcon_core.verb:set package 'my_testing' build argument 'cmake_clean_first' from command line to 'False'
[0.217s] Level 5:colcon.colcon_core.verb:set package 'my_testing' build argument 'cmake_force_configure' from command line to 'False'
[0.217s] Level 5:colcon.colcon_core.verb:set package 'my_testing' build argument 'ament_cmake_args' from command line to 'None'
[0.217s] Level 5:colcon.colcon_core.verb:set package 'my_testing' build argument 'catkin_cmake_args' from command line to 'None'
[0.217s] Level 5:colcon.colcon_core.verb:set package 'my_testing' build argument 'catkin_skip_building_tests' from command line to 'False'
[0.217s] DEBUG:colcon.colcon_core.verb:Building package 'my_testing' with the following arguments: {'ament_cmake_args': None, 'build_base': '/home/phr/vscode_project/ros2_launch_testing_ws/build/my_testing', 'catkin_cmake_args': None, 'catkin_skip_building_tests': False, 'cmake_args': None, 'cmake_clean_cache': False, 'cmake_clean_first': False, 'cmake_force_configure': False, 'cmake_target': None, 'cmake_target_skip_unavailable': False, 'install_base': '/home/phr/vscode_project/ros2_launch_testing_ws/install/my_testing', 'merge_install': False, 'path': '/home/phr/vscode_project/ros2_launch_testing_ws/src/my_testing', 'symlink_install': False, 'test_result_base': None}
[0.217s] INFO:colcon.colcon_core.executor:Executing jobs using 'parallel' executor
[0.218s] DEBUG:colcon.colcon_parallel_executor.executor.parallel:run_until_complete
[0.218s] INFO:colcon.colcon_ros.task.ament_cmake.build:Building ROS package in '/home/phr/vscode_project/ros2_launch_testing_ws/src/my_interfaces' with build type 'ament_cmake'
[0.218s] INFO:colcon.colcon_cmake.task.cmake.build:Building CMake package in '/home/phr/vscode_project/ros2_launch_testing_ws/src/my_interfaces'
[0.220s] INFO:colcon.colcon_core.plugin_system:Skipping extension 'colcon_core.shell.bat': Not used on non-Windows systems
[0.220s] INFO:colcon.colcon_core.shell:Skip shell extension 'powershell' for command environment: Not usable outside of PowerShell
[0.220s] DEBUG:colcon.colcon_core.shell:Skip shell extension 'dsv' for command environment
[0.227s] DEBUG:colcon.colcon_core.event_handler.log_command:Invoking command in '/home/phr/vscode_project/ros2_launch_testing_ws/build/my_interfaces': CMAKE_PREFIX_PATH=/opt/ros/humble /usr/bin/cmake --build /home/phr/vscode_project/ros2_launch_testing_ws/build/my_interfaces -- -j32 -l32
[0.449s] DEBUG:colcon.colcon_core.event_handler.log_command:Invoked command in '/home/phr/vscode_project/ros2_launch_testing_ws/build/my_interfaces' returned '0': CMAKE_PREFIX_PATH=/opt/ros/humble /usr/bin/cmake --build /home/phr/vscode_project/ros2_launch_testing_ws/build/my_interfaces -- -j32 -l32
[0.458s] DEBUG:colcon.colcon_core.event_handler.log_command:Invoking command in '/home/phr/vscode_project/ros2_launch_testing_ws/build/my_interfaces': CMAKE_PREFIX_PATH=/opt/ros/humble /usr/bin/cmake --install /home/phr/vscode_project/ros2_launch_testing_ws/build/my_interfaces
[0.498s] Level 1:colcon.colcon_core.environment:create_environment_scripts_only(my_interfaces)
[0.498s] DEBUG:colcon.colcon_core.event_handler.log_command:Invoked command in '/home/phr/vscode_project/ros2_launch_testing_ws/build/my_interfaces' returned '0': CMAKE_PREFIX_PATH=/opt/ros/humble /usr/bin/cmake --install /home/phr/vscode_project/ros2_launch_testing_ws/build/my_interfaces
[0.500s] Level 1:colcon.colcon_core.environment:checking '/home/phr/vscode_project/ros2_launch_testing_ws/install/my_interfaces' for CMake module files
[0.500s] Level 1:colcon.colcon_core.environment:checking '/home/phr/vscode_project/ros2_launch_testing_ws/install/my_interfaces' for CMake config files
[0.501s] Level 1:colcon.colcon_core.shell:create_environment_hook('my_interfaces', 'cmake_prefix_path')
[0.501s] INFO:colcon.colcon_core.shell:Creating environment hook '/home/phr/vscode_project/ros2_launch_testing_ws/install/my_interfaces/share/my_interfaces/hook/cmake_prefix_path.ps1'
[0.501s] INFO:colcon.colcon_core.shell:Creating environment descriptor '/home/phr/vscode_project/ros2_launch_testing_ws/install/my_interfaces/share/my_interfaces/hook/cmake_prefix_path.dsv'
[0.502s] INFO:colcon.colcon_core.shell:Creating environment hook '/home/phr/vscode_project/ros2_launch_testing_ws/install/my_interfaces/share/my_interfaces/hook/cmake_prefix_path.sh'
[0.502s] Level 1:colcon.colcon_core.environment:checking '/home/phr/vscode_project/ros2_launch_testing_ws/install/my_interfaces/lib'
[0.502s] Level 1:colcon.colcon_core.shell:create_environment_hook('my_interfaces', 'ld_library_path_lib')
[0.502s] INFO:colcon.colcon_core.shell:Creating environment hook '/home/phr/vscode_project/ros2_launch_testing_ws/install/my_interfaces/share/my_interfaces/hook/ld_library_path_lib.ps1'
[0.503s] INFO:colcon.colcon_core.shell:Creating environment descriptor '/home/phr/vscode_project/ros2_launch_testing_ws/install/my_interfaces/share/my_interfaces/hook/ld_library_path_lib.dsv'
[0.503s] INFO:colcon.colcon_core.shell:Creating environment hook '/home/phr/vscode_project/ros2_launch_testing_ws/install/my_interfaces/share/my_interfaces/hook/ld_library_path_lib.sh'
[0.503s] Level 1:colcon.colcon_core.environment:checking '/home/phr/vscode_project/ros2_launch_testing_ws/install/my_interfaces/bin'
[0.503s] Level 1:colcon.colcon_core.environment:checking '/home/phr/vscode_project/ros2_launch_testing_ws/install/my_interfaces/lib/pkgconfig/my_interfaces.pc'
[0.503s] Level 1:colcon.colcon_core.environment:checking '/home/phr/vscode_project/ros2_launch_testing_ws/install/my_interfaces/lib/python3.10/site-packages'
[0.504s] Level 1:colcon.colcon_core.environment:checking '/home/phr/vscode_project/ros2_launch_testing_ws/install/my_interfaces/bin'
[0.504s] INFO:colcon.colcon_core.shell:Creating package script '/home/phr/vscode_project/ros2_launch_testing_ws/install/my_interfaces/share/my_interfaces/package.ps1'
[0.504s] INFO:colcon.colcon_core.shell:Creating package descriptor '/home/phr/vscode_project/ros2_launch_testing_ws/install/my_interfaces/share/my_interfaces/package.dsv'
[0.505s] INFO:colcon.colcon_core.shell:Creating package script '/home/phr/vscode_project/ros2_launch_testing_ws/install/my_interfaces/share/my_interfaces/package.sh'
[0.505s] INFO:colcon.colcon_core.shell:Creating package script '/home/phr/vscode_project/ros2_launch_testing_ws/install/my_interfaces/share/my_interfaces/package.bash'
[0.506s] INFO:colcon.colcon_core.shell:Creating package script '/home/phr/vscode_project/ros2_launch_testing_ws/install/my_interfaces/share/my_interfaces/package.zsh'
[0.506s] Level 1:colcon.colcon_core.environment:create_file_with_runtime_dependencies(/home/phr/vscode_project/ros2_launch_testing_ws/install/my_interfaces/share/colcon-core/packages/my_interfaces)
[0.506s] Level 1:colcon.colcon_core.environment:create_environment_scripts_only(my_interfaces)
[0.507s] Level 1:colcon.colcon_core.environment:checking '/home/phr/vscode_project/ros2_launch_testing_ws/install/my_interfaces' for CMake module files
[0.507s] Level 1:colcon.colcon_core.environment:checking '/home/phr/vscode_project/ros2_launch_testing_ws/install/my_interfaces' for CMake config files
[0.507s] Level 1:colcon.colcon_core.shell:create_environment_hook('my_interfaces', 'cmake_prefix_path')
[0.507s] INFO:colcon.colcon_core.shell:Creating environment hook '/home/phr/vscode_project/ros2_launch_testing_ws/install/my_interfaces/share/my_interfaces/hook/cmake_prefix_path.ps1'
[0.508s] INFO:colcon.colcon_core.shell:Creating environment descriptor '/home/phr/vscode_project/ros2_launch_testing_ws/install/my_interfaces/share/my_interfaces/hook/cmake_prefix_path.dsv'
[0.508s] INFO:colcon.colcon_core.shell:Creating environment hook '/home/phr/vscode_project/ros2_launch_testing_ws/install/my_interfaces/share/my_interfaces/hook/cmake_prefix_path.sh'
[0.508s] Level 1:colcon.colcon_core.environment:checking '/home/phr/vscode_project/ros2_launch_testing_ws/install/my_interfaces/lib'
[0.508s] Level 1:colcon.colcon_core.shell:create_environment_hook('my_interfaces', 'ld_library_path_lib')
[0.508s] INFO:colcon.colcon_core.shell:Creating environment hook '/home/phr/vscode_project/ros2_launch_testing_ws/install/my_interfaces/share/my_interfaces/hook/ld_library_path_lib.ps1'
[0.509s] INFO:colcon.colcon_core.shell:Creating environment descriptor '/home/phr/vscode_project/ros2_launch_testing_ws/install/my_interfaces/share/my_interfaces/hook/ld_library_path_lib.dsv'
[0.509s] INFO:colcon.colcon_core.shell:Creating environment hook '/home/phr/vscode_project/ros2_launch_testing_ws/install/my_interfaces/share/my_interfaces/hook/ld_library_path_lib.sh'
[0.509s] Level 1:colcon.colcon_core.environment:checking '/home/phr/vscode_project/ros2_launch_testing_ws/install/my_interfaces/bin'
[0.509s] Level 1:colcon.colcon_core.environment:checking '/home/phr/vscode_project/ros2_launch_testing_ws/install/my_interfaces/lib/pkgconfig/my_interfaces.pc'
[0.509s] Level 1:colcon.colcon_core.environment:checking '/home/phr/vscode_project/ros2_launch_testing_ws/install/my_interfaces/lib/python3.10/site-packages'
[0.509s] Level 1:colcon.colcon_core.environment:checking '/home/phr/vscode_project/ros2_launch_testing_ws/install/my_interfaces/bin'
[0.510s] INFO:colcon.colcon_core.shell:Creating package script '/home/phr/vscode_project/ros2_launch_testing_ws/install/my_interfaces/share/my_interfaces/package.ps1'
[0.510s] INFO:colcon.colcon_core.shell:Creating package descriptor '/home/phr/vscode_project/ros2_launch_testing_ws/install/my_interfaces/share/my_interfaces/package.dsv'
[0.510s] INFO:colcon.colcon_core.shell:Creating package script '/home/phr/vscode_project/ros2_launch_testing_ws/install/my_interfaces/share/my_interfaces/package.sh'
[0.511s] INFO:colcon.colcon_core.shell:Creating package script '/home/phr/vscode_project/ros2_launch_testing_ws/install/my_interfaces/share/my_interfaces/package.bash'
[0.511s] INFO:colcon.colcon_core.shell:Creating package script '/home/phr/vscode_project/ros2_launch_testing_ws/install/my_interfaces/share/my_interfaces/package.zsh'
[0.511s] Level 1:colcon.colcon_core.environment:create_file_with_runtime_dependencies(/home/phr/vscode_project/ros2_launch_testing_ws/install/my_interfaces/share/colcon-core/packages/my_interfaces)
[0.512s] INFO:colcon.colcon_ros.task.ament_python.build:Building ROS package in '/home/phr/vscode_project/ros2_launch_testing_ws/src/my_algorithms' with build type 'ament_python'
[0.512s] Level 1:colcon.colcon_core.shell:create_environment_hook('my_algorithms', 'ament_prefix_path')
[0.512s] INFO:colcon.colcon_core.shell:Creating environment hook '/home/phr/vscode_project/ros2_launch_testing_ws/install/my_algorithms/share/my_algorithms/hook/ament_prefix_path.ps1'
[0.512s] INFO:colcon.colcon_core.shell:Creating environment descriptor '/home/phr/vscode_project/ros2_launch_testing_ws/install/my_algorithms/share/my_algorithms/hook/ament_prefix_path.dsv'
[0.512s] INFO:colcon.colcon_core.shell:Creating environment hook '/home/phr/vscode_project/ros2_launch_testing_ws/install/my_algorithms/share/my_algorithms/hook/ament_prefix_path.sh'
[0.513s] INFO:colcon.colcon_core.shell:Skip shell extension 'powershell' for command environment: Not usable outside of PowerShell
[0.513s] DEBUG:colcon.colcon_core.shell:Skip shell extension 'dsv' for command environment
[0.651s] INFO:colcon.colcon_core.task.python.build:Building Python package in '/home/phr/vscode_project/ros2_launch_testing_ws/src/my_algorithms'
[0.652s] INFO:colcon.colcon_core.shell:Skip shell extension 'powershell' for command environment: Not usable outside of PowerShell
[0.652s] DEBUG:colcon.colcon_core.shell:Skip shell extension 'dsv' for command environment
[0.824s] DEBUG:colcon.colcon_core.event_handler.log_command:Invoking command in '/home/phr/vscode_project/ros2_launch_testing_ws/src/my_algorithms': AMENT_PREFIX_PATH=/home/phr/vscode_project/ros2_launch_testing_ws/install/my_interfaces:${AMENT_PREFIX_PATH} CMAKE_PREFIX_PATH=/home/phr/vscode_project/ros2_launch_testing_ws/install/my_interfaces LD_LIBRARY_PATH=/home/phr/vscode_project/ros2_launch_testing_ws/install/my_interfaces/lib:${LD_LIBRARY_PATH} PYTHONPATH=/home/phr/vscode_project/ros2_launch_testing_ws/build/my_algorithms/prefix_override:/usr/lib/python3/dist-packages/colcon_core/task/python/colcon_distutils_commands:/home/phr/vscode_project/ros2_launch_testing_ws/install/my_algorithms/lib/python3.10/site-packages:/home/phr/vscode_project/ros2_launch_testing_ws/install/my_interfaces/local/lib/python3.10/dist-packages:${PYTHONPATH} /usr/bin/python3 -W ignore:setup.py install is deprecated -W ignore:easy_install command is deprecated setup.py egg_info --egg-base ../../build/my_algorithms build --build-base /home/phr/vscode_project/ros2_launch_testing_ws/build/my_algorithms/build install --record /home/phr/vscode_project/ros2_launch_testing_ws/build/my_algorithms/install.log --single-version-externally-managed install_data
[0.966s] Level 1:colcon.colcon_core.environment:checking '/home/phr/vscode_project/ros2_launch_testing_ws/install/my_algorithms' for CMake module files
[0.966s] DEBUG:colcon.colcon_core.event_handler.log_command:Invoked command in '/home/phr/vscode_project/ros2_launch_testing_ws/src/my_algorithms' returned '0': AMENT_PREFIX_PATH=/home/phr/vscode_project/ros2_launch_testing_ws/install/my_interfaces:${AMENT_PREFIX_PATH} CMAKE_PREFIX_PATH=/home/phr/vscode_project/ros2_launch_testing_ws/install/my_interfaces LD_LIBRARY_PATH=/home/phr/vscode_project/ros2_launch_testing_ws/install/my_interfaces/lib:${LD_LIBRARY_PATH} PYTHONPATH=/home/phr/vscode_project/ros2_launch_testing_ws/build/my_algorithms/prefix_override:/usr/lib/python3/dist-packages/colcon_core/task/python/colcon_distutils_commands:/home/phr/vscode_project/ros2_launch_testing_ws/install/my_algorithms/lib/python3.10/site-packages:/home/phr/vscode_project/ros2_launch_testing_ws/install/my_interfaces/local/lib/python3.10/dist-packages:${PYTHONPATH} /usr/bin/python3 -W ignore:setup.py install is deprecated -W ignore:easy_install command is deprecated setup.py egg_info --egg-base ../../build/my_algorithms build --build-base /home/phr/vscode_project/ros2_launch_testing_ws/build/my_algorithms/build install --record /home/phr/vscode_project/ros2_launch_testing_ws/build/my_algorithms/install.log --single-version-externally-managed install_data
[0.967s] Level 1:colcon.colcon_core.environment:checking '/home/phr/vscode_project/ros2_launch_testing_ws/install/my_algorithms' for CMake config files
[0.967s] Level 1:colcon.colcon_core.environment:checking '/home/phr/vscode_project/ros2_launch_testing_ws/install/my_algorithms/lib'
[0.967s] Level 1:colcon.colcon_core.environment:checking '/home/phr/vscode_project/ros2_launch_testing_ws/install/my_algorithms/bin'
[0.967s] Level 1:colcon.colcon_core.environment:checking '/home/phr/vscode_project/ros2_launch_testing_ws/install/my_algorithms/lib/pkgconfig/my_algorithms.pc'
[0.967s] Level 1:colcon.colcon_core.environment:checking '/home/phr/vscode_project/ros2_launch_testing_ws/install/my_algorithms/lib/python3.10/site-packages'
[0.967s] Level 1:colcon.colcon_core.shell:create_environment_hook('my_algorithms', 'pythonpath')
[0.967s] INFO:colcon.colcon_core.shell:Creating environment hook '/home/phr/vscode_project/ros2_launch_testing_ws/install/my_algorithms/share/my_algorithms/hook/pythonpath.ps1'
[0.968s] INFO:colcon.colcon_core.shell:Creating environment descriptor '/home/phr/vscode_project/ros2_launch_testing_ws/install/my_algorithms/share/my_algorithms/hook/pythonpath.dsv'
[0.968s] INFO:colcon.colcon_core.shell:Creating environment hook '/home/phr/vscode_project/ros2_launch_testing_ws/install/my_algorithms/share/my_algorithms/hook/pythonpath.sh'
[0.968s] Level 1:colcon.colcon_core.environment:checking '/home/phr/vscode_project/ros2_launch_testing_ws/install/my_algorithms/bin'
[0.968s] Level 1:colcon.colcon_core.environment:create_environment_scripts_only(my_algorithms)
[0.968s] INFO:colcon.colcon_core.shell:Creating package script '/home/phr/vscode_project/ros2_launch_testing_ws/install/my_algorithms/share/my_algorithms/package.ps1'
[0.968s] INFO:colcon.colcon_core.shell:Creating package descriptor '/home/phr/vscode_project/ros2_launch_testing_ws/install/my_algorithms/share/my_algorithms/package.dsv'
[0.969s] INFO:colcon.colcon_core.shell:Creating package script '/home/phr/vscode_project/ros2_launch_testing_ws/install/my_algorithms/share/my_algorithms/package.sh'
[0.969s] INFO:colcon.colcon_core.shell:Creating package script '/home/phr/vscode_project/ros2_launch_testing_ws/install/my_algorithms/share/my_algorithms/package.bash'
[0.969s] INFO:colcon.colcon_core.shell:Creating package script '/home/phr/vscode_project/ros2_launch_testing_ws/install/my_algorithms/share/my_algorithms/package.zsh'
[0.969s] Level 1:colcon.colcon_core.environment:create_file_with_runtime_dependencies(/home/phr/vscode_project/ros2_launch_testing_ws/install/my_algorithms/share/colcon-core/packages/my_algorithms)
[0.970s] INFO:colcon.colcon_ros.task.ament_python.build:Building ROS package in '/home/phr/vscode_project/ros2_launch_testing_ws/src/my_testing' with build type 'ament_python'
[0.970s] Level 1:colcon.colcon_core.shell:create_environment_hook('my_testing', 'ament_prefix_path')
[0.970s] INFO:colcon.colcon_core.shell:Creating environment hook '/home/phr/vscode_project/ros2_launch_testing_ws/install/my_testing/share/my_testing/hook/ament_prefix_path.ps1'
[0.970s] INFO:colcon.colcon_core.shell:Creating environment descriptor '/home/phr/vscode_project/ros2_launch_testing_ws/install/my_testing/share/my_testing/hook/ament_prefix_path.dsv'
[0.970s] INFO:colcon.colcon_core.shell:Creating environment hook '/home/phr/vscode_project/ros2_launch_testing_ws/install/my_testing/share/my_testing/hook/ament_prefix_path.sh'
[0.970s] INFO:colcon.colcon_core.shell:Skip shell extension 'powershell' for command environment: Not usable outside of PowerShell
[0.970s] DEBUG:colcon.colcon_core.shell:Skip shell extension 'dsv' for command environment
[1.096s] INFO:colcon.colcon_core.task.python.build:Building Python package in '/home/phr/vscode_project/ros2_launch_testing_ws/src/my_testing'
[1.096s] INFO:colcon.colcon_core.shell:Skip shell extension 'powershell' for command environment: Not usable outside of PowerShell
[1.096s] DEBUG:colcon.colcon_core.shell:Skip shell extension 'dsv' for command environment
[1.265s] DEBUG:colcon.colcon_core.event_handler.log_command:Invoking command in '/home/phr/vscode_project/ros2_launch_testing_ws/src/my_testing': AMENT_PREFIX_PATH=/home/phr/vscode_project/ros2_launch_testing_ws/install/my_algorithms:/home/phr/vscode_project/ros2_launch_testing_ws/install/my_interfaces:${AMENT_PREFIX_PATH} CMAKE_PREFIX_PATH=/home/phr/vscode_project/ros2_launch_testing_ws/install/my_interfaces LD_LIBRARY_PATH=/home/phr/vscode_project/ros2_launch_testing_ws/install/my_interfaces/lib:${LD_LIBRARY_PATH} PYTHONPATH=/home/phr/vscode_project/ros2_launch_testing_ws/build/my_testing/prefix_override:/usr/lib/python3/dist-packages/colcon_core/task/python/colcon_distutils_commands:/home/phr/vscode_project/ros2_launch_testing_ws/install/my_testing/lib/python3.10/site-packages:/home/phr/vscode_project/ros2_launch_testing_ws/install/my_algorithms/lib/python3.10/site-packages:/home/phr/vscode_project/ros2_launch_testing_ws/install/my_interfaces/local/lib/python3.10/dist-packages:${PYTHONPATH} /usr/bin/python3 -W ignore:setup.py install is deprecated -W ignore:easy_install command is deprecated setup.py egg_info --egg-base ../../build/my_testing build --build-base /home/phr/vscode_project/ros2_launch_testing_ws/build/my_testing/build install --record /home/phr/vscode_project/ros2_launch_testing_ws/build/my_testing/install.log --single-version-externally-managed install_data
[1.406s] Level 1:colcon.colcon_core.environment:checking '/home/phr/vscode_project/ros2_launch_testing_ws/install/my_testing' for CMake module files
[1.406s] DEBUG:colcon.colcon_core.event_handler.log_command:Invoked command in '/home/phr/vscode_project/ros2_launch_testing_ws/src/my_testing' returned '0': AMENT_PREFIX_PATH=/home/phr/vscode_project/ros2_launch_testing_ws/install/my_algorithms:/home/phr/vscode_project/ros2_launch_testing_ws/install/my_interfaces:${AMENT_PREFIX_PATH} CMAKE_PREFIX_PATH=/home/phr/vscode_project/ros2_launch_testing_ws/install/my_interfaces LD_LIBRARY_PATH=/home/phr/vscode_project/ros2_launch_testing_ws/install/my_interfaces/lib:${LD_LIBRARY_PATH} PYTHONPATH=/home/phr/vscode_project/ros2_launch_testing_ws/build/my_testing/prefix_override:/usr/lib/python3/dist-packages/colcon_core/task/python/colcon_distutils_commands:/home/phr/vscode_project/ros2_launch_testing_ws/install/my_testing/lib/python3.10/site-packages:/home/phr/vscode_project/ros2_launch_testing_ws/install/my_algorithms/lib/python3.10/site-packages:/home/phr/vscode_project/ros2_launch_testing_ws/install/my_interfaces/local/lib/python3.10/dist-packages:${PYTHONPATH} /usr/bin/python3 -W ignore:setup.py install is deprecated -W ignore:easy_install command is deprecated setup.py egg_info --egg-base ../../build/my_testing build --build-base /home/phr/vscode_project/ros2_launch_testing_ws/build/my_testing/build install --record /home/phr/vscode_project/ros2_launch_testing_ws/build/my_testing/install.log --single-version-externally-managed install_data
[1.406s] Level 1:colcon.colcon_core.environment:checking '/home/phr/vscode_project/ros2_launch_testing_ws/install/my_testing' for CMake config files
[1.407s] Level 1:colcon.colcon_core.environment:checking '/home/phr/vscode_project/ros2_launch_testing_ws/install/my_testing/lib'
[1.407s] Level 1:colcon.colcon_core.environment:checking '/home/phr/vscode_project/ros2_launch_testing_ws/install/my_testing/bin'
[1.407s] Level 1:colcon.colcon_core.environment:checking '/home/phr/vscode_project/ros2_launch_testing_ws/install/my_testing/lib/pkgconfig/my_testing.pc'
[1.407s] Level 1:colcon.colcon_core.environment:checking '/home/phr/vscode_project/ros2_launch_testing_ws/install/my_testing/lib/python3.10/site-packages'
[1.407s] Level 1:colcon.colcon_core.shell:create_environment_hook('my_testing', 'pythonpath')
[1.407s] INFO:colcon.colcon_core.shell:Creating environment hook '/home/phr/vscode_project/ros2_launch_testing_ws/install/my_testing/share/my_testing/hook/pythonpath.ps1'
[1.407s] INFO:colcon.colcon_core.shell:Creating environment descriptor '/home/phr/vscode_project/ros2_launch_testing_ws/install/my_testing/share/my_testing/hook/pythonpath.dsv'
[1.408s] INFO:colcon.colcon_core.shell:Creating environment hook '/home/phr/vscode_project/ros2_launch_testing_ws/install/my_testing/share/my_testing/hook/pythonpath.sh'
[1.408s] Level 1:colcon.colcon_core.environment:checking '/home/phr/vscode_project/ros2_launch_testing_ws/install/my_testing/bin'
[1.408s] Level 1:colcon.colcon_core.environment:create_environment_scripts_only(my_testing)
[1.408s] INFO:colcon.colcon_core.shell:Creating package script '/home/phr/vscode_project/ros2_launch_testing_ws/install/my_testing/share/my_testing/package.ps1'
[1.409s] INFO:colcon.colcon_core.shell:Creating package descriptor '/home/phr/vscode_project/ros2_launch_testing_ws/install/my_testing/share/my_testing/package.dsv'
[1.409s] INFO:colcon.colcon_core.shell:Creating package script '/home/phr/vscode_project/ros2_launch_testing_ws/install/my_testing/share/my_testing/package.sh'
[1.409s] INFO:colcon.colcon_core.shell:Creating package script '/home/phr/vscode_project/ros2_launch_testing_ws/install/my_testing/share/my_testing/package.bash'
[1.409s] INFO:colcon.colcon_core.shell:Creating package script '/home/phr/vscode_project/ros2_launch_testing_ws/install/my_testing/share/my_testing/package.zsh'
[1.409s] Level 1:colcon.colcon_core.environment:create_file_with_runtime_dependencies(/home/phr/vscode_project/ros2_launch_testing_ws/install/my_testing/share/colcon-core/packages/my_testing)
[1.409s] DEBUG:colcon.colcon_parallel_executor.executor.parallel:closing loop
[1.410s] DEBUG:colcon.colcon_parallel_executor.executor.parallel:loop closed
[1.410s] DEBUG:colcon.colcon_parallel_executor.executor.parallel:run_until_complete finished with '0'
[1.410s] DEBUG:colcon.colcon_core.event_reactor:joining thread
[1.413s] INFO:colcon.colcon_core.plugin_system:Skipping extension 'colcon_notification.desktop_notification.terminal_notifier': Not used on non-Darwin systems
[1.413s] INFO:colcon.colcon_core.plugin_system:Skipping extension 'colcon_notification.desktop_notification.win32': Not used on non-Windows systems
[1.413s] INFO:colcon.colcon_notification.desktop_notification:Sending desktop notification using 'notify2'
[1.418s] DEBUG:colcon.colcon_core.event_reactor:joined thread
[1.419s] INFO:colcon.colcon_core.shell:Creating prefix script '/home/phr/vscode_project/ros2_launch_testing_ws/install/local_setup.ps1'
[1.419s] INFO:colcon.colcon_core.shell:Creating prefix util module '/home/phr/vscode_project/ros2_launch_testing_ws/install/_local_setup_util_ps1.py'
[1.420s] INFO:colcon.colcon_core.shell:Creating prefix chain script '/home/phr/vscode_project/ros2_launch_testing_ws/install/setup.ps1'
[1.420s] INFO:colcon.colcon_core.shell:Creating prefix script '/home/phr/vscode_project/ros2_launch_testing_ws/install/local_setup.sh'
[1.421s] INFO:colcon.colcon_core.shell:Creating prefix util module '/home/phr/vscode_project/ros2_launch_testing_ws/install/_local_setup_util_sh.py'
[1.421s] INFO:colcon.colcon_core.shell:Creating prefix chain script '/home/phr/vscode_project/ros2_launch_testing_ws/install/setup.sh'
[1.422s] INFO:colcon.colcon_core.shell:Creating prefix script '/home/phr/vscode_project/ros2_launch_testing_ws/install/local_setup.bash'
[1.422s] INFO:colcon.colcon_core.shell:Creating prefix chain script '/home/phr/vscode_project/ros2_launch_testing_ws/install/setup.bash'
[1.422s] INFO:colcon.colcon_core.shell:Creating prefix script '/home/phr/vscode_project/ros2_launch_testing_ws/install/local_setup.zsh'
[1.423s] INFO:colcon.colcon_core.shell:Creating prefix chain script '/home/phr/vscode_project/ros2_launch_testing_ws/install/setup.zsh'
