running egg_info
creating ../../build/my_algorithms/my_algorithms.egg-info
writing ../../build/my_algorithms/my_algorithms.egg-info/PKG-INFO
writing dependency_links to ../../build/my_algorithms/my_algorithms.egg-info/dependency_links.txt
writing entry points to ../../build/my_algorithms/my_algorithms.egg-info/entry_points.txt
writing requirements to ../../build/my_algorithms/my_algorithms.egg-info/requires.txt
writing top-level names to ../../build/my_algorithms/my_algorithms.egg-info/top_level.txt
writing manifest file '../../build/my_algorithms/my_algorithms.egg-info/SOURCES.txt'
reading manifest file '../../build/my_algorithms/my_algorithms.egg-info/SOURCES.txt'
writing manifest file '../../build/my_algorithms/my_algorithms.egg-info/SOURCES.txt'
running build
running build_py
creating /home/phr/vscode_project/ros2_launch_testing_ws/build/my_algorithms/build
creating /home/phr/vscode_project/ros2_launch_testing_ws/build/my_algorithms/build/lib
creating /home/phr/vscode_project/ros2_launch_testing_ws/build/my_algorithms/build/lib/my_algorithms
copying my_algorithms/__init__.py -> /home/phr/vscode_project/ros2_launch_testing_ws/build/my_algorithms/build/lib/my_algorithms
copying my_algorithms/number_processor_node.py -> /home/phr/vscode_project/ros2_launch_testing_ws/build/my_algorithms/build/lib/my_algorithms
copying my_algorithms/number_publisher_node.py -> /home/phr/vscode_project/ros2_launch_testing_ws/build/my_algorithms/build/lib/my_algorithms
running install
running install_lib
creating /home/phr/vscode_project/ros2_launch_testing_ws/install/my_algorithms/lib/python3.10/site-packages/my_algorithms
copying /home/phr/vscode_project/ros2_launch_testing_ws/build/my_algorithms/build/lib/my_algorithms/__init__.py -> /home/phr/vscode_project/ros2_launch_testing_ws/install/my_algorithms/lib/python3.10/site-packages/my_algorithms
copying /home/phr/vscode_project/ros2_launch_testing_ws/build/my_algorithms/build/lib/my_algorithms/number_processor_node.py -> /home/phr/vscode_project/ros2_launch_testing_ws/install/my_algorithms/lib/python3.10/site-packages/my_algorithms
copying /home/phr/vscode_project/ros2_launch_testing_ws/build/my_algorithms/build/lib/my_algorithms/number_publisher_node.py -> /home/phr/vscode_project/ros2_launch_testing_ws/install/my_algorithms/lib/python3.10/site-packages/my_algorithms
byte-compiling /home/phr/vscode_project/ros2_launch_testing_ws/install/my_algorithms/lib/python3.10/site-packages/my_algorithms/__init__.py to __init__.cpython-310.pyc
byte-compiling /home/phr/vscode_project/ros2_launch_testing_ws/install/my_algorithms/lib/python3.10/site-packages/my_algorithms/number_processor_node.py to number_processor_node.cpython-310.pyc
byte-compiling /home/phr/vscode_project/ros2_launch_testing_ws/install/my_algorithms/lib/python3.10/site-packages/my_algorithms/number_publisher_node.py to number_publisher_node.cpython-310.pyc
running install_data
creating /home/phr/vscode_project/ros2_launch_testing_ws/install/my_algorithms/share/ament_index
creating /home/phr/vscode_project/ros2_launch_testing_ws/install/my_algorithms/share/ament_index/resource_index
creating /home/phr/vscode_project/ros2_launch_testing_ws/install/my_algorithms/share/ament_index/resource_index/packages
copying resource/my_algorithms -> /home/phr/vscode_project/ros2_launch_testing_ws/install/my_algorithms/share/ament_index/resource_index/packages
copying package.xml -> /home/phr/vscode_project/ros2_launch_testing_ws/install/my_algorithms/share/my_algorithms
running install_egg_info
Copying ../../build/my_algorithms/my_algorithms.egg-info to /home/phr/vscode_project/ros2_launch_testing_ws/install/my_algorithms/lib/python3.10/site-packages/my_algorithms-0.0.0-py3.10.egg-info
running install_scripts
Installing number_processor script to /home/phr/vscode_project/ros2_launch_testing_ws/install/my_algorithms/lib/my_algorithms
Installing number_publisher script to /home/phr/vscode_project/ros2_launch_testing_ws/install/my_algorithms/lib/my_algorithms
writing list of installed files to '/home/phr/vscode_project/ros2_launch_testing_ws/build/my_algorithms/install.log'
