[0.008s] Invoking command in '/home/phr/vscode_project/ros2_launch_testing_ws/build/my_interfaces': CMAKE_PREFIX_PATH=/opt/ros/humble /usr/bin/cmake --build /home/phr/vscode_project/ros2_launch_testing_ws/build/my_interfaces -- -j32 -l32
[0.043s] -- Found ament_cmake: 1.3.12 (/opt/ros/humble/share/ament_cmake/cmake)
[0.143s] -- Found rosidl_default_generators: 1.2.0 (/opt/ros/humble/share/rosidl_default_generators/cmake)
[0.144s] -- Using all available rosidl_typesupport_c: rosidl_typesupport_fastrtps_c;rosidl_typesupport_introspection_c
[0.147s] -- Found rosidl_adapter: 3.1.7 (/opt/ros/humble/share/rosidl_adapter/cmake)
[0.175s] -- Using all available rosidl_typesupport_cpp: rosidl_typesupport_fastrtps_cpp;rosidl_typesupport_introspection_cpp
[0.372s] -- Found ament_cmake_ros: 0.10.0 (/opt/ros/humble/share/ament_cmake_ros/cmake)
[0.474s] -- Using all available rosidl_typesupport_c: rosidl_typesupport_fastrtps_c;rosidl_typesupport_introspection_c
[0.605s] -- Using all available rosidl_typesupport_cpp: rosidl_typesupport_fastrtps_cpp;rosidl_typesupport_introspection_cpp
[0.618s] -- Found python_cmake_module: 0.10.0 (/opt/ros/humble/share/python_cmake_module/cmake)
[0.632s] -- Using PYTHON_EXECUTABLE: /usr/bin/python3
[0.632s] -- Using PYTHON_INCLUDE_DIRS: /usr/include/python3.10
[0.632s] -- Using PYTHON_LIBRARIES: /usr/lib/x86_64-linux-gnu/libpython3.10.so
[0.638s] -- Found ament_lint_auto: 0.12.14 (/opt/ros/humble/share/ament_lint_auto/cmake)
[0.649s] -- Added test 'lint_cmake' to check CMake code style
[0.650s] -- Added test 'xmllint' to check XML markup files
[0.652s] -- Configuring done
[0.676s] -- Generating done
[0.683s] -- Build files have been written to: /home/phr/vscode_project/ros2_launch_testing_ws/build/my_interfaces
[0.698s] [  2%] [34m[1mGenerating C code for ROS interfaces[0m
[0.706s] [  5%] [34m[1mGenerating C++ code for ROS interfaces[0m
[0.713s] [  5%] Built target ament_cmake_python_copy_my_interfaces
[0.824s] running egg_info
[0.824s] writing my_interfaces.egg-info/PKG-INFO
[0.824s] writing dependency_links to my_interfaces.egg-info/dependency_links.txt
[0.824s] writing top-level names to my_interfaces.egg-info/top_level.txt
[0.826s] reading manifest file 'my_interfaces.egg-info/SOURCES.txt'
[0.826s] writing manifest file 'my_interfaces.egg-info/SOURCES.txt'
[0.842s] [  5%] Built target ament_cmake_python_build_my_interfaces_egg
[0.859s] [35m[1mConsolidate compiler generated dependencies of target my_interfaces__rosidl_generator_c[0m
[0.865s] [  5%] Built target my_interfaces__cpp
[0.868s] [  7%] [32mBuilding C object CMakeFiles/my_interfaces__rosidl_generator_c.dir/rosidl_generator_c/my_interfaces/msg/detail/num__functions.c.o[0m
[0.868s] [ 10%] [32mBuilding C object CMakeFiles/my_interfaces__rosidl_generator_c.dir/rosidl_generator_c/my_interfaces/srv/detail/process_num__functions.c.o[0m
[0.871s] [ 15%] [34m[1mGenerating C++ type support for eProsima Fast-RTPS[0m
[0.871s] [ 15%] [34m[1mGenerating C++ introspection for ROS interfaces[0m
[0.872s] [ 17%] [34m[1mGenerating C++ type support dispatch for ROS interfaces[0m
[0.932s] [ 20%] [32m[1mLinking C shared library libmy_interfaces__rosidl_generator_c.so[0m
[0.960s] [ 20%] Built target my_interfaces__rosidl_generator_c
[0.966s] [ 23%] [34m[1mGenerating C type support for eProsima Fast-RTPS[0m
[0.966s] [ 28%] [34m[1mGenerating C introspection for ROS interfaces[0m
[0.966s] [ 28%] [34m[1mGenerating C type support dispatch for ROS interfaces[0m
[1.002s] [35m[1mConsolidate compiler generated dependencies of target my_interfaces__rosidl_typesupport_cpp[0m
[1.009s] [35m[1mConsolidate compiler generated dependencies of target my_interfaces__rosidl_typesupport_introspection_cpp[0m
[1.013s] [ 30%] [32mBuilding CXX object CMakeFiles/my_interfaces__rosidl_typesupport_cpp.dir/rosidl_typesupport_cpp/my_interfaces/srv/process_num__type_support.cpp.o[0m
[1.013s] [ 33%] [32mBuilding CXX object CMakeFiles/my_interfaces__rosidl_typesupport_cpp.dir/rosidl_typesupport_cpp/my_interfaces/msg/num__type_support.cpp.o[0m
[1.019s] [35m[1mConsolidate compiler generated dependencies of target my_interfaces__rosidl_typesupport_fastrtps_cpp[0m
[1.019s] [ 35%] [32mBuilding CXX object CMakeFiles/my_interfaces__rosidl_typesupport_introspection_cpp.dir/rosidl_typesupport_introspection_cpp/my_interfaces/srv/detail/process_num__type_support.cpp.o[0m
[1.019s] [ 38%] [32mBuilding CXX object CMakeFiles/my_interfaces__rosidl_typesupport_introspection_cpp.dir/rosidl_typesupport_introspection_cpp/my_interfaces/msg/detail/num__type_support.cpp.o[0m
[1.029s] [ 41%] [32mBuilding CXX object CMakeFiles/my_interfaces__rosidl_typesupport_fastrtps_cpp.dir/rosidl_typesupport_fastrtps_cpp/my_interfaces/msg/detail/dds_fastrtps/num__type_support.cpp.o[0m
[1.029s] [ 43%] [32mBuilding CXX object CMakeFiles/my_interfaces__rosidl_typesupport_fastrtps_cpp.dir/rosidl_typesupport_fastrtps_cpp/my_interfaces/srv/detail/dds_fastrtps/process_num__type_support.cpp.o[0m
[1.100s] [35m[1mConsolidate compiler generated dependencies of target my_interfaces__rosidl_typesupport_c[0m
[1.107s] [ 46%] [32mBuilding CXX object CMakeFiles/my_interfaces__rosidl_typesupport_c.dir/rosidl_typesupport_c/my_interfaces/msg/num__type_support.cpp.o[0m
[1.107s] [ 48%] [32mBuilding CXX object CMakeFiles/my_interfaces__rosidl_typesupport_c.dir/rosidl_typesupport_c/my_interfaces/srv/process_num__type_support.cpp.o[0m
[1.116s] [35m[1mConsolidate compiler generated dependencies of target my_interfaces__rosidl_typesupport_introspection_c[0m
[1.124s] [ 51%] [32mBuilding C object CMakeFiles/my_interfaces__rosidl_typesupport_introspection_c.dir/rosidl_typesupport_introspection_c/my_interfaces/srv/detail/process_num__type_support.c.o[0m
[1.124s] [ 53%] [32mBuilding C object CMakeFiles/my_interfaces__rosidl_typesupport_introspection_c.dir/rosidl_typesupport_introspection_c/my_interfaces/msg/detail/num__type_support.c.o[0m
[1.127s] [35m[1mConsolidate compiler generated dependencies of target my_interfaces__rosidl_typesupport_fastrtps_c[0m
[1.131s] [ 56%] [32m[1mLinking CXX shared library libmy_interfaces__rosidl_typesupport_c.so[0m
[1.136s] [ 58%] [32mBuilding CXX object CMakeFiles/my_interfaces__rosidl_typesupport_fastrtps_c.dir/rosidl_typesupport_fastrtps_c/my_interfaces/msg/detail/num__type_support_c.cpp.o[0m
[1.136s] [ 61%] [32mBuilding CXX object CMakeFiles/my_interfaces__rosidl_typesupport_fastrtps_c.dir/rosidl_typesupport_fastrtps_c/my_interfaces/srv/detail/process_num__type_support_c.cpp.o[0m
[1.148s] [ 64%] [32m[1mLinking C shared library libmy_interfaces__rosidl_typesupport_introspection_c.so[0m
[1.158s] [ 64%] Built target my_interfaces__rosidl_typesupport_c
[1.169s] [ 64%] Built target my_interfaces__rosidl_typesupport_introspection_c
[1.192s] [ 66%] [32m[1mLinking CXX shared library libmy_interfaces__rosidl_typesupport_cpp.so[0m
[1.220s] [ 66%] Built target my_interfaces__rosidl_typesupport_cpp
[1.247s] [ 69%] [32m[1mLinking CXX shared library libmy_interfaces__rosidl_typesupport_introspection_cpp.so[0m
[1.258s] [ 71%] [32m[1mLinking CXX shared library libmy_interfaces__rosidl_typesupport_fastrtps_cpp.so[0m
[1.273s] [ 71%] Built target my_interfaces__rosidl_typesupport_introspection_cpp
[1.304s] [ 71%] Built target my_interfaces__rosidl_typesupport_fastrtps_cpp
[1.319s] [ 74%] [32m[1mLinking CXX shared library libmy_interfaces__rosidl_typesupport_fastrtps_c.so[0m
[1.363s] [ 74%] Built target my_interfaces__rosidl_typesupport_fastrtps_c
[1.375s] [ 74%] Built target my_interfaces
[1.388s] [ 76%] [34m[1mGenerating Python code for ROS interfaces[0m
[1.601s] [ 76%] Built target my_interfaces__py
[1.607s] [35m[1mConsolidate compiler generated dependencies of target my_interfaces__rosidl_generator_py[0m
[1.617s] [ 82%] [32mBuilding C object CMakeFiles/my_interfaces__rosidl_generator_py.dir/rosidl_generator_py/my_interfaces/srv/_process_num_s.c.o[0m
[1.617s] [ 82%] [32mBuilding C object CMakeFiles/my_interfaces__rosidl_generator_py.dir/rosidl_generator_py/my_interfaces/msg/_num_s.c.o[0m
[1.687s] [ 84%] [32m[1mLinking C shared library rosidl_generator_py/my_interfaces/libmy_interfaces__rosidl_generator_py.so[0m
[1.713s] [ 84%] Built target my_interfaces__rosidl_generator_py
[1.719s] [35m[1mConsolidate compiler generated dependencies of target my_interfaces__rosidl_typesupport_introspection_c__pyext[0m
[1.719s] [35m[1mConsolidate compiler generated dependencies of target my_interfaces__rosidl_typesupport_c__pyext[0m
[1.719s] [35m[1mConsolidate compiler generated dependencies of target my_interfaces__rosidl_typesupport_fastrtps_c__pyext[0m
[1.728s] [ 87%] [32mBuilding C object CMakeFiles/my_interfaces__rosidl_typesupport_fastrtps_c__pyext.dir/rosidl_generator_py/my_interfaces/_my_interfaces_s.ep.rosidl_typesupport_fastrtps_c.c.o[0m
[1.728s] [ 89%] [32mBuilding C object CMakeFiles/my_interfaces__rosidl_typesupport_introspection_c__pyext.dir/rosidl_generator_py/my_interfaces/_my_interfaces_s.ep.rosidl_typesupport_introspection_c.c.o[0m
[1.728s] [ 92%] [32mBuilding C object CMakeFiles/my_interfaces__rosidl_typesupport_c__pyext.dir/rosidl_generator_py/my_interfaces/_my_interfaces_s.ep.rosidl_typesupport_c.c.o[0m
[1.783s] [ 94%] [32m[1mLinking C shared library rosidl_generator_py/my_interfaces/my_interfaces_s__rosidl_typesupport_introspection_c.cpython-310-x86_64-linux-gnu.so[0m
[1.783s] [ 97%] [32m[1mLinking C shared library rosidl_generator_py/my_interfaces/my_interfaces_s__rosidl_typesupport_c.cpython-310-x86_64-linux-gnu.so[0m
[1.785s] [100%] [32m[1mLinking C shared library rosidl_generator_py/my_interfaces/my_interfaces_s__rosidl_typesupport_fastrtps_c.cpython-310-x86_64-linux-gnu.so[0m
[1.805s] [100%] Built target my_interfaces__rosidl_typesupport_introspection_c__pyext
[1.805s] [100%] Built target my_interfaces__rosidl_typesupport_c__pyext
[1.806s] [100%] Built target my_interfaces__rosidl_typesupport_fastrtps_c__pyext
[1.814s] Invoked command in '/home/phr/vscode_project/ros2_launch_testing_ws/build/my_interfaces' returned '0': CMAKE_PREFIX_PATH=/opt/ros/humble /usr/bin/cmake --build /home/phr/vscode_project/ros2_launch_testing_ws/build/my_interfaces -- -j32 -l32
[1.820s] Invoking command in '/home/phr/vscode_project/ros2_launch_testing_ws/build/my_interfaces': CMAKE_PREFIX_PATH=/opt/ros/humble /usr/bin/cmake --install /home/phr/vscode_project/ros2_launch_testing_ws/build/my_interfaces
[1.825s] -- Install configuration: ""
[1.825s] -- Installing: /home/phr/vscode_project/ros2_launch_testing_ws/install/my_interfaces/share/ament_index/resource_index/rosidl_interfaces/my_interfaces
[1.825s] -- Up-to-date: /home/phr/vscode_project/ros2_launch_testing_ws/install/my_interfaces/include/my_interfaces/my_interfaces
[1.825s] -- Up-to-date: /home/phr/vscode_project/ros2_launch_testing_ws/install/my_interfaces/include/my_interfaces/my_interfaces/msg
[1.826s] -- Up-to-date: /home/phr/vscode_project/ros2_launch_testing_ws/install/my_interfaces/include/my_interfaces/my_interfaces/msg/detail
[1.826s] -- Installing: /home/phr/vscode_project/ros2_launch_testing_ws/install/my_interfaces/include/my_interfaces/my_interfaces/msg/detail/num__functions.c
[1.826s] -- Installing: /home/phr/vscode_project/ros2_launch_testing_ws/install/my_interfaces/include/my_interfaces/my_interfaces/msg/detail/num__functions.h
[1.826s] -- Installing: /home/phr/vscode_project/ros2_launch_testing_ws/install/my_interfaces/include/my_interfaces/my_interfaces/msg/detail/num__struct.h
[1.826s] -- Installing: /home/phr/vscode_project/ros2_launch_testing_ws/install/my_interfaces/include/my_interfaces/my_interfaces/msg/detail/num__type_support.h
[1.826s] -- Installing: /home/phr/vscode_project/ros2_launch_testing_ws/install/my_interfaces/include/my_interfaces/my_interfaces/msg/num.h
[1.826s] -- Up-to-date: /home/phr/vscode_project/ros2_launch_testing_ws/install/my_interfaces/include/my_interfaces/my_interfaces/msg/rosidl_generator_c__visibility_control.h
[1.826s] -- Installing: /home/phr/vscode_project/ros2_launch_testing_ws/install/my_interfaces/include/my_interfaces/my_interfaces/srv
[1.826s] -- Installing: /home/phr/vscode_project/ros2_launch_testing_ws/install/my_interfaces/include/my_interfaces/my_interfaces/srv/detail
[1.826s] -- Installing: /home/phr/vscode_project/ros2_launch_testing_ws/install/my_interfaces/include/my_interfaces/my_interfaces/srv/detail/process_num__functions.c
[1.826s] -- Installing: /home/phr/vscode_project/ros2_launch_testing_ws/install/my_interfaces/include/my_interfaces/my_interfaces/srv/detail/process_num__functions.h
[1.826s] -- Installing: /home/phr/vscode_project/ros2_launch_testing_ws/install/my_interfaces/include/my_interfaces/my_interfaces/srv/detail/process_num__struct.h
[1.826s] -- Installing: /home/phr/vscode_project/ros2_launch_testing_ws/install/my_interfaces/include/my_interfaces/my_interfaces/srv/detail/process_num__type_support.h
[1.826s] -- Installing: /home/phr/vscode_project/ros2_launch_testing_ws/install/my_interfaces/include/my_interfaces/my_interfaces/srv/process_num.h
[1.827s] -- Up-to-date: /home/phr/vscode_project/ros2_launch_testing_ws/install/my_interfaces/share/my_interfaces/environment/library_path.sh
[1.827s] -- Installing: /home/phr/vscode_project/ros2_launch_testing_ws/install/my_interfaces/share/my_interfaces/environment/library_path.dsv
[1.827s] -- Installing: /home/phr/vscode_project/ros2_launch_testing_ws/install/my_interfaces/lib/libmy_interfaces__rosidl_generator_c.so
[1.827s] -- Set runtime path of "/home/phr/vscode_project/ros2_launch_testing_ws/install/my_interfaces/lib/libmy_interfaces__rosidl_generator_c.so" to ""
[1.827s] -- Up-to-date: /home/phr/vscode_project/ros2_launch_testing_ws/install/my_interfaces/include/my_interfaces/my_interfaces
[1.827s] -- Up-to-date: /home/phr/vscode_project/ros2_launch_testing_ws/install/my_interfaces/include/my_interfaces/my_interfaces/msg
[1.827s] -- Up-to-date: /home/phr/vscode_project/ros2_launch_testing_ws/install/my_interfaces/include/my_interfaces/my_interfaces/msg/detail
[1.827s] -- Installing: /home/phr/vscode_project/ros2_launch_testing_ws/install/my_interfaces/include/my_interfaces/my_interfaces/msg/detail/num__rosidl_typesupport_fastrtps_c.h
[1.827s] -- Up-to-date: /home/phr/vscode_project/ros2_launch_testing_ws/install/my_interfaces/include/my_interfaces/my_interfaces/msg/rosidl_typesupport_fastrtps_c__visibility_control.h
[1.827s] -- Up-to-date: /home/phr/vscode_project/ros2_launch_testing_ws/install/my_interfaces/include/my_interfaces/my_interfaces/srv
[1.827s] -- Up-to-date: /home/phr/vscode_project/ros2_launch_testing_ws/install/my_interfaces/include/my_interfaces/my_interfaces/srv/detail
[1.827s] -- Installing: /home/phr/vscode_project/ros2_launch_testing_ws/install/my_interfaces/include/my_interfaces/my_interfaces/srv/detail/process_num__rosidl_typesupport_fastrtps_c.h
[1.828s] -- Installing: /home/phr/vscode_project/ros2_launch_testing_ws/install/my_interfaces/lib/libmy_interfaces__rosidl_typesupport_fastrtps_c.so
[1.828s] -- Set runtime path of "/home/phr/vscode_project/ros2_launch_testing_ws/install/my_interfaces/lib/libmy_interfaces__rosidl_typesupport_fastrtps_c.so" to ""
[1.828s] -- Up-to-date: /home/phr/vscode_project/ros2_launch_testing_ws/install/my_interfaces/include/my_interfaces/my_interfaces
[1.828s] -- Up-to-date: /home/phr/vscode_project/ros2_launch_testing_ws/install/my_interfaces/include/my_interfaces/my_interfaces/msg
[1.828s] -- Up-to-date: /home/phr/vscode_project/ros2_launch_testing_ws/install/my_interfaces/include/my_interfaces/my_interfaces/msg/detail
[1.828s] -- Installing: /home/phr/vscode_project/ros2_launch_testing_ws/install/my_interfaces/include/my_interfaces/my_interfaces/msg/detail/num__type_support.c
[1.828s] -- Installing: /home/phr/vscode_project/ros2_launch_testing_ws/install/my_interfaces/include/my_interfaces/my_interfaces/msg/detail/num__rosidl_typesupport_introspection_c.h
[1.828s] -- Up-to-date: /home/phr/vscode_project/ros2_launch_testing_ws/install/my_interfaces/include/my_interfaces/my_interfaces/msg/rosidl_typesupport_introspection_c__visibility_control.h
[1.828s] -- Up-to-date: /home/phr/vscode_project/ros2_launch_testing_ws/install/my_interfaces/include/my_interfaces/my_interfaces/srv
[1.828s] -- Up-to-date: /home/phr/vscode_project/ros2_launch_testing_ws/install/my_interfaces/include/my_interfaces/my_interfaces/srv/detail
[1.828s] -- Installing: /home/phr/vscode_project/ros2_launch_testing_ws/install/my_interfaces/include/my_interfaces/my_interfaces/srv/detail/process_num__rosidl_typesupport_introspection_c.h
[1.828s] -- Installing: /home/phr/vscode_project/ros2_launch_testing_ws/install/my_interfaces/include/my_interfaces/my_interfaces/srv/detail/process_num__type_support.c
[1.829s] -- Installing: /home/phr/vscode_project/ros2_launch_testing_ws/install/my_interfaces/lib/libmy_interfaces__rosidl_typesupport_introspection_c.so
[1.829s] -- Set runtime path of "/home/phr/vscode_project/ros2_launch_testing_ws/install/my_interfaces/lib/libmy_interfaces__rosidl_typesupport_introspection_c.so" to ""
[1.829s] -- Installing: /home/phr/vscode_project/ros2_launch_testing_ws/install/my_interfaces/lib/libmy_interfaces__rosidl_typesupport_c.so
[1.829s] -- Set runtime path of "/home/phr/vscode_project/ros2_launch_testing_ws/install/my_interfaces/lib/libmy_interfaces__rosidl_typesupport_c.so" to ""
[1.829s] -- Up-to-date: /home/phr/vscode_project/ros2_launch_testing_ws/install/my_interfaces/include/my_interfaces/my_interfaces
[1.829s] -- Up-to-date: /home/phr/vscode_project/ros2_launch_testing_ws/install/my_interfaces/include/my_interfaces/my_interfaces/msg
[1.829s] -- Up-to-date: /home/phr/vscode_project/ros2_launch_testing_ws/install/my_interfaces/include/my_interfaces/my_interfaces/msg/detail
[1.829s] -- Installing: /home/phr/vscode_project/ros2_launch_testing_ws/install/my_interfaces/include/my_interfaces/my_interfaces/msg/detail/num__type_support.hpp
[1.830s] -- Installing: /home/phr/vscode_project/ros2_launch_testing_ws/install/my_interfaces/include/my_interfaces/my_interfaces/msg/detail/num__traits.hpp
[1.830s] -- Installing: /home/phr/vscode_project/ros2_launch_testing_ws/install/my_interfaces/include/my_interfaces/my_interfaces/msg/detail/num__struct.hpp
[1.830s] -- Installing: /home/phr/vscode_project/ros2_launch_testing_ws/install/my_interfaces/include/my_interfaces/my_interfaces/msg/detail/num__builder.hpp
[1.830s] -- Up-to-date: /home/phr/vscode_project/ros2_launch_testing_ws/install/my_interfaces/include/my_interfaces/my_interfaces/msg/rosidl_generator_cpp__visibility_control.hpp
[1.830s] -- Installing: /home/phr/vscode_project/ros2_launch_testing_ws/install/my_interfaces/include/my_interfaces/my_interfaces/msg/num.hpp
[1.830s] -- Up-to-date: /home/phr/vscode_project/ros2_launch_testing_ws/install/my_interfaces/include/my_interfaces/my_interfaces/srv
[1.830s] -- Up-to-date: /home/phr/vscode_project/ros2_launch_testing_ws/install/my_interfaces/include/my_interfaces/my_interfaces/srv/detail
[1.830s] -- Installing: /home/phr/vscode_project/ros2_launch_testing_ws/install/my_interfaces/include/my_interfaces/my_interfaces/srv/detail/process_num__builder.hpp
[1.830s] -- Installing: /home/phr/vscode_project/ros2_launch_testing_ws/install/my_interfaces/include/my_interfaces/my_interfaces/srv/detail/process_num__traits.hpp
[1.830s] -- Installing: /home/phr/vscode_project/ros2_launch_testing_ws/install/my_interfaces/include/my_interfaces/my_interfaces/srv/detail/process_num__struct.hpp
[1.830s] -- Installing: /home/phr/vscode_project/ros2_launch_testing_ws/install/my_interfaces/include/my_interfaces/my_interfaces/srv/detail/process_num__type_support.hpp
[1.830s] -- Installing: /home/phr/vscode_project/ros2_launch_testing_ws/install/my_interfaces/include/my_interfaces/my_interfaces/srv/process_num.hpp
[1.830s] -- Up-to-date: /home/phr/vscode_project/ros2_launch_testing_ws/install/my_interfaces/include/my_interfaces/my_interfaces
[1.830s] -- Up-to-date: /home/phr/vscode_project/ros2_launch_testing_ws/install/my_interfaces/include/my_interfaces/my_interfaces/msg
[1.830s] -- Up-to-date: /home/phr/vscode_project/ros2_launch_testing_ws/install/my_interfaces/include/my_interfaces/my_interfaces/msg/detail
[1.830s] -- Up-to-date: /home/phr/vscode_project/ros2_launch_testing_ws/install/my_interfaces/include/my_interfaces/my_interfaces/msg/detail/dds_fastrtps
[1.831s] -- Installing: /home/phr/vscode_project/ros2_launch_testing_ws/install/my_interfaces/include/my_interfaces/my_interfaces/msg/detail/num__rosidl_typesupport_fastrtps_cpp.hpp
[1.831s] -- Up-to-date: /home/phr/vscode_project/ros2_launch_testing_ws/install/my_interfaces/include/my_interfaces/my_interfaces/msg/rosidl_typesupport_fastrtps_cpp__visibility_control.h
[1.831s] -- Up-to-date: /home/phr/vscode_project/ros2_launch_testing_ws/install/my_interfaces/include/my_interfaces/my_interfaces/srv
[1.831s] -- Up-to-date: /home/phr/vscode_project/ros2_launch_testing_ws/install/my_interfaces/include/my_interfaces/my_interfaces/srv/detail
[1.831s] -- Installing: /home/phr/vscode_project/ros2_launch_testing_ws/install/my_interfaces/include/my_interfaces/my_interfaces/srv/detail/dds_fastrtps
[1.831s] -- Installing: /home/phr/vscode_project/ros2_launch_testing_ws/install/my_interfaces/include/my_interfaces/my_interfaces/srv/detail/process_num__rosidl_typesupport_fastrtps_cpp.hpp
[1.831s] -- Installing: /home/phr/vscode_project/ros2_launch_testing_ws/install/my_interfaces/lib/libmy_interfaces__rosidl_typesupport_fastrtps_cpp.so
[1.831s] -- Set runtime path of "/home/phr/vscode_project/ros2_launch_testing_ws/install/my_interfaces/lib/libmy_interfaces__rosidl_typesupport_fastrtps_cpp.so" to ""
[1.831s] -- Up-to-date: /home/phr/vscode_project/ros2_launch_testing_ws/install/my_interfaces/include/my_interfaces/my_interfaces
[1.831s] -- Up-to-date: /home/phr/vscode_project/ros2_launch_testing_ws/install/my_interfaces/include/my_interfaces/my_interfaces/msg
[1.831s] -- Up-to-date: /home/phr/vscode_project/ros2_launch_testing_ws/install/my_interfaces/include/my_interfaces/my_interfaces/msg/detail
[1.831s] -- Installing: /home/phr/vscode_project/ros2_launch_testing_ws/install/my_interfaces/include/my_interfaces/my_interfaces/msg/detail/num__type_support.cpp
[1.831s] -- Installing: /home/phr/vscode_project/ros2_launch_testing_ws/install/my_interfaces/include/my_interfaces/my_interfaces/msg/detail/num__rosidl_typesupport_introspection_cpp.hpp
[1.831s] -- Up-to-date: /home/phr/vscode_project/ros2_launch_testing_ws/install/my_interfaces/include/my_interfaces/my_interfaces/srv
[1.831s] -- Up-to-date: /home/phr/vscode_project/ros2_launch_testing_ws/install/my_interfaces/include/my_interfaces/my_interfaces/srv/detail
[1.832s] -- Installing: /home/phr/vscode_project/ros2_launch_testing_ws/install/my_interfaces/include/my_interfaces/my_interfaces/srv/detail/process_num__rosidl_typesupport_introspection_cpp.hpp
[1.832s] -- Installing: /home/phr/vscode_project/ros2_launch_testing_ws/install/my_interfaces/include/my_interfaces/my_interfaces/srv/detail/process_num__type_support.cpp
[1.832s] -- Installing: /home/phr/vscode_project/ros2_launch_testing_ws/install/my_interfaces/lib/libmy_interfaces__rosidl_typesupport_introspection_cpp.so
[1.832s] -- Set runtime path of "/home/phr/vscode_project/ros2_launch_testing_ws/install/my_interfaces/lib/libmy_interfaces__rosidl_typesupport_introspection_cpp.so" to ""
[1.832s] -- Installing: /home/phr/vscode_project/ros2_launch_testing_ws/install/my_interfaces/lib/libmy_interfaces__rosidl_typesupport_cpp.so
[1.833s] -- Set runtime path of "/home/phr/vscode_project/ros2_launch_testing_ws/install/my_interfaces/lib/libmy_interfaces__rosidl_typesupport_cpp.so" to ""
[1.833s] -- Up-to-date: /home/phr/vscode_project/ros2_launch_testing_ws/install/my_interfaces/share/my_interfaces/environment/pythonpath.sh
[1.833s] -- Installing: /home/phr/vscode_project/ros2_launch_testing_ws/install/my_interfaces/share/my_interfaces/environment/pythonpath.dsv
[1.833s] -- Up-to-date: /home/phr/vscode_project/ros2_launch_testing_ws/install/my_interfaces/local/lib/python3.10/dist-packages/my_interfaces-0.0.0-py3.10.egg-info
[1.833s] -- Installing: /home/phr/vscode_project/ros2_launch_testing_ws/install/my_interfaces/local/lib/python3.10/dist-packages/my_interfaces-0.0.0-py3.10.egg-info/PKG-INFO
[1.833s] -- Installing: /home/phr/vscode_project/ros2_launch_testing_ws/install/my_interfaces/local/lib/python3.10/dist-packages/my_interfaces-0.0.0-py3.10.egg-info/SOURCES.txt
[1.833s] -- Installing: /home/phr/vscode_project/ros2_launch_testing_ws/install/my_interfaces/local/lib/python3.10/dist-packages/my_interfaces-0.0.0-py3.10.egg-info/top_level.txt
[1.833s] -- Installing: /home/phr/vscode_project/ros2_launch_testing_ws/install/my_interfaces/local/lib/python3.10/dist-packages/my_interfaces-0.0.0-py3.10.egg-info/dependency_links.txt
[1.833s] -- Up-to-date: /home/phr/vscode_project/ros2_launch_testing_ws/install/my_interfaces/local/lib/python3.10/dist-packages/my_interfaces
[1.833s] -- Installing: /home/phr/vscode_project/ros2_launch_testing_ws/install/my_interfaces/local/lib/python3.10/dist-packages/my_interfaces/_my_interfaces_s.ep.rosidl_typesupport_introspection_c.c
[1.833s] -- Installing: /home/phr/vscode_project/ros2_launch_testing_ws/install/my_interfaces/local/lib/python3.10/dist-packages/my_interfaces/_my_interfaces_s.ep.rosidl_typesupport_fastrtps_c.c
[1.833s] -- Installing: /home/phr/vscode_project/ros2_launch_testing_ws/install/my_interfaces/local/lib/python3.10/dist-packages/my_interfaces/__init__.py
[1.833s] -- Up-to-date: /home/phr/vscode_project/ros2_launch_testing_ws/install/my_interfaces/local/lib/python3.10/dist-packages/my_interfaces/msg
[1.833s] -- Installing: /home/phr/vscode_project/ros2_launch_testing_ws/install/my_interfaces/local/lib/python3.10/dist-packages/my_interfaces/msg/_num.py
[1.834s] -- Installing: /home/phr/vscode_project/ros2_launch_testing_ws/install/my_interfaces/local/lib/python3.10/dist-packages/my_interfaces/msg/__init__.py
[1.834s] -- Installing: /home/phr/vscode_project/ros2_launch_testing_ws/install/my_interfaces/local/lib/python3.10/dist-packages/my_interfaces/msg/_num_s.c
[1.834s] -- Installing: /home/phr/vscode_project/ros2_launch_testing_ws/install/my_interfaces/local/lib/python3.10/dist-packages/my_interfaces/_my_interfaces_s.ep.rosidl_typesupport_c.c
[1.834s] -- Installing: /home/phr/vscode_project/ros2_launch_testing_ws/install/my_interfaces/local/lib/python3.10/dist-packages/my_interfaces/my_interfaces_s__rosidl_typesupport_c.cpython-310-x86_64-linux-gnu.so
[1.834s] -- Installing: /home/phr/vscode_project/ros2_launch_testing_ws/install/my_interfaces/local/lib/python3.10/dist-packages/my_interfaces/srv
[1.834s] -- Installing: /home/phr/vscode_project/ros2_launch_testing_ws/install/my_interfaces/local/lib/python3.10/dist-packages/my_interfaces/srv/_process_num_s.c
[1.834s] -- Installing: /home/phr/vscode_project/ros2_launch_testing_ws/install/my_interfaces/local/lib/python3.10/dist-packages/my_interfaces/srv/__init__.py
[1.834s] -- Installing: /home/phr/vscode_project/ros2_launch_testing_ws/install/my_interfaces/local/lib/python3.10/dist-packages/my_interfaces/srv/_process_num.py
[1.834s] -- Installing: /home/phr/vscode_project/ros2_launch_testing_ws/install/my_interfaces/local/lib/python3.10/dist-packages/my_interfaces/my_interfaces_s__rosidl_typesupport_fastrtps_c.cpython-310-x86_64-linux-gnu.so
[1.834s] -- Installing: /home/phr/vscode_project/ros2_launch_testing_ws/install/my_interfaces/local/lib/python3.10/dist-packages/my_interfaces/my_interfaces_s__rosidl_typesupport_introspection_c.cpython-310-x86_64-linux-gnu.so
[1.834s] -- Installing: /home/phr/vscode_project/ros2_launch_testing_ws/install/my_interfaces/local/lib/python3.10/dist-packages/my_interfaces/libmy_interfaces__rosidl_generator_py.so
[1.855s] Listing '/home/phr/vscode_project/ros2_launch_testing_ws/install/my_interfaces/local/lib/python3.10/dist-packages/my_interfaces'...
[1.855s] Compiling '/home/phr/vscode_project/ros2_launch_testing_ws/install/my_interfaces/local/lib/python3.10/dist-packages/my_interfaces/__init__.py'...
[1.855s] Listing '/home/phr/vscode_project/ros2_launch_testing_ws/install/my_interfaces/local/lib/python3.10/dist-packages/my_interfaces/msg'...
[1.855s] Compiling '/home/phr/vscode_project/ros2_launch_testing_ws/install/my_interfaces/local/lib/python3.10/dist-packages/my_interfaces/msg/__init__.py'...
[1.856s] Compiling '/home/phr/vscode_project/ros2_launch_testing_ws/install/my_interfaces/local/lib/python3.10/dist-packages/my_interfaces/msg/_num.py'...
[1.856s] Listing '/home/phr/vscode_project/ros2_launch_testing_ws/install/my_interfaces/local/lib/python3.10/dist-packages/my_interfaces/srv'...
[1.856s] Compiling '/home/phr/vscode_project/ros2_launch_testing_ws/install/my_interfaces/local/lib/python3.10/dist-packages/my_interfaces/srv/__init__.py'...
[1.856s] Compiling '/home/phr/vscode_project/ros2_launch_testing_ws/install/my_interfaces/local/lib/python3.10/dist-packages/my_interfaces/srv/_process_num.py'...
[1.858s] -- Installing: /home/phr/vscode_project/ros2_launch_testing_ws/install/my_interfaces/local/lib/python3.10/dist-packages/my_interfaces/my_interfaces_s__rosidl_typesupport_fastrtps_c.cpython-310-x86_64-linux-gnu.so
[1.858s] -- Set runtime path of "/home/phr/vscode_project/ros2_launch_testing_ws/install/my_interfaces/local/lib/python3.10/dist-packages/my_interfaces/my_interfaces_s__rosidl_typesupport_fastrtps_c.cpython-310-x86_64-linux-gnu.so" to ""
[1.858s] -- Installing: /home/phr/vscode_project/ros2_launch_testing_ws/install/my_interfaces/local/lib/python3.10/dist-packages/my_interfaces/my_interfaces_s__rosidl_typesupport_introspection_c.cpython-310-x86_64-linux-gnu.so
[1.859s] -- Set runtime path of "/home/phr/vscode_project/ros2_launch_testing_ws/install/my_interfaces/local/lib/python3.10/dist-packages/my_interfaces/my_interfaces_s__rosidl_typesupport_introspection_c.cpython-310-x86_64-linux-gnu.so" to ""
[1.859s] -- Installing: /home/phr/vscode_project/ros2_launch_testing_ws/install/my_interfaces/local/lib/python3.10/dist-packages/my_interfaces/my_interfaces_s__rosidl_typesupport_c.cpython-310-x86_64-linux-gnu.so
[1.859s] -- Set runtime path of "/home/phr/vscode_project/ros2_launch_testing_ws/install/my_interfaces/local/lib/python3.10/dist-packages/my_interfaces/my_interfaces_s__rosidl_typesupport_c.cpython-310-x86_64-linux-gnu.so" to ""
[1.859s] -- Installing: /home/phr/vscode_project/ros2_launch_testing_ws/install/my_interfaces/lib/libmy_interfaces__rosidl_generator_py.so
[1.859s] -- Set runtime path of "/home/phr/vscode_project/ros2_launch_testing_ws/install/my_interfaces/lib/libmy_interfaces__rosidl_generator_py.so" to ""
[1.860s] -- Up-to-date: /home/phr/vscode_project/ros2_launch_testing_ws/install/my_interfaces/share/my_interfaces/msg/Num.idl
[1.860s] -- Installing: /home/phr/vscode_project/ros2_launch_testing_ws/install/my_interfaces/share/my_interfaces/srv/ProcessNum.idl
[1.860s] -- Up-to-date: /home/phr/vscode_project/ros2_launch_testing_ws/install/my_interfaces/share/my_interfaces/msg/Num.msg
[1.860s] -- Installing: /home/phr/vscode_project/ros2_launch_testing_ws/install/my_interfaces/share/my_interfaces/srv/ProcessNum.srv
[1.860s] -- Installing: /home/phr/vscode_project/ros2_launch_testing_ws/install/my_interfaces/share/my_interfaces/srv/ProcessNum_Request.msg
[1.860s] -- Installing: /home/phr/vscode_project/ros2_launch_testing_ws/install/my_interfaces/share/my_interfaces/srv/ProcessNum_Response.msg
[1.860s] -- Up-to-date: /home/phr/vscode_project/ros2_launch_testing_ws/install/my_interfaces/share/ament_index/resource_index/package_run_dependencies/my_interfaces
[1.860s] -- Installing: /home/phr/vscode_project/ros2_launch_testing_ws/install/my_interfaces/share/ament_index/resource_index/parent_prefix_path/my_interfaces
[1.860s] -- Up-to-date: /home/phr/vscode_project/ros2_launch_testing_ws/install/my_interfaces/share/my_interfaces/environment/ament_prefix_path.sh
[1.860s] -- Installing: /home/phr/vscode_project/ros2_launch_testing_ws/install/my_interfaces/share/my_interfaces/environment/ament_prefix_path.dsv
[1.860s] -- Up-to-date: /home/phr/vscode_project/ros2_launch_testing_ws/install/my_interfaces/share/my_interfaces/environment/path.sh
[1.860s] -- Installing: /home/phr/vscode_project/ros2_launch_testing_ws/install/my_interfaces/share/my_interfaces/environment/path.dsv
[1.860s] -- Up-to-date: /home/phr/vscode_project/ros2_launch_testing_ws/install/my_interfaces/share/my_interfaces/local_setup.bash
[1.860s] -- Up-to-date: /home/phr/vscode_project/ros2_launch_testing_ws/install/my_interfaces/share/my_interfaces/local_setup.sh
[1.860s] -- Up-to-date: /home/phr/vscode_project/ros2_launch_testing_ws/install/my_interfaces/share/my_interfaces/local_setup.zsh
[1.861s] -- Installing: /home/phr/vscode_project/ros2_launch_testing_ws/install/my_interfaces/share/my_interfaces/local_setup.dsv
[1.861s] -- Installing: /home/phr/vscode_project/ros2_launch_testing_ws/install/my_interfaces/share/my_interfaces/package.dsv
[1.861s] -- Up-to-date: /home/phr/vscode_project/ros2_launch_testing_ws/install/my_interfaces/share/ament_index/resource_index/packages/my_interfaces
[1.861s] -- Up-to-date: /home/phr/vscode_project/ros2_launch_testing_ws/install/my_interfaces/share/my_interfaces/cmake/export_my_interfaces__rosidl_generator_cExport.cmake
[1.861s] -- Up-to-date: /home/phr/vscode_project/ros2_launch_testing_ws/install/my_interfaces/share/my_interfaces/cmake/export_my_interfaces__rosidl_generator_cExport-noconfig.cmake
[1.861s] -- Up-to-date: /home/phr/vscode_project/ros2_launch_testing_ws/install/my_interfaces/share/my_interfaces/cmake/export_my_interfaces__rosidl_typesupport_fastrtps_cExport.cmake
[1.861s] -- Up-to-date: /home/phr/vscode_project/ros2_launch_testing_ws/install/my_interfaces/share/my_interfaces/cmake/export_my_interfaces__rosidl_typesupport_fastrtps_cExport-noconfig.cmake
[1.861s] -- Up-to-date: /home/phr/vscode_project/ros2_launch_testing_ws/install/my_interfaces/share/my_interfaces/cmake/my_interfaces__rosidl_typesupport_introspection_cExport.cmake
[1.861s] -- Up-to-date: /home/phr/vscode_project/ros2_launch_testing_ws/install/my_interfaces/share/my_interfaces/cmake/my_interfaces__rosidl_typesupport_introspection_cExport-noconfig.cmake
[1.861s] -- Up-to-date: /home/phr/vscode_project/ros2_launch_testing_ws/install/my_interfaces/share/my_interfaces/cmake/my_interfaces__rosidl_typesupport_cExport.cmake
[1.861s] -- Up-to-date: /home/phr/vscode_project/ros2_launch_testing_ws/install/my_interfaces/share/my_interfaces/cmake/my_interfaces__rosidl_typesupport_cExport-noconfig.cmake
[1.861s] -- Up-to-date: /home/phr/vscode_project/ros2_launch_testing_ws/install/my_interfaces/share/my_interfaces/cmake/export_my_interfaces__rosidl_generator_cppExport.cmake
[1.862s] -- Up-to-date: /home/phr/vscode_project/ros2_launch_testing_ws/install/my_interfaces/share/my_interfaces/cmake/export_my_interfaces__rosidl_typesupport_fastrtps_cppExport.cmake
[1.862s] -- Up-to-date: /home/phr/vscode_project/ros2_launch_testing_ws/install/my_interfaces/share/my_interfaces/cmake/export_my_interfaces__rosidl_typesupport_fastrtps_cppExport-noconfig.cmake
[1.862s] -- Up-to-date: /home/phr/vscode_project/ros2_launch_testing_ws/install/my_interfaces/share/my_interfaces/cmake/my_interfaces__rosidl_typesupport_introspection_cppExport.cmake
[1.862s] -- Up-to-date: /home/phr/vscode_project/ros2_launch_testing_ws/install/my_interfaces/share/my_interfaces/cmake/my_interfaces__rosidl_typesupport_introspection_cppExport-noconfig.cmake
[1.862s] -- Up-to-date: /home/phr/vscode_project/ros2_launch_testing_ws/install/my_interfaces/share/my_interfaces/cmake/my_interfaces__rosidl_typesupport_cppExport.cmake
[1.862s] -- Up-to-date: /home/phr/vscode_project/ros2_launch_testing_ws/install/my_interfaces/share/my_interfaces/cmake/my_interfaces__rosidl_typesupport_cppExport-noconfig.cmake
[1.862s] -- Up-to-date: /home/phr/vscode_project/ros2_launch_testing_ws/install/my_interfaces/share/my_interfaces/cmake/export_my_interfaces__rosidl_generator_pyExport.cmake
[1.862s] -- Up-to-date: /home/phr/vscode_project/ros2_launch_testing_ws/install/my_interfaces/share/my_interfaces/cmake/export_my_interfaces__rosidl_generator_pyExport-noconfig.cmake
[1.862s] -- Installing: /home/phr/vscode_project/ros2_launch_testing_ws/install/my_interfaces/share/my_interfaces/cmake/rosidl_cmake-extras.cmake
[1.862s] -- Up-to-date: /home/phr/vscode_project/ros2_launch_testing_ws/install/my_interfaces/share/my_interfaces/cmake/ament_cmake_export_include_directories-extras.cmake
[1.862s] -- Up-to-date: /home/phr/vscode_project/ros2_launch_testing_ws/install/my_interfaces/share/my_interfaces/cmake/ament_cmake_export_libraries-extras.cmake
[1.862s] -- Up-to-date: /home/phr/vscode_project/ros2_launch_testing_ws/install/my_interfaces/share/my_interfaces/cmake/ament_cmake_export_targets-extras.cmake
[1.862s] -- Up-to-date: /home/phr/vscode_project/ros2_launch_testing_ws/install/my_interfaces/share/my_interfaces/cmake/rosidl_cmake_export_typesupport_targets-extras.cmake
[1.862s] -- Up-to-date: /home/phr/vscode_project/ros2_launch_testing_ws/install/my_interfaces/share/my_interfaces/cmake/ament_cmake_export_dependencies-extras.cmake
[1.862s] -- Up-to-date: /home/phr/vscode_project/ros2_launch_testing_ws/install/my_interfaces/share/my_interfaces/cmake/rosidl_cmake_export_typesupport_libraries-extras.cmake
[1.862s] -- Up-to-date: /home/phr/vscode_project/ros2_launch_testing_ws/install/my_interfaces/share/my_interfaces/cmake/my_interfacesConfig.cmake
[1.862s] -- Up-to-date: /home/phr/vscode_project/ros2_launch_testing_ws/install/my_interfaces/share/my_interfaces/cmake/my_interfacesConfig-version.cmake
[1.862s] -- Up-to-date: /home/phr/vscode_project/ros2_launch_testing_ws/install/my_interfaces/share/my_interfaces/package.xml
[1.864s] Invoked command in '/home/phr/vscode_project/ros2_launch_testing_ws/build/my_interfaces' returned '0': CMAKE_PREFIX_PATH=/opt/ros/humble /usr/bin/cmake --install /home/phr/vscode_project/ros2_launch_testing_ws/build/my_interfaces
