[0.008s] Invoking command in '/home/phr/vscode_project/ros2_launch_testing_ws/build/my_interfaces': CMAKE_PREFIX_PATH=/opt/ros/humble /usr/bin/cmake --build /home/phr/vscode_project/ros2_launch_testing_ws/build/my_interfaces -- -j32 -l32
[0.039s] [35m[1mConsolidate compiler generated dependencies of target my_interfaces__rosidl_generator_c[0m
[0.047s] [  2%] Built target my_interfaces__cpp
[0.048s] [ 12%] Built target my_interfaces__rosidl_generator_c
[0.054s] [ 12%] Built target ament_cmake_python_copy_my_interfaces
[0.056s] [35m[1mConsolidate compiler generated dependencies of target my_interfaces__rosidl_typesupport_fastrtps_cpp[0m
[0.056s] [35m[1mConsolidate compiler generated dependencies of target my_interfaces__rosidl_typesupport_cpp[0m
[0.057s] [35m[1mConsolidate compiler generated dependencies of target my_interfaces__rosidl_typesupport_c[0m
[0.057s] [35m[1mConsolidate compiler generated dependencies of target my_interfaces__rosidl_typesupport_introspection_c[0m
[0.057s] [35m[1mConsolidate compiler generated dependencies of target my_interfaces__rosidl_typesupport_fastrtps_c[0m
[0.057s] [35m[1mConsolidate compiler generated dependencies of target my_interfaces__rosidl_typesupport_introspection_cpp[0m
[0.066s] [ 23%] Built target my_interfaces__rosidl_typesupport_c
[0.066s] [ 33%] Built target my_interfaces__rosidl_typesupport_introspection_c
[0.068s] [ 43%] Built target my_interfaces__rosidl_typesupport_fastrtps_cpp
[0.068s] [ 53%] Built target my_interfaces__rosidl_typesupport_cpp
[0.068s] [ 64%] Built target my_interfaces__rosidl_typesupport_introspection_cpp
[0.069s] [ 74%] Built target my_interfaces__rosidl_typesupport_fastrtps_c
[0.084s] [ 74%] Built target my_interfaces
[0.100s] [ 76%] Built target my_interfaces__py
[0.109s] [35m[1mConsolidate compiler generated dependencies of target my_interfaces__rosidl_generator_py[0m
[0.121s] [ 84%] Built target my_interfaces__rosidl_generator_py
[0.129s] [35m[1mConsolidate compiler generated dependencies of target my_interfaces__rosidl_typesupport_fastrtps_c__pyext[0m
[0.130s] [35m[1mConsolidate compiler generated dependencies of target my_interfaces__rosidl_typesupport_introspection_c__pyext[0m
[0.130s] [35m[1mConsolidate compiler generated dependencies of target my_interfaces__rosidl_typesupport_c__pyext[0m
[0.140s] [ 92%] Built target my_interfaces__rosidl_typesupport_fastrtps_c__pyext
[0.140s] [ 94%] Built target my_interfaces__rosidl_typesupport_introspection_c__pyext
[0.140s] [100%] Built target my_interfaces__rosidl_typesupport_c__pyext
[0.199s] running egg_info
[0.199s] writing my_interfaces.egg-info/PKG-INFO
[0.199s] writing dependency_links to my_interfaces.egg-info/dependency_links.txt
[0.199s] writing top-level names to my_interfaces.egg-info/top_level.txt
[0.201s] reading manifest file 'my_interfaces.egg-info/SOURCES.txt'
[0.201s] writing manifest file 'my_interfaces.egg-info/SOURCES.txt'
[0.220s] [100%] Built target ament_cmake_python_build_my_interfaces_egg
[0.231s] Invoked command in '/home/phr/vscode_project/ros2_launch_testing_ws/build/my_interfaces' returned '0': CMAKE_PREFIX_PATH=/opt/ros/humble /usr/bin/cmake --build /home/phr/vscode_project/ros2_launch_testing_ws/build/my_interfaces -- -j32 -l32
[0.239s] Invoking command in '/home/phr/vscode_project/ros2_launch_testing_ws/build/my_interfaces': CMAKE_PREFIX_PATH=/opt/ros/humble /usr/bin/cmake --install /home/phr/vscode_project/ros2_launch_testing_ws/build/my_interfaces
[0.245s] -- Install configuration: ""
[0.245s] -- Up-to-date: /home/phr/vscode_project/ros2_launch_testing_ws/install/my_interfaces/share/ament_index/resource_index/rosidl_interfaces/my_interfaces
[0.245s] -- Up-to-date: /home/phr/vscode_project/ros2_launch_testing_ws/install/my_interfaces/include/my_interfaces/my_interfaces
[0.245s] -- Up-to-date: /home/phr/vscode_project/ros2_launch_testing_ws/install/my_interfaces/include/my_interfaces/my_interfaces/msg
[0.245s] -- Up-to-date: /home/phr/vscode_project/ros2_launch_testing_ws/install/my_interfaces/include/my_interfaces/my_interfaces/msg/detail
[0.245s] -- Up-to-date: /home/phr/vscode_project/ros2_launch_testing_ws/install/my_interfaces/include/my_interfaces/my_interfaces/msg/detail/num__functions.c
[0.245s] -- Up-to-date: /home/phr/vscode_project/ros2_launch_testing_ws/install/my_interfaces/include/my_interfaces/my_interfaces/msg/detail/num__functions.h
[0.245s] -- Up-to-date: /home/phr/vscode_project/ros2_launch_testing_ws/install/my_interfaces/include/my_interfaces/my_interfaces/msg/detail/num__struct.h
[0.245s] -- Up-to-date: /home/phr/vscode_project/ros2_launch_testing_ws/install/my_interfaces/include/my_interfaces/my_interfaces/msg/detail/num__type_support.h
[0.245s] -- Up-to-date: /home/phr/vscode_project/ros2_launch_testing_ws/install/my_interfaces/include/my_interfaces/my_interfaces/msg/num.h
[0.245s] -- Up-to-date: /home/phr/vscode_project/ros2_launch_testing_ws/install/my_interfaces/include/my_interfaces/my_interfaces/msg/rosidl_generator_c__visibility_control.h
[0.245s] -- Up-to-date: /home/phr/vscode_project/ros2_launch_testing_ws/install/my_interfaces/include/my_interfaces/my_interfaces/srv
[0.245s] -- Up-to-date: /home/phr/vscode_project/ros2_launch_testing_ws/install/my_interfaces/include/my_interfaces/my_interfaces/srv/detail
[0.245s] -- Up-to-date: /home/phr/vscode_project/ros2_launch_testing_ws/install/my_interfaces/include/my_interfaces/my_interfaces/srv/detail/process_num__functions.c
[0.245s] -- Up-to-date: /home/phr/vscode_project/ros2_launch_testing_ws/install/my_interfaces/include/my_interfaces/my_interfaces/srv/detail/process_num__functions.h
[0.245s] -- Up-to-date: /home/phr/vscode_project/ros2_launch_testing_ws/install/my_interfaces/include/my_interfaces/my_interfaces/srv/detail/process_num__struct.h
[0.245s] -- Up-to-date: /home/phr/vscode_project/ros2_launch_testing_ws/install/my_interfaces/include/my_interfaces/my_interfaces/srv/detail/process_num__type_support.h
[0.246s] -- Up-to-date: /home/phr/vscode_project/ros2_launch_testing_ws/install/my_interfaces/include/my_interfaces/my_interfaces/srv/process_num.h
[0.246s] -- Up-to-date: /home/phr/vscode_project/ros2_launch_testing_ws/install/my_interfaces/share/my_interfaces/environment/library_path.sh
[0.246s] -- Up-to-date: /home/phr/vscode_project/ros2_launch_testing_ws/install/my_interfaces/share/my_interfaces/environment/library_path.dsv
[0.246s] -- Up-to-date: /home/phr/vscode_project/ros2_launch_testing_ws/install/my_interfaces/lib/libmy_interfaces__rosidl_generator_c.so
[0.246s] -- Up-to-date: /home/phr/vscode_project/ros2_launch_testing_ws/install/my_interfaces/include/my_interfaces/my_interfaces
[0.246s] -- Up-to-date: /home/phr/vscode_project/ros2_launch_testing_ws/install/my_interfaces/include/my_interfaces/my_interfaces/msg
[0.246s] -- Up-to-date: /home/phr/vscode_project/ros2_launch_testing_ws/install/my_interfaces/include/my_interfaces/my_interfaces/msg/detail
[0.246s] -- Up-to-date: /home/phr/vscode_project/ros2_launch_testing_ws/install/my_interfaces/include/my_interfaces/my_interfaces/msg/detail/num__rosidl_typesupport_fastrtps_c.h
[0.246s] -- Up-to-date: /home/phr/vscode_project/ros2_launch_testing_ws/install/my_interfaces/include/my_interfaces/my_interfaces/msg/rosidl_typesupport_fastrtps_c__visibility_control.h
[0.246s] -- Up-to-date: /home/phr/vscode_project/ros2_launch_testing_ws/install/my_interfaces/include/my_interfaces/my_interfaces/srv
[0.246s] -- Up-to-date: /home/phr/vscode_project/ros2_launch_testing_ws/install/my_interfaces/include/my_interfaces/my_interfaces/srv/detail
[0.246s] -- Up-to-date: /home/phr/vscode_project/ros2_launch_testing_ws/install/my_interfaces/include/my_interfaces/my_interfaces/srv/detail/process_num__rosidl_typesupport_fastrtps_c.h
[0.246s] -- Up-to-date: /home/phr/vscode_project/ros2_launch_testing_ws/install/my_interfaces/lib/libmy_interfaces__rosidl_typesupport_fastrtps_c.so
[0.246s] -- Up-to-date: /home/phr/vscode_project/ros2_launch_testing_ws/install/my_interfaces/include/my_interfaces/my_interfaces
[0.246s] -- Up-to-date: /home/phr/vscode_project/ros2_launch_testing_ws/install/my_interfaces/include/my_interfaces/my_interfaces/msg
[0.246s] -- Up-to-date: /home/phr/vscode_project/ros2_launch_testing_ws/install/my_interfaces/include/my_interfaces/my_interfaces/msg/detail
[0.246s] -- Up-to-date: /home/phr/vscode_project/ros2_launch_testing_ws/install/my_interfaces/include/my_interfaces/my_interfaces/msg/detail/num__type_support.c
[0.246s] -- Up-to-date: /home/phr/vscode_project/ros2_launch_testing_ws/install/my_interfaces/include/my_interfaces/my_interfaces/msg/detail/num__rosidl_typesupport_introspection_c.h
[0.246s] -- Up-to-date: /home/phr/vscode_project/ros2_launch_testing_ws/install/my_interfaces/include/my_interfaces/my_interfaces/msg/rosidl_typesupport_introspection_c__visibility_control.h
[0.247s] -- Up-to-date: /home/phr/vscode_project/ros2_launch_testing_ws/install/my_interfaces/include/my_interfaces/my_interfaces/srv
[0.247s] -- Up-to-date: /home/phr/vscode_project/ros2_launch_testing_ws/install/my_interfaces/include/my_interfaces/my_interfaces/srv/detail
[0.247s] -- Up-to-date: /home/phr/vscode_project/ros2_launch_testing_ws/install/my_interfaces/include/my_interfaces/my_interfaces/srv/detail/process_num__rosidl_typesupport_introspection_c.h
[0.247s] -- Up-to-date: /home/phr/vscode_project/ros2_launch_testing_ws/install/my_interfaces/include/my_interfaces/my_interfaces/srv/detail/process_num__type_support.c
[0.247s] -- Up-to-date: /home/phr/vscode_project/ros2_launch_testing_ws/install/my_interfaces/lib/libmy_interfaces__rosidl_typesupport_introspection_c.so
[0.247s] -- Up-to-date: /home/phr/vscode_project/ros2_launch_testing_ws/install/my_interfaces/lib/libmy_interfaces__rosidl_typesupport_c.so
[0.247s] -- Up-to-date: /home/phr/vscode_project/ros2_launch_testing_ws/install/my_interfaces/include/my_interfaces/my_interfaces
[0.247s] -- Up-to-date: /home/phr/vscode_project/ros2_launch_testing_ws/install/my_interfaces/include/my_interfaces/my_interfaces/msg
[0.247s] -- Up-to-date: /home/phr/vscode_project/ros2_launch_testing_ws/install/my_interfaces/include/my_interfaces/my_interfaces/msg/detail
[0.247s] -- Up-to-date: /home/phr/vscode_project/ros2_launch_testing_ws/install/my_interfaces/include/my_interfaces/my_interfaces/msg/detail/num__type_support.hpp
[0.247s] -- Up-to-date: /home/phr/vscode_project/ros2_launch_testing_ws/install/my_interfaces/include/my_interfaces/my_interfaces/msg/detail/num__traits.hpp
[0.247s] -- Up-to-date: /home/phr/vscode_project/ros2_launch_testing_ws/install/my_interfaces/include/my_interfaces/my_interfaces/msg/detail/num__struct.hpp
[0.247s] -- Up-to-date: /home/phr/vscode_project/ros2_launch_testing_ws/install/my_interfaces/include/my_interfaces/my_interfaces/msg/detail/num__builder.hpp
[0.247s] -- Up-to-date: /home/phr/vscode_project/ros2_launch_testing_ws/install/my_interfaces/include/my_interfaces/my_interfaces/msg/rosidl_generator_cpp__visibility_control.hpp
[0.247s] -- Up-to-date: /home/phr/vscode_project/ros2_launch_testing_ws/install/my_interfaces/include/my_interfaces/my_interfaces/msg/num.hpp
[0.247s] -- Up-to-date: /home/phr/vscode_project/ros2_launch_testing_ws/install/my_interfaces/include/my_interfaces/my_interfaces/srv
[0.248s] -- Up-to-date: /home/phr/vscode_project/ros2_launch_testing_ws/install/my_interfaces/include/my_interfaces/my_interfaces/srv/detail
[0.248s] -- Up-to-date: /home/phr/vscode_project/ros2_launch_testing_ws/install/my_interfaces/include/my_interfaces/my_interfaces/srv/detail/process_num__builder.hpp
[0.248s] -- Up-to-date: /home/phr/vscode_project/ros2_launch_testing_ws/install/my_interfaces/include/my_interfaces/my_interfaces/srv/detail/process_num__traits.hpp
[0.248s] -- Up-to-date: /home/phr/vscode_project/ros2_launch_testing_ws/install/my_interfaces/include/my_interfaces/my_interfaces/srv/detail/process_num__struct.hpp
[0.248s] -- Up-to-date: /home/phr/vscode_project/ros2_launch_testing_ws/install/my_interfaces/include/my_interfaces/my_interfaces/srv/detail/process_num__type_support.hpp
[0.248s] -- Up-to-date: /home/phr/vscode_project/ros2_launch_testing_ws/install/my_interfaces/include/my_interfaces/my_interfaces/srv/process_num.hpp
[0.248s] -- Up-to-date: /home/phr/vscode_project/ros2_launch_testing_ws/install/my_interfaces/include/my_interfaces/my_interfaces
[0.248s] -- Up-to-date: /home/phr/vscode_project/ros2_launch_testing_ws/install/my_interfaces/include/my_interfaces/my_interfaces/msg
[0.248s] -- Up-to-date: /home/phr/vscode_project/ros2_launch_testing_ws/install/my_interfaces/include/my_interfaces/my_interfaces/msg/detail
[0.248s] -- Up-to-date: /home/phr/vscode_project/ros2_launch_testing_ws/install/my_interfaces/include/my_interfaces/my_interfaces/msg/detail/dds_fastrtps
[0.248s] -- Up-to-date: /home/phr/vscode_project/ros2_launch_testing_ws/install/my_interfaces/include/my_interfaces/my_interfaces/msg/detail/num__rosidl_typesupport_fastrtps_cpp.hpp
[0.248s] -- Up-to-date: /home/phr/vscode_project/ros2_launch_testing_ws/install/my_interfaces/include/my_interfaces/my_interfaces/msg/rosidl_typesupport_fastrtps_cpp__visibility_control.h
[0.248s] -- Up-to-date: /home/phr/vscode_project/ros2_launch_testing_ws/install/my_interfaces/include/my_interfaces/my_interfaces/srv
[0.248s] -- Up-to-date: /home/phr/vscode_project/ros2_launch_testing_ws/install/my_interfaces/include/my_interfaces/my_interfaces/srv/detail
[0.248s] -- Up-to-date: /home/phr/vscode_project/ros2_launch_testing_ws/install/my_interfaces/include/my_interfaces/my_interfaces/srv/detail/dds_fastrtps
[0.248s] -- Up-to-date: /home/phr/vscode_project/ros2_launch_testing_ws/install/my_interfaces/include/my_interfaces/my_interfaces/srv/detail/process_num__rosidl_typesupport_fastrtps_cpp.hpp
[0.248s] -- Up-to-date: /home/phr/vscode_project/ros2_launch_testing_ws/install/my_interfaces/lib/libmy_interfaces__rosidl_typesupport_fastrtps_cpp.so
[0.248s] -- Up-to-date: /home/phr/vscode_project/ros2_launch_testing_ws/install/my_interfaces/include/my_interfaces/my_interfaces
[0.248s] -- Up-to-date: /home/phr/vscode_project/ros2_launch_testing_ws/install/my_interfaces/include/my_interfaces/my_interfaces/msg
[0.248s] -- Up-to-date: /home/phr/vscode_project/ros2_launch_testing_ws/install/my_interfaces/include/my_interfaces/my_interfaces/msg/detail
[0.248s] -- Up-to-date: /home/phr/vscode_project/ros2_launch_testing_ws/install/my_interfaces/include/my_interfaces/my_interfaces/msg/detail/num__type_support.cpp
[0.249s] -- Up-to-date: /home/phr/vscode_project/ros2_launch_testing_ws/install/my_interfaces/include/my_interfaces/my_interfaces/msg/detail/num__rosidl_typesupport_introspection_cpp.hpp
[0.249s] -- Up-to-date: /home/phr/vscode_project/ros2_launch_testing_ws/install/my_interfaces/include/my_interfaces/my_interfaces/srv
[0.249s] -- Up-to-date: /home/phr/vscode_project/ros2_launch_testing_ws/install/my_interfaces/include/my_interfaces/my_interfaces/srv/detail
[0.249s] -- Up-to-date: /home/phr/vscode_project/ros2_launch_testing_ws/install/my_interfaces/include/my_interfaces/my_interfaces/srv/detail/process_num__rosidl_typesupport_introspection_cpp.hpp
[0.249s] -- Up-to-date: /home/phr/vscode_project/ros2_launch_testing_ws/install/my_interfaces/include/my_interfaces/my_interfaces/srv/detail/process_num__type_support.cpp
[0.249s] -- Up-to-date: /home/phr/vscode_project/ros2_launch_testing_ws/install/my_interfaces/lib/libmy_interfaces__rosidl_typesupport_introspection_cpp.so
[0.249s] -- Up-to-date: /home/phr/vscode_project/ros2_launch_testing_ws/install/my_interfaces/lib/libmy_interfaces__rosidl_typesupport_cpp.so
[0.249s] -- Up-to-date: /home/phr/vscode_project/ros2_launch_testing_ws/install/my_interfaces/share/my_interfaces/environment/pythonpath.sh
[0.249s] -- Up-to-date: /home/phr/vscode_project/ros2_launch_testing_ws/install/my_interfaces/share/my_interfaces/environment/pythonpath.dsv
[0.249s] -- Up-to-date: /home/phr/vscode_project/ros2_launch_testing_ws/install/my_interfaces/local/lib/python3.10/dist-packages/my_interfaces-0.0.0-py3.10.egg-info
[0.249s] -- Installing: /home/phr/vscode_project/ros2_launch_testing_ws/install/my_interfaces/local/lib/python3.10/dist-packages/my_interfaces-0.0.0-py3.10.egg-info/PKG-INFO
[0.249s] -- Installing: /home/phr/vscode_project/ros2_launch_testing_ws/install/my_interfaces/local/lib/python3.10/dist-packages/my_interfaces-0.0.0-py3.10.egg-info/SOURCES.txt
[0.249s] -- Installing: /home/phr/vscode_project/ros2_launch_testing_ws/install/my_interfaces/local/lib/python3.10/dist-packages/my_interfaces-0.0.0-py3.10.egg-info/top_level.txt
[0.249s] -- Installing: /home/phr/vscode_project/ros2_launch_testing_ws/install/my_interfaces/local/lib/python3.10/dist-packages/my_interfaces-0.0.0-py3.10.egg-info/dependency_links.txt
[0.249s] -- Up-to-date: /home/phr/vscode_project/ros2_launch_testing_ws/install/my_interfaces/local/lib/python3.10/dist-packages/my_interfaces
[0.249s] -- Up-to-date: /home/phr/vscode_project/ros2_launch_testing_ws/install/my_interfaces/local/lib/python3.10/dist-packages/my_interfaces/_my_interfaces_s.ep.rosidl_typesupport_introspection_c.c
[0.249s] -- Up-to-date: /home/phr/vscode_project/ros2_launch_testing_ws/install/my_interfaces/local/lib/python3.10/dist-packages/my_interfaces/_my_interfaces_s.ep.rosidl_typesupport_fastrtps_c.c
[0.249s] -- Up-to-date: /home/phr/vscode_project/ros2_launch_testing_ws/install/my_interfaces/local/lib/python3.10/dist-packages/my_interfaces/__init__.py
[0.250s] -- Up-to-date: /home/phr/vscode_project/ros2_launch_testing_ws/install/my_interfaces/local/lib/python3.10/dist-packages/my_interfaces/msg
[0.250s] -- Up-to-date: /home/phr/vscode_project/ros2_launch_testing_ws/install/my_interfaces/local/lib/python3.10/dist-packages/my_interfaces/msg/_num.py
[0.250s] -- Up-to-date: /home/phr/vscode_project/ros2_launch_testing_ws/install/my_interfaces/local/lib/python3.10/dist-packages/my_interfaces/msg/__init__.py
[0.250s] -- Up-to-date: /home/phr/vscode_project/ros2_launch_testing_ws/install/my_interfaces/local/lib/python3.10/dist-packages/my_interfaces/msg/_num_s.c
[0.250s] -- Up-to-date: /home/phr/vscode_project/ros2_launch_testing_ws/install/my_interfaces/local/lib/python3.10/dist-packages/my_interfaces/_my_interfaces_s.ep.rosidl_typesupport_c.c
[0.250s] -- Up-to-date: /home/phr/vscode_project/ros2_launch_testing_ws/install/my_interfaces/local/lib/python3.10/dist-packages/my_interfaces/my_interfaces_s__rosidl_typesupport_c.cpython-310-x86_64-linux-gnu.so
[0.250s] -- Up-to-date: /home/phr/vscode_project/ros2_launch_testing_ws/install/my_interfaces/local/lib/python3.10/dist-packages/my_interfaces/srv
[0.250s] -- Up-to-date: /home/phr/vscode_project/ros2_launch_testing_ws/install/my_interfaces/local/lib/python3.10/dist-packages/my_interfaces/srv/_process_num_s.c
[0.250s] -- Up-to-date: /home/phr/vscode_project/ros2_launch_testing_ws/install/my_interfaces/local/lib/python3.10/dist-packages/my_interfaces/srv/__init__.py
[0.250s] -- Up-to-date: /home/phr/vscode_project/ros2_launch_testing_ws/install/my_interfaces/local/lib/python3.10/dist-packages/my_interfaces/srv/_process_num.py
[0.250s] -- Up-to-date: /home/phr/vscode_project/ros2_launch_testing_ws/install/my_interfaces/local/lib/python3.10/dist-packages/my_interfaces/my_interfaces_s__rosidl_typesupport_fastrtps_c.cpython-310-x86_64-linux-gnu.so
[0.250s] -- Up-to-date: /home/phr/vscode_project/ros2_launch_testing_ws/install/my_interfaces/local/lib/python3.10/dist-packages/my_interfaces/my_interfaces_s__rosidl_typesupport_introspection_c.cpython-310-x86_64-linux-gnu.so
[0.250s] -- Up-to-date: /home/phr/vscode_project/ros2_launch_testing_ws/install/my_interfaces/local/lib/python3.10/dist-packages/my_interfaces/libmy_interfaces__rosidl_generator_py.so
[0.272s] Listing '/home/phr/vscode_project/ros2_launch_testing_ws/install/my_interfaces/local/lib/python3.10/dist-packages/my_interfaces'...
[0.272s] Listing '/home/phr/vscode_project/ros2_launch_testing_ws/install/my_interfaces/local/lib/python3.10/dist-packages/my_interfaces/msg'...
[0.272s] Listing '/home/phr/vscode_project/ros2_launch_testing_ws/install/my_interfaces/local/lib/python3.10/dist-packages/my_interfaces/srv'...
[0.275s] -- Up-to-date: /home/phr/vscode_project/ros2_launch_testing_ws/install/my_interfaces/local/lib/python3.10/dist-packages/my_interfaces/my_interfaces_s__rosidl_typesupport_fastrtps_c.cpython-310-x86_64-linux-gnu.so
[0.275s] -- Up-to-date: /home/phr/vscode_project/ros2_launch_testing_ws/install/my_interfaces/local/lib/python3.10/dist-packages/my_interfaces/my_interfaces_s__rosidl_typesupport_introspection_c.cpython-310-x86_64-linux-gnu.so
[0.275s] -- Up-to-date: /home/phr/vscode_project/ros2_launch_testing_ws/install/my_interfaces/local/lib/python3.10/dist-packages/my_interfaces/my_interfaces_s__rosidl_typesupport_c.cpython-310-x86_64-linux-gnu.so
[0.275s] -- Up-to-date: /home/phr/vscode_project/ros2_launch_testing_ws/install/my_interfaces/lib/libmy_interfaces__rosidl_generator_py.so
[0.275s] -- Up-to-date: /home/phr/vscode_project/ros2_launch_testing_ws/install/my_interfaces/share/my_interfaces/msg/Num.idl
[0.276s] -- Up-to-date: /home/phr/vscode_project/ros2_launch_testing_ws/install/my_interfaces/share/my_interfaces/srv/ProcessNum.idl
[0.276s] -- Up-to-date: /home/phr/vscode_project/ros2_launch_testing_ws/install/my_interfaces/share/my_interfaces/msg/Num.msg
[0.276s] -- Up-to-date: /home/phr/vscode_project/ros2_launch_testing_ws/install/my_interfaces/share/my_interfaces/srv/ProcessNum.srv
[0.276s] -- Up-to-date: /home/phr/vscode_project/ros2_launch_testing_ws/install/my_interfaces/share/my_interfaces/srv/ProcessNum_Request.msg
[0.276s] -- Up-to-date: /home/phr/vscode_project/ros2_launch_testing_ws/install/my_interfaces/share/my_interfaces/srv/ProcessNum_Response.msg
[0.276s] -- Up-to-date: /home/phr/vscode_project/ros2_launch_testing_ws/install/my_interfaces/share/ament_index/resource_index/package_run_dependencies/my_interfaces
[0.276s] -- Up-to-date: /home/phr/vscode_project/ros2_launch_testing_ws/install/my_interfaces/share/ament_index/resource_index/parent_prefix_path/my_interfaces
[0.276s] -- Up-to-date: /home/phr/vscode_project/ros2_launch_testing_ws/install/my_interfaces/share/my_interfaces/environment/ament_prefix_path.sh
[0.276s] -- Up-to-date: /home/phr/vscode_project/ros2_launch_testing_ws/install/my_interfaces/share/my_interfaces/environment/ament_prefix_path.dsv
[0.276s] -- Up-to-date: /home/phr/vscode_project/ros2_launch_testing_ws/install/my_interfaces/share/my_interfaces/environment/path.sh
[0.276s] -- Up-to-date: /home/phr/vscode_project/ros2_launch_testing_ws/install/my_interfaces/share/my_interfaces/environment/path.dsv
[0.276s] -- Up-to-date: /home/phr/vscode_project/ros2_launch_testing_ws/install/my_interfaces/share/my_interfaces/local_setup.bash
[0.276s] -- Up-to-date: /home/phr/vscode_project/ros2_launch_testing_ws/install/my_interfaces/share/my_interfaces/local_setup.sh
[0.276s] -- Up-to-date: /home/phr/vscode_project/ros2_launch_testing_ws/install/my_interfaces/share/my_interfaces/local_setup.zsh
[0.276s] -- Up-to-date: /home/phr/vscode_project/ros2_launch_testing_ws/install/my_interfaces/share/my_interfaces/local_setup.dsv
[0.276s] -- Installing: /home/phr/vscode_project/ros2_launch_testing_ws/install/my_interfaces/share/my_interfaces/package.dsv
[0.276s] -- Up-to-date: /home/phr/vscode_project/ros2_launch_testing_ws/install/my_interfaces/share/ament_index/resource_index/packages/my_interfaces
[0.276s] -- Up-to-date: /home/phr/vscode_project/ros2_launch_testing_ws/install/my_interfaces/share/my_interfaces/cmake/export_my_interfaces__rosidl_generator_cExport.cmake
[0.276s] -- Up-to-date: /home/phr/vscode_project/ros2_launch_testing_ws/install/my_interfaces/share/my_interfaces/cmake/export_my_interfaces__rosidl_generator_cExport-noconfig.cmake
[0.277s] -- Up-to-date: /home/phr/vscode_project/ros2_launch_testing_ws/install/my_interfaces/share/my_interfaces/cmake/export_my_interfaces__rosidl_typesupport_fastrtps_cExport.cmake
[0.277s] -- Up-to-date: /home/phr/vscode_project/ros2_launch_testing_ws/install/my_interfaces/share/my_interfaces/cmake/export_my_interfaces__rosidl_typesupport_fastrtps_cExport-noconfig.cmake
[0.277s] -- Up-to-date: /home/phr/vscode_project/ros2_launch_testing_ws/install/my_interfaces/share/my_interfaces/cmake/my_interfaces__rosidl_typesupport_introspection_cExport.cmake
[0.277s] -- Up-to-date: /home/phr/vscode_project/ros2_launch_testing_ws/install/my_interfaces/share/my_interfaces/cmake/my_interfaces__rosidl_typesupport_introspection_cExport-noconfig.cmake
[0.277s] -- Up-to-date: /home/phr/vscode_project/ros2_launch_testing_ws/install/my_interfaces/share/my_interfaces/cmake/my_interfaces__rosidl_typesupport_cExport.cmake
[0.277s] -- Up-to-date: /home/phr/vscode_project/ros2_launch_testing_ws/install/my_interfaces/share/my_interfaces/cmake/my_interfaces__rosidl_typesupport_cExport-noconfig.cmake
[0.277s] -- Up-to-date: /home/phr/vscode_project/ros2_launch_testing_ws/install/my_interfaces/share/my_interfaces/cmake/export_my_interfaces__rosidl_generator_cppExport.cmake
[0.277s] -- Up-to-date: /home/phr/vscode_project/ros2_launch_testing_ws/install/my_interfaces/share/my_interfaces/cmake/export_my_interfaces__rosidl_typesupport_fastrtps_cppExport.cmake
[0.277s] -- Up-to-date: /home/phr/vscode_project/ros2_launch_testing_ws/install/my_interfaces/share/my_interfaces/cmake/export_my_interfaces__rosidl_typesupport_fastrtps_cppExport-noconfig.cmake
[0.277s] -- Up-to-date: /home/phr/vscode_project/ros2_launch_testing_ws/install/my_interfaces/share/my_interfaces/cmake/my_interfaces__rosidl_typesupport_introspection_cppExport.cmake
[0.277s] -- Up-to-date: /home/phr/vscode_project/ros2_launch_testing_ws/install/my_interfaces/share/my_interfaces/cmake/my_interfaces__rosidl_typesupport_introspection_cppExport-noconfig.cmake
[0.277s] -- Up-to-date: /home/phr/vscode_project/ros2_launch_testing_ws/install/my_interfaces/share/my_interfaces/cmake/my_interfaces__rosidl_typesupport_cppExport.cmake
[0.277s] -- Up-to-date: /home/phr/vscode_project/ros2_launch_testing_ws/install/my_interfaces/share/my_interfaces/cmake/my_interfaces__rosidl_typesupport_cppExport-noconfig.cmake
[0.277s] -- Up-to-date: /home/phr/vscode_project/ros2_launch_testing_ws/install/my_interfaces/share/my_interfaces/cmake/export_my_interfaces__rosidl_generator_pyExport.cmake
[0.277s] -- Up-to-date: /home/phr/vscode_project/ros2_launch_testing_ws/install/my_interfaces/share/my_interfaces/cmake/export_my_interfaces__rosidl_generator_pyExport-noconfig.cmake
[0.277s] -- Up-to-date: /home/phr/vscode_project/ros2_launch_testing_ws/install/my_interfaces/share/my_interfaces/cmake/rosidl_cmake-extras.cmake
[0.277s] -- Up-to-date: /home/phr/vscode_project/ros2_launch_testing_ws/install/my_interfaces/share/my_interfaces/cmake/ament_cmake_export_include_directories-extras.cmake
[0.277s] -- Up-to-date: /home/phr/vscode_project/ros2_launch_testing_ws/install/my_interfaces/share/my_interfaces/cmake/ament_cmake_export_libraries-extras.cmake
[0.277s] -- Up-to-date: /home/phr/vscode_project/ros2_launch_testing_ws/install/my_interfaces/share/my_interfaces/cmake/ament_cmake_export_targets-extras.cmake
[0.278s] -- Up-to-date: /home/phr/vscode_project/ros2_launch_testing_ws/install/my_interfaces/share/my_interfaces/cmake/rosidl_cmake_export_typesupport_targets-extras.cmake
[0.278s] -- Up-to-date: /home/phr/vscode_project/ros2_launch_testing_ws/install/my_interfaces/share/my_interfaces/cmake/ament_cmake_export_dependencies-extras.cmake
[0.278s] -- Up-to-date: /home/phr/vscode_project/ros2_launch_testing_ws/install/my_interfaces/share/my_interfaces/cmake/rosidl_cmake_export_typesupport_libraries-extras.cmake
[0.278s] -- Up-to-date: /home/phr/vscode_project/ros2_launch_testing_ws/install/my_interfaces/share/my_interfaces/cmake/my_interfacesConfig.cmake
[0.278s] -- Up-to-date: /home/phr/vscode_project/ros2_launch_testing_ws/install/my_interfaces/share/my_interfaces/cmake/my_interfacesConfig-version.cmake
[0.278s] -- Up-to-date: /home/phr/vscode_project/ros2_launch_testing_ws/install/my_interfaces/share/my_interfaces/package.xml
[0.280s] Invoked command in '/home/phr/vscode_project/ros2_launch_testing_ws/build/my_interfaces' returned '0': CMAKE_PREFIX_PATH=/opt/ros/humble /usr/bin/cmake --install /home/phr/vscode_project/ros2_launch_testing_ws/build/my_interfaces
