running egg_info
writing ../../build/my_algorithms/my_algorithms.egg-info/PKG-INFO
writing dependency_links to ../../build/my_algorithms/my_algorithms.egg-info/dependency_links.txt
writing entry points to ../../build/my_algorithms/my_algorithms.egg-info/entry_points.txt
writing requirements to ../../build/my_algorithms/my_algorithms.egg-info/requires.txt
writing top-level names to ../../build/my_algorithms/my_algorithms.egg-info/top_level.txt
reading manifest file '../../build/my_algorithms/my_algorithms.egg-info/SOURCES.txt'
writing manifest file '../../build/my_algorithms/my_algorithms.egg-info/SOURCES.txt'
running build
running build_py
copying my_algorithms/number_processor_node.py -> /home/phr/vscode_project/ros2_launch_testing_ws/build/my_algorithms/build/lib/my_algorithms
running install
running install_lib
copying /home/phr/vscode_project/ros2_launch_testing_ws/build/my_algorithms/build/lib/my_algorithms/number_processor_node.py -> /home/phr/vscode_project/ros2_launch_testing_ws/install/my_algorithms/lib/python3.10/site-packages/my_algorithms
byte-compiling /home/phr/vscode_project/ros2_launch_testing_ws/install/my_algorithms/lib/python3.10/site-packages/my_algorithms/number_processor_node.py to number_processor_node.cpython-310.pyc
running install_data
running install_egg_info
removing '/home/phr/vscode_project/ros2_launch_testing_ws/install/my_algorithms/lib/python3.10/site-packages/my_algorithms-0.0.0-py3.10.egg-info' (and everything under it)
Copying ../../build/my_algorithms/my_algorithms.egg-info to /home/phr/vscode_project/ros2_launch_testing_ws/install/my_algorithms/lib/python3.10/site-packages/my_algorithms-0.0.0-py3.10.egg-info
running install_scripts
Installing number_processor script to /home/phr/vscode_project/ros2_launch_testing_ws/install/my_algorithms/lib/my_algorithms
Installing number_publisher script to /home/phr/vscode_project/ros2_launch_testing_ws/install/my_algorithms/lib/my_algorithms
writing list of installed files to '/home/phr/vscode_project/ros2_launch_testing_ws/build/my_algorithms/install.log'
