[0.118s] DEBUG:colcon:Command line arguments: ['/usr/bin/colcon', 'build']
[0.118s] DEBUG:colcon:Parsed command line arguments: Namespace(log_base=None, log_level=None, verb_name='build', build_base='build', install_base='install', merge_install=False, symlink_install=False, test_result_base=None, continue_on_error=False, executor='parallel', parallel_workers=32, event_handlers=None, ignore_user_meta=False, metas=['./colcon.meta'], base_paths=['.'], packages_ignore=None, packages_ignore_regex=None, paths=None, packages_up_to=None, packages_up_to_regex=None, packages_above=None, packages_above_and_dependencies=None, packages_above_depth=None, packages_select_by_dep=None, packages_skip_by_dep=None, packages_skip_up_to=None, packages_select_build_failed=False, packages_skip_build_finished=False, packages_select_test_failures=False, packages_skip_test_passed=False, packages_select=None, packages_skip=None, packages_select_regex=None, packages_skip_regex=None, packages_start=None, packages_end=None, allow_overriding=[], cmake_args=None, cmake_target=None, cmake_target_skip_unavailable=False, cmake_clean_cache=False, cmake_clean_first=False, cmake_force_configure=False, ament_cmake_args=None, catkin_cmake_args=None, catkin_skip_building_tests=False, verb_parser=<colcon_defaults.argument_parser.defaults.DefaultArgumentsDecorator object at 0x7b4980a1bb50>, verb_extension=<colcon_core.verb.build.BuildVerb object at 0x7b4980a1b640>, main=<bound method BuildVerb.main of <colcon_core.verb.build.BuildVerb object at 0x7b4980a1b640>>)
[0.287s] Level 1:colcon.colcon_core.package_discovery:discover_packages(colcon_meta) check parameters
[0.287s] Level 1:colcon.colcon_core.package_discovery:discover_packages(recursive) check parameters
[0.287s] Level 1:colcon.colcon_core.package_discovery:discover_packages(ignore) check parameters
[0.287s] Level 1:colcon.colcon_core.package_discovery:discover_packages(path) check parameters
[0.287s] Level 1:colcon.colcon_core.package_discovery:discover_packages(colcon_meta) discover
[0.287s] Level 1:colcon.colcon_core.package_discovery:discover_packages(recursive) discover
[0.287s] INFO:colcon.colcon_core.package_discovery:Crawling recursively for packages in '/home/phr/vscode_project/ros2_launch_testing_ws'
[0.287s] Level 1:colcon.colcon_core.package_identification:_identify(.) by extensions ['ignore', 'ignore_ament_install']
[0.287s] Level 1:colcon.colcon_core.package_identification:_identify(.) by extension 'ignore'
[0.287s] Level 1:colcon.colcon_core.package_identification:_identify(.) by extension 'ignore_ament_install'
[0.287s] Level 1:colcon.colcon_core.package_identification:_identify(.) by extensions ['colcon_pkg']
[0.287s] Level 1:colcon.colcon_core.package_identification:_identify(.) by extension 'colcon_pkg'
[0.287s] Level 1:colcon.colcon_core.package_identification:_identify(.) by extensions ['colcon_meta']
[0.287s] Level 1:colcon.colcon_core.package_identification:_identify(.) by extension 'colcon_meta'
[0.287s] Level 1:colcon.colcon_core.package_identification:_identify(.) by extensions ['ros']
[0.287s] Level 1:colcon.colcon_core.package_identification:_identify(.) by extension 'ros'
[0.301s] Level 1:colcon.colcon_core.package_identification:_identify(.) by extensions ['cmake', 'python']
[0.301s] Level 1:colcon.colcon_core.package_identification:_identify(.) by extension 'cmake'
[0.301s] Level 1:colcon.colcon_core.package_identification:_identify(.) by extension 'python'
[0.301s] Level 1:colcon.colcon_core.package_identification:_identify(.) by extensions ['python_setup_py']
[0.301s] Level 1:colcon.colcon_core.package_identification:_identify(.) by extension 'python_setup_py'
[0.301s] Level 1:colcon.colcon_core.package_identification:_identify(build) by extensions ['ignore', 'ignore_ament_install']
[0.301s] Level 1:colcon.colcon_core.package_identification:_identify(build) by extension 'ignore'
[0.301s] Level 1:colcon.colcon_core.package_identification:_identify(build) ignored
[0.302s] Level 1:colcon.colcon_core.package_identification:_identify(install) by extensions ['ignore', 'ignore_ament_install']
[0.302s] Level 1:colcon.colcon_core.package_identification:_identify(install) by extension 'ignore'
[0.302s] Level 1:colcon.colcon_core.package_identification:_identify(install) ignored
[0.302s] Level 1:colcon.colcon_core.package_identification:_identify(log) by extensions ['ignore', 'ignore_ament_install']
[0.302s] Level 1:colcon.colcon_core.package_identification:_identify(log) by extension 'ignore'
[0.302s] Level 1:colcon.colcon_core.package_identification:_identify(log) ignored
[0.302s] Level 1:colcon.colcon_core.package_identification:_identify(src) by extensions ['ignore', 'ignore_ament_install']
[0.302s] Level 1:colcon.colcon_core.package_identification:_identify(src) by extension 'ignore'
[0.302s] Level 1:colcon.colcon_core.package_identification:_identify(src) by extension 'ignore_ament_install'
[0.302s] Level 1:colcon.colcon_core.package_identification:_identify(src) by extensions ['colcon_pkg']
[0.302s] Level 1:colcon.colcon_core.package_identification:_identify(src) by extension 'colcon_pkg'
[0.302s] Level 1:colcon.colcon_core.package_identification:_identify(src) by extensions ['colcon_meta']
[0.302s] Level 1:colcon.colcon_core.package_identification:_identify(src) by extension 'colcon_meta'
[0.302s] Level 1:colcon.colcon_core.package_identification:_identify(src) by extensions ['ros']
[0.302s] Level 1:colcon.colcon_core.package_identification:_identify(src) by extension 'ros'
[0.302s] Level 1:colcon.colcon_core.package_identification:_identify(src) by extensions ['cmake', 'python']
[0.302s] Level 1:colcon.colcon_core.package_identification:_identify(src) by extension 'cmake'
[0.303s] Level 1:colcon.colcon_core.package_identification:_identify(src) by extension 'python'
[0.303s] Level 1:colcon.colcon_core.package_identification:_identify(src) by extensions ['python_setup_py']
[0.303s] Level 1:colcon.colcon_core.package_identification:_identify(src) by extension 'python_setup_py'
[0.303s] Level 1:colcon.colcon_core.package_identification:_identify(src/my_algorithms) by extensions ['ignore', 'ignore_ament_install']
[0.303s] Level 1:colcon.colcon_core.package_identification:_identify(src/my_algorithms) by extension 'ignore'
[0.303s] Level 1:colcon.colcon_core.package_identification:_identify(src/my_algorithms) by extension 'ignore_ament_install'
[0.303s] Level 1:colcon.colcon_core.package_identification:_identify(src/my_algorithms) by extensions ['colcon_pkg']
[0.303s] Level 1:colcon.colcon_core.package_identification:_identify(src/my_algorithms) by extension 'colcon_pkg'
[0.303s] Level 1:colcon.colcon_core.package_identification:_identify(src/my_algorithms) by extensions ['colcon_meta']
[0.303s] Level 1:colcon.colcon_core.package_identification:_identify(src/my_algorithms) by extension 'colcon_meta'
[0.303s] Level 1:colcon.colcon_core.package_identification:_identify(src/my_algorithms) by extensions ['ros']
[0.303s] Level 1:colcon.colcon_core.package_identification:_identify(src/my_algorithms) by extension 'ros'
[0.306s] DEBUG:colcon.colcon_core.package_identification:Package 'src/my_algorithms' with type 'ros.ament_python' and name 'my_algorithms'
[0.306s] Level 1:colcon.colcon_core.package_identification:_identify(src/my_interfaces) by extensions ['ignore', 'ignore_ament_install']
[0.306s] Level 1:colcon.colcon_core.package_identification:_identify(src/my_interfaces) by extension 'ignore'
[0.306s] Level 1:colcon.colcon_core.package_identification:_identify(src/my_interfaces) by extension 'ignore_ament_install'
[0.306s] Level 1:colcon.colcon_core.package_identification:_identify(src/my_interfaces) by extensions ['colcon_pkg']
[0.306s] Level 1:colcon.colcon_core.package_identification:_identify(src/my_interfaces) by extension 'colcon_pkg'
[0.306s] Level 1:colcon.colcon_core.package_identification:_identify(src/my_interfaces) by extensions ['colcon_meta']
[0.306s] Level 1:colcon.colcon_core.package_identification:_identify(src/my_interfaces) by extension 'colcon_meta'
[0.306s] Level 1:colcon.colcon_core.package_identification:_identify(src/my_interfaces) by extensions ['ros']
[0.306s] Level 1:colcon.colcon_core.package_identification:_identify(src/my_interfaces) by extension 'ros'
[0.307s] DEBUG:colcon.colcon_core.package_identification:Package 'src/my_interfaces' with type 'ros.ament_cmake' and name 'my_interfaces'
[0.307s] Level 1:colcon.colcon_core.package_identification:_identify(src/my_testing) by extensions ['ignore', 'ignore_ament_install']
[0.307s] Level 1:colcon.colcon_core.package_identification:_identify(src/my_testing) by extension 'ignore'
[0.307s] Level 1:colcon.colcon_core.package_identification:_identify(src/my_testing) by extension 'ignore_ament_install'
[0.307s] Level 1:colcon.colcon_core.package_identification:_identify(src/my_testing) by extensions ['colcon_pkg']
[0.308s] Level 1:colcon.colcon_core.package_identification:_identify(src/my_testing) by extension 'colcon_pkg'
[0.308s] Level 1:colcon.colcon_core.package_identification:_identify(src/my_testing) by extensions ['colcon_meta']
[0.308s] Level 1:colcon.colcon_core.package_identification:_identify(src/my_testing) by extension 'colcon_meta'
[0.308s] Level 1:colcon.colcon_core.package_identification:_identify(src/my_testing) by extensions ['ros']
[0.308s] Level 1:colcon.colcon_core.package_identification:_identify(src/my_testing) by extension 'ros'
[0.308s] DEBUG:colcon.colcon_core.package_identification:Package 'src/my_testing' with type 'ros.ament_python' and name 'my_testing'
[0.308s] Level 1:colcon.colcon_core.package_discovery:discover_packages(recursive) using defaults
[0.308s] Level 1:colcon.colcon_core.package_discovery:discover_packages(ignore) discover
[0.308s] Level 1:colcon.colcon_core.package_discovery:discover_packages(ignore) using defaults
[0.309s] Level 1:colcon.colcon_core.package_discovery:discover_packages(path) discover
[0.309s] Level 1:colcon.colcon_core.package_discovery:discover_packages(path) using defaults
[0.331s] Level 1:colcon.colcon_core.package_discovery:discover_packages(prefix_path) check parameters
[0.331s] Level 1:colcon.colcon_core.package_discovery:discover_packages(prefix_path) discover
[0.332s] WARNING:colcon.colcon_ros.prefix_path.ament:The path '/home/phr/vscode_project/ros2_launch_testing_ws/install/my_testing' in the environment variable AMENT_PREFIX_PATH doesn't exist
[0.332s] WARNING:colcon.colcon_ros.prefix_path.ament:The path '/home/phr/vscode_project/ros2_launch_testing_ws/install/my_algorithms' in the environment variable AMENT_PREFIX_PATH doesn't exist
[0.332s] WARNING:colcon.colcon_ros.prefix_path.ament:The path '/home/phr/vscode_project/ros2_launch_testing_ws/install/my_interfaces' in the environment variable AMENT_PREFIX_PATH doesn't exist
[0.332s] WARNING:colcon.colcon_ros.prefix_path.catkin:The path '/home/phr/vscode_project/ros2_launch_testing_ws/install/my_interfaces' in the environment variable CMAKE_PREFIX_PATH doesn't exist
[0.333s] DEBUG:colcon.colcon_installed_package_information.package_discovery:Found 0 installed packages in /home/phr/vscode_project/ros2_launch_testing_ws/install
[0.335s] DEBUG:colcon.colcon_installed_package_information.package_discovery:Found 272 installed packages in /opt/ros/humble
[0.337s] Level 1:colcon.colcon_core.package_discovery:discover_packages(prefix_path) using defaults
[0.389s] Level 5:colcon.colcon_core.verb:set package 'my_interfaces' build argument 'cmake_args' from command line to 'None'
[0.389s] Level 5:colcon.colcon_core.verb:set package 'my_interfaces' build argument 'cmake_target' from command line to 'None'
[0.389s] Level 5:colcon.colcon_core.verb:set package 'my_interfaces' build argument 'cmake_target_skip_unavailable' from command line to 'False'
[0.389s] Level 5:colcon.colcon_core.verb:set package 'my_interfaces' build argument 'cmake_clean_cache' from command line to 'False'
[0.389s] Level 5:colcon.colcon_core.verb:set package 'my_interfaces' build argument 'cmake_clean_first' from command line to 'False'
[0.389s] Level 5:colcon.colcon_core.verb:set package 'my_interfaces' build argument 'cmake_force_configure' from command line to 'False'
[0.389s] Level 5:colcon.colcon_core.verb:set package 'my_interfaces' build argument 'ament_cmake_args' from command line to 'None'
[0.389s] Level 5:colcon.colcon_core.verb:set package 'my_interfaces' build argument 'catkin_cmake_args' from command line to 'None'
[0.389s] Level 5:colcon.colcon_core.verb:set package 'my_interfaces' build argument 'catkin_skip_building_tests' from command line to 'False'
[0.389s] DEBUG:colcon.colcon_core.verb:Building package 'my_interfaces' with the following arguments: {'ament_cmake_args': None, 'build_base': '/home/phr/vscode_project/ros2_launch_testing_ws/build/my_interfaces', 'catkin_cmake_args': None, 'catkin_skip_building_tests': False, 'cmake_args': None, 'cmake_clean_cache': False, 'cmake_clean_first': False, 'cmake_force_configure': False, 'cmake_target': None, 'cmake_target_skip_unavailable': False, 'install_base': '/home/phr/vscode_project/ros2_launch_testing_ws/install/my_interfaces', 'merge_install': False, 'path': '/home/phr/vscode_project/ros2_launch_testing_ws/src/my_interfaces', 'symlink_install': False, 'test_result_base': None}
[0.390s] Level 5:colcon.colcon_core.verb:set package 'my_algorithms' build argument 'cmake_args' from command line to 'None'
[0.390s] Level 5:colcon.colcon_core.verb:set package 'my_algorithms' build argument 'cmake_target' from command line to 'None'
[0.390s] Level 5:colcon.colcon_core.verb:set package 'my_algorithms' build argument 'cmake_target_skip_unavailable' from command line to 'False'
[0.390s] Level 5:colcon.colcon_core.verb:set package 'my_algorithms' build argument 'cmake_clean_cache' from command line to 'False'
[0.390s] Level 5:colcon.colcon_core.verb:set package 'my_algorithms' build argument 'cmake_clean_first' from command line to 'False'
[0.390s] Level 5:colcon.colcon_core.verb:set package 'my_algorithms' build argument 'cmake_force_configure' from command line to 'False'
[0.390s] Level 5:colcon.colcon_core.verb:set package 'my_algorithms' build argument 'ament_cmake_args' from command line to 'None'
[0.390s] Level 5:colcon.colcon_core.verb:set package 'my_algorithms' build argument 'catkin_cmake_args' from command line to 'None'
[0.390s] Level 5:colcon.colcon_core.verb:set package 'my_algorithms' build argument 'catkin_skip_building_tests' from command line to 'False'
[0.390s] DEBUG:colcon.colcon_core.verb:Building package 'my_algorithms' with the following arguments: {'ament_cmake_args': None, 'build_base': '/home/phr/vscode_project/ros2_launch_testing_ws/build/my_algorithms', 'catkin_cmake_args': None, 'catkin_skip_building_tests': False, 'cmake_args': None, 'cmake_clean_cache': False, 'cmake_clean_first': False, 'cmake_force_configure': False, 'cmake_target': None, 'cmake_target_skip_unavailable': False, 'install_base': '/home/phr/vscode_project/ros2_launch_testing_ws/install/my_algorithms', 'merge_install': False, 'path': '/home/phr/vscode_project/ros2_launch_testing_ws/src/my_algorithms', 'symlink_install': False, 'test_result_base': None}
[0.390s] Level 5:colcon.colcon_core.verb:set package 'my_testing' build argument 'cmake_args' from command line to 'None'
[0.390s] Level 5:colcon.colcon_core.verb:set package 'my_testing' build argument 'cmake_target' from command line to 'None'
[0.390s] Level 5:colcon.colcon_core.verb:set package 'my_testing' build argument 'cmake_target_skip_unavailable' from command line to 'False'
[0.390s] Level 5:colcon.colcon_core.verb:set package 'my_testing' build argument 'cmake_clean_cache' from command line to 'False'
[0.390s] Level 5:colcon.colcon_core.verb:set package 'my_testing' build argument 'cmake_clean_first' from command line to 'False'
[0.390s] Level 5:colcon.colcon_core.verb:set package 'my_testing' build argument 'cmake_force_configure' from command line to 'False'
[0.390s] Level 5:colcon.colcon_core.verb:set package 'my_testing' build argument 'ament_cmake_args' from command line to 'None'
[0.391s] Level 5:colcon.colcon_core.verb:set package 'my_testing' build argument 'catkin_cmake_args' from command line to 'None'
[0.391s] Level 5:colcon.colcon_core.verb:set package 'my_testing' build argument 'catkin_skip_building_tests' from command line to 'False'
[0.391s] DEBUG:colcon.colcon_core.verb:Building package 'my_testing' with the following arguments: {'ament_cmake_args': None, 'build_base': '/home/phr/vscode_project/ros2_launch_testing_ws/build/my_testing', 'catkin_cmake_args': None, 'catkin_skip_building_tests': False, 'cmake_args': None, 'cmake_clean_cache': False, 'cmake_clean_first': False, 'cmake_force_configure': False, 'cmake_target': None, 'cmake_target_skip_unavailable': False, 'install_base': '/home/phr/vscode_project/ros2_launch_testing_ws/install/my_testing', 'merge_install': False, 'path': '/home/phr/vscode_project/ros2_launch_testing_ws/src/my_testing', 'symlink_install': False, 'test_result_base': None}
[0.391s] INFO:colcon.colcon_core.executor:Executing jobs using 'parallel' executor
[0.392s] DEBUG:colcon.colcon_parallel_executor.executor.parallel:run_until_complete
[0.392s] INFO:colcon.colcon_ros.task.ament_cmake.build:Building ROS package in '/home/phr/vscode_project/ros2_launch_testing_ws/src/my_interfaces' with build type 'ament_cmake'
[0.392s] INFO:colcon.colcon_cmake.task.cmake.build:Building CMake package in '/home/phr/vscode_project/ros2_launch_testing_ws/src/my_interfaces'
[0.394s] INFO:colcon.colcon_core.plugin_system:Skipping extension 'colcon_core.shell.bat': Not used on non-Windows systems
[0.394s] INFO:colcon.colcon_core.shell:Skip shell extension 'powershell' for command environment: Not usable outside of PowerShell
[0.394s] DEBUG:colcon.colcon_core.shell:Skip shell extension 'dsv' for command environment
[0.405s] DEBUG:colcon.colcon_core.event_handler.log_command:Invoking command in '/home/phr/vscode_project/ros2_launch_testing_ws/build/my_interfaces': CMAKE_PREFIX_PATH=${CMAKE_PREFIX_PATH}:/home/phr/vscode_project/ros2_launch_testing_ws/install/my_testing:/home/phr/vscode_project/ros2_launch_testing_ws/install/my_algorithms:/opt/ros/humble /usr/bin/cmake /home/phr/vscode_project/ros2_launch_testing_ws/src/my_interfaces -DCMAKE_INSTALL_PREFIX=/home/phr/vscode_project/ros2_launch_testing_ws/install/my_interfaces
[1.226s] DEBUG:colcon.colcon_core.event_handler.log_command:Invoked command in '/home/phr/vscode_project/ros2_launch_testing_ws/build/my_interfaces' returned '0': CMAKE_PREFIX_PATH=${CMAKE_PREFIX_PATH}:/home/phr/vscode_project/ros2_launch_testing_ws/install/my_testing:/home/phr/vscode_project/ros2_launch_testing_ws/install/my_algorithms:/opt/ros/humble /usr/bin/cmake /home/phr/vscode_project/ros2_launch_testing_ws/src/my_interfaces -DCMAKE_INSTALL_PREFIX=/home/phr/vscode_project/ros2_launch_testing_ws/install/my_interfaces
[1.228s] DEBUG:colcon.colcon_core.event_handler.log_command:Invoking command in '/home/phr/vscode_project/ros2_launch_testing_ws/build/my_interfaces': CMAKE_PREFIX_PATH=${CMAKE_PREFIX_PATH}:/home/phr/vscode_project/ros2_launch_testing_ws/install/my_testing:/home/phr/vscode_project/ros2_launch_testing_ws/install/my_algorithms:/opt/ros/humble /usr/bin/cmake --build /home/phr/vscode_project/ros2_launch_testing_ws/build/my_interfaces -- -j32 -l32
[2.127s] DEBUG:colcon.colcon_core.event_handler.log_command:Invoked command in '/home/phr/vscode_project/ros2_launch_testing_ws/build/my_interfaces' returned '0': CMAKE_PREFIX_PATH=${CMAKE_PREFIX_PATH}:/home/phr/vscode_project/ros2_launch_testing_ws/install/my_testing:/home/phr/vscode_project/ros2_launch_testing_ws/install/my_algorithms:/opt/ros/humble /usr/bin/cmake --build /home/phr/vscode_project/ros2_launch_testing_ws/build/my_interfaces -- -j32 -l32
[2.133s] DEBUG:colcon.colcon_core.event_handler.log_command:Invoking command in '/home/phr/vscode_project/ros2_launch_testing_ws/build/my_interfaces': CMAKE_PREFIX_PATH=${CMAKE_PREFIX_PATH}:/home/phr/vscode_project/ros2_launch_testing_ws/install/my_testing:/home/phr/vscode_project/ros2_launch_testing_ws/install/my_algorithms:/opt/ros/humble /usr/bin/cmake --install /home/phr/vscode_project/ros2_launch_testing_ws/build/my_interfaces
[2.171s] Level 1:colcon.colcon_core.environment:create_environment_scripts_only(my_interfaces)
[2.171s] DEBUG:colcon.colcon_core.event_handler.log_command:Invoked command in '/home/phr/vscode_project/ros2_launch_testing_ws/build/my_interfaces' returned '0': CMAKE_PREFIX_PATH=${CMAKE_PREFIX_PATH}:/home/phr/vscode_project/ros2_launch_testing_ws/install/my_testing:/home/phr/vscode_project/ros2_launch_testing_ws/install/my_algorithms:/opt/ros/humble /usr/bin/cmake --install /home/phr/vscode_project/ros2_launch_testing_ws/build/my_interfaces
[2.172s] Level 1:colcon.colcon_core.environment:checking '/home/phr/vscode_project/ros2_launch_testing_ws/install/my_interfaces' for CMake module files
[2.172s] Level 1:colcon.colcon_core.environment:checking '/home/phr/vscode_project/ros2_launch_testing_ws/install/my_interfaces' for CMake config files
[2.172s] Level 1:colcon.colcon_core.shell:create_environment_hook('my_interfaces', 'cmake_prefix_path')
[2.173s] INFO:colcon.colcon_core.shell:Creating environment hook '/home/phr/vscode_project/ros2_launch_testing_ws/install/my_interfaces/share/my_interfaces/hook/cmake_prefix_path.ps1'
[2.173s] INFO:colcon.colcon_core.shell:Creating environment descriptor '/home/phr/vscode_project/ros2_launch_testing_ws/install/my_interfaces/share/my_interfaces/hook/cmake_prefix_path.dsv'
[2.173s] INFO:colcon.colcon_core.shell:Creating environment hook '/home/phr/vscode_project/ros2_launch_testing_ws/install/my_interfaces/share/my_interfaces/hook/cmake_prefix_path.sh'
[2.173s] Level 1:colcon.colcon_core.environment:checking '/home/phr/vscode_project/ros2_launch_testing_ws/install/my_interfaces/lib'
[2.174s] Level 1:colcon.colcon_core.shell:create_environment_hook('my_interfaces', 'ld_library_path_lib')
[2.174s] INFO:colcon.colcon_core.shell:Creating environment hook '/home/phr/vscode_project/ros2_launch_testing_ws/install/my_interfaces/share/my_interfaces/hook/ld_library_path_lib.ps1'
[2.174s] INFO:colcon.colcon_core.shell:Creating environment descriptor '/home/phr/vscode_project/ros2_launch_testing_ws/install/my_interfaces/share/my_interfaces/hook/ld_library_path_lib.dsv'
[2.174s] INFO:colcon.colcon_core.shell:Creating environment hook '/home/phr/vscode_project/ros2_launch_testing_ws/install/my_interfaces/share/my_interfaces/hook/ld_library_path_lib.sh'
[2.174s] Level 1:colcon.colcon_core.environment:checking '/home/phr/vscode_project/ros2_launch_testing_ws/install/my_interfaces/bin'
[2.174s] Level 1:colcon.colcon_core.environment:checking '/home/phr/vscode_project/ros2_launch_testing_ws/install/my_interfaces/lib/pkgconfig/my_interfaces.pc'
[2.174s] Level 1:colcon.colcon_core.environment:checking '/home/phr/vscode_project/ros2_launch_testing_ws/install/my_interfaces/lib/python3.10/site-packages'
[2.174s] Level 1:colcon.colcon_core.environment:checking '/home/phr/vscode_project/ros2_launch_testing_ws/install/my_interfaces/bin'
[2.175s] INFO:colcon.colcon_core.shell:Creating package script '/home/phr/vscode_project/ros2_launch_testing_ws/install/my_interfaces/share/my_interfaces/package.ps1'
[2.175s] INFO:colcon.colcon_core.shell:Creating package descriptor '/home/phr/vscode_project/ros2_launch_testing_ws/install/my_interfaces/share/my_interfaces/package.dsv'
[2.175s] INFO:colcon.colcon_core.shell:Creating package script '/home/phr/vscode_project/ros2_launch_testing_ws/install/my_interfaces/share/my_interfaces/package.sh'
[2.175s] INFO:colcon.colcon_core.shell:Creating package script '/home/phr/vscode_project/ros2_launch_testing_ws/install/my_interfaces/share/my_interfaces/package.bash'
[2.176s] INFO:colcon.colcon_core.shell:Creating package script '/home/phr/vscode_project/ros2_launch_testing_ws/install/my_interfaces/share/my_interfaces/package.zsh'
[2.176s] Level 1:colcon.colcon_core.environment:create_file_with_runtime_dependencies(/home/phr/vscode_project/ros2_launch_testing_ws/install/my_interfaces/share/colcon-core/packages/my_interfaces)
[2.176s] Level 1:colcon.colcon_core.environment:create_environment_scripts_only(my_interfaces)
[2.177s] Level 1:colcon.colcon_core.environment:checking '/home/phr/vscode_project/ros2_launch_testing_ws/install/my_interfaces' for CMake module files
[2.177s] Level 1:colcon.colcon_core.environment:checking '/home/phr/vscode_project/ros2_launch_testing_ws/install/my_interfaces' for CMake config files
[2.177s] Level 1:colcon.colcon_core.shell:create_environment_hook('my_interfaces', 'cmake_prefix_path')
[2.177s] INFO:colcon.colcon_core.shell:Creating environment hook '/home/phr/vscode_project/ros2_launch_testing_ws/install/my_interfaces/share/my_interfaces/hook/cmake_prefix_path.ps1'
[2.177s] INFO:colcon.colcon_core.shell:Creating environment descriptor '/home/phr/vscode_project/ros2_launch_testing_ws/install/my_interfaces/share/my_interfaces/hook/cmake_prefix_path.dsv'
[2.177s] INFO:colcon.colcon_core.shell:Creating environment hook '/home/phr/vscode_project/ros2_launch_testing_ws/install/my_interfaces/share/my_interfaces/hook/cmake_prefix_path.sh'
[2.178s] Level 1:colcon.colcon_core.environment:checking '/home/phr/vscode_project/ros2_launch_testing_ws/install/my_interfaces/lib'
[2.178s] Level 1:colcon.colcon_core.shell:create_environment_hook('my_interfaces', 'ld_library_path_lib')
[2.178s] INFO:colcon.colcon_core.shell:Creating environment hook '/home/phr/vscode_project/ros2_launch_testing_ws/install/my_interfaces/share/my_interfaces/hook/ld_library_path_lib.ps1'
[2.178s] INFO:colcon.colcon_core.shell:Creating environment descriptor '/home/phr/vscode_project/ros2_launch_testing_ws/install/my_interfaces/share/my_interfaces/hook/ld_library_path_lib.dsv'
[2.178s] INFO:colcon.colcon_core.shell:Creating environment hook '/home/phr/vscode_project/ros2_launch_testing_ws/install/my_interfaces/share/my_interfaces/hook/ld_library_path_lib.sh'
[2.178s] Level 1:colcon.colcon_core.environment:checking '/home/phr/vscode_project/ros2_launch_testing_ws/install/my_interfaces/bin'
[2.178s] Level 1:colcon.colcon_core.environment:checking '/home/phr/vscode_project/ros2_launch_testing_ws/install/my_interfaces/lib/pkgconfig/my_interfaces.pc'
[2.178s] Level 1:colcon.colcon_core.environment:checking '/home/phr/vscode_project/ros2_launch_testing_ws/install/my_interfaces/lib/python3.10/site-packages'
[2.179s] Level 1:colcon.colcon_core.environment:checking '/home/phr/vscode_project/ros2_launch_testing_ws/install/my_interfaces/bin'
[2.179s] INFO:colcon.colcon_core.shell:Creating package script '/home/phr/vscode_project/ros2_launch_testing_ws/install/my_interfaces/share/my_interfaces/package.ps1'
[2.179s] INFO:colcon.colcon_core.shell:Creating package descriptor '/home/phr/vscode_project/ros2_launch_testing_ws/install/my_interfaces/share/my_interfaces/package.dsv'
[2.179s] INFO:colcon.colcon_core.shell:Creating package script '/home/phr/vscode_project/ros2_launch_testing_ws/install/my_interfaces/share/my_interfaces/package.sh'
[2.179s] INFO:colcon.colcon_core.shell:Creating package script '/home/phr/vscode_project/ros2_launch_testing_ws/install/my_interfaces/share/my_interfaces/package.bash'
[2.180s] INFO:colcon.colcon_core.shell:Creating package script '/home/phr/vscode_project/ros2_launch_testing_ws/install/my_interfaces/share/my_interfaces/package.zsh'
[2.180s] Level 1:colcon.colcon_core.environment:create_file_with_runtime_dependencies(/home/phr/vscode_project/ros2_launch_testing_ws/install/my_interfaces/share/colcon-core/packages/my_interfaces)
[2.180s] INFO:colcon.colcon_ros.task.ament_python.build:Building ROS package in '/home/phr/vscode_project/ros2_launch_testing_ws/src/my_algorithms' with build type 'ament_python'
[2.180s] Level 1:colcon.colcon_core.shell:create_environment_hook('my_algorithms', 'ament_prefix_path')
[2.180s] INFO:colcon.colcon_core.shell:Creating environment hook '/home/phr/vscode_project/ros2_launch_testing_ws/install/my_algorithms/share/my_algorithms/hook/ament_prefix_path.ps1'
[2.180s] INFO:colcon.colcon_core.shell:Creating environment descriptor '/home/phr/vscode_project/ros2_launch_testing_ws/install/my_algorithms/share/my_algorithms/hook/ament_prefix_path.dsv'
[2.181s] INFO:colcon.colcon_core.shell:Creating environment hook '/home/phr/vscode_project/ros2_launch_testing_ws/install/my_algorithms/share/my_algorithms/hook/ament_prefix_path.sh'
[2.181s] INFO:colcon.colcon_core.shell:Skip shell extension 'powershell' for command environment: Not usable outside of PowerShell
[2.181s] DEBUG:colcon.colcon_core.shell:Skip shell extension 'dsv' for command environment
[2.298s] INFO:colcon.colcon_core.task.python.build:Building Python package in '/home/phr/vscode_project/ros2_launch_testing_ws/src/my_algorithms'
[2.298s] INFO:colcon.colcon_core.shell:Skip shell extension 'powershell' for command environment: Not usable outside of PowerShell
[2.298s] DEBUG:colcon.colcon_core.shell:Skip shell extension 'dsv' for command environment
[2.456s] DEBUG:colcon.colcon_core.event_handler.log_command:Invoking command in '/home/phr/vscode_project/ros2_launch_testing_ws/src/my_algorithms': PYTHONPATH=/home/phr/vscode_project/ros2_launch_testing_ws/build/my_algorithms/prefix_override:/usr/lib/python3/dist-packages/colcon_core/task/python/colcon_distutils_commands:/home/phr/vscode_project/ros2_launch_testing_ws/install/my_algorithms/lib/python3.10/site-packages:${PYTHONPATH} /usr/bin/python3 -W ignore:setup.py install is deprecated -W ignore:easy_install command is deprecated setup.py egg_info --egg-base ../../build/my_algorithms build --build-base /home/phr/vscode_project/ros2_launch_testing_ws/build/my_algorithms/build install --record /home/phr/vscode_project/ros2_launch_testing_ws/build/my_algorithms/install.log --single-version-externally-managed install_data
[2.587s] Level 1:colcon.colcon_core.environment:checking '/home/phr/vscode_project/ros2_launch_testing_ws/install/my_algorithms' for CMake module files
[2.588s] DEBUG:colcon.colcon_core.event_handler.log_command:Invoked command in '/home/phr/vscode_project/ros2_launch_testing_ws/src/my_algorithms' returned '0': PYTHONPATH=/home/phr/vscode_project/ros2_launch_testing_ws/build/my_algorithms/prefix_override:/usr/lib/python3/dist-packages/colcon_core/task/python/colcon_distutils_commands:/home/phr/vscode_project/ros2_launch_testing_ws/install/my_algorithms/lib/python3.10/site-packages:${PYTHONPATH} /usr/bin/python3 -W ignore:setup.py install is deprecated -W ignore:easy_install command is deprecated setup.py egg_info --egg-base ../../build/my_algorithms build --build-base /home/phr/vscode_project/ros2_launch_testing_ws/build/my_algorithms/build install --record /home/phr/vscode_project/ros2_launch_testing_ws/build/my_algorithms/install.log --single-version-externally-managed install_data
[2.588s] Level 1:colcon.colcon_core.environment:checking '/home/phr/vscode_project/ros2_launch_testing_ws/install/my_algorithms' for CMake config files
[2.588s] Level 1:colcon.colcon_core.environment:checking '/home/phr/vscode_project/ros2_launch_testing_ws/install/my_algorithms/lib'
[2.588s] Level 1:colcon.colcon_core.environment:checking '/home/phr/vscode_project/ros2_launch_testing_ws/install/my_algorithms/bin'
[2.588s] Level 1:colcon.colcon_core.environment:checking '/home/phr/vscode_project/ros2_launch_testing_ws/install/my_algorithms/lib/pkgconfig/my_algorithms.pc'
[2.588s] Level 1:colcon.colcon_core.environment:checking '/home/phr/vscode_project/ros2_launch_testing_ws/install/my_algorithms/lib/python3.10/site-packages'
[2.588s] Level 1:colcon.colcon_core.shell:create_environment_hook('my_algorithms', 'pythonpath')
[2.588s] INFO:colcon.colcon_core.shell:Creating environment hook '/home/phr/vscode_project/ros2_launch_testing_ws/install/my_algorithms/share/my_algorithms/hook/pythonpath.ps1'
[2.589s] INFO:colcon.colcon_core.shell:Creating environment descriptor '/home/phr/vscode_project/ros2_launch_testing_ws/install/my_algorithms/share/my_algorithms/hook/pythonpath.dsv'
[2.589s] INFO:colcon.colcon_core.shell:Creating environment hook '/home/phr/vscode_project/ros2_launch_testing_ws/install/my_algorithms/share/my_algorithms/hook/pythonpath.sh'
[2.589s] Level 1:colcon.colcon_core.environment:checking '/home/phr/vscode_project/ros2_launch_testing_ws/install/my_algorithms/bin'
[2.589s] Level 1:colcon.colcon_core.environment:create_environment_scripts_only(my_algorithms)
[2.589s] INFO:colcon.colcon_core.shell:Creating package script '/home/phr/vscode_project/ros2_launch_testing_ws/install/my_algorithms/share/my_algorithms/package.ps1'
[2.589s] INFO:colcon.colcon_core.shell:Creating package descriptor '/home/phr/vscode_project/ros2_launch_testing_ws/install/my_algorithms/share/my_algorithms/package.dsv'
[2.590s] INFO:colcon.colcon_core.shell:Creating package script '/home/phr/vscode_project/ros2_launch_testing_ws/install/my_algorithms/share/my_algorithms/package.sh'
[2.590s] INFO:colcon.colcon_core.shell:Creating package script '/home/phr/vscode_project/ros2_launch_testing_ws/install/my_algorithms/share/my_algorithms/package.bash'
[2.590s] INFO:colcon.colcon_core.shell:Creating package script '/home/phr/vscode_project/ros2_launch_testing_ws/install/my_algorithms/share/my_algorithms/package.zsh'
[2.590s] Level 1:colcon.colcon_core.environment:create_file_with_runtime_dependencies(/home/phr/vscode_project/ros2_launch_testing_ws/install/my_algorithms/share/colcon-core/packages/my_algorithms)
[2.590s] INFO:colcon.colcon_ros.task.ament_python.build:Building ROS package in '/home/phr/vscode_project/ros2_launch_testing_ws/src/my_testing' with build type 'ament_python'
[2.590s] Level 1:colcon.colcon_core.shell:create_environment_hook('my_testing', 'ament_prefix_path')
[2.590s] INFO:colcon.colcon_core.shell:Creating environment hook '/home/phr/vscode_project/ros2_launch_testing_ws/install/my_testing/share/my_testing/hook/ament_prefix_path.ps1'
[2.591s] INFO:colcon.colcon_core.shell:Creating environment descriptor '/home/phr/vscode_project/ros2_launch_testing_ws/install/my_testing/share/my_testing/hook/ament_prefix_path.dsv'
[2.591s] INFO:colcon.colcon_core.shell:Creating environment hook '/home/phr/vscode_project/ros2_launch_testing_ws/install/my_testing/share/my_testing/hook/ament_prefix_path.sh'
[2.591s] INFO:colcon.colcon_core.shell:Skip shell extension 'powershell' for command environment: Not usable outside of PowerShell
[2.591s] DEBUG:colcon.colcon_core.shell:Skip shell extension 'dsv' for command environment
[2.711s] INFO:colcon.colcon_core.task.python.build:Building Python package in '/home/phr/vscode_project/ros2_launch_testing_ws/src/my_testing'
[2.711s] INFO:colcon.colcon_core.shell:Skip shell extension 'powershell' for command environment: Not usable outside of PowerShell
[2.711s] DEBUG:colcon.colcon_core.shell:Skip shell extension 'dsv' for command environment
[2.867s] DEBUG:colcon.colcon_core.event_handler.log_command:Invoking command in '/home/phr/vscode_project/ros2_launch_testing_ws/src/my_testing': AMENT_PREFIX_PATH=/home/phr/vscode_project/ros2_launch_testing_ws/install/my_algorithms:/home/phr/vscode_project/ros2_launch_testing_ws/install/my_testing:/home/phr/vscode_project/ros2_launch_testing_ws/install/my_interfaces:/opt/ros/humble PYTHONPATH=/home/phr/vscode_project/ros2_launch_testing_ws/build/my_testing/prefix_override:/usr/lib/python3/dist-packages/colcon_core/task/python/colcon_distutils_commands:/home/phr/vscode_project/ros2_launch_testing_ws/install/my_testing/lib/python3.10/site-packages:/home/phr/vscode_project/ros2_launch_testing_ws/install/my_algorithms/lib/python3.10/site-packages:/home/phr/vscode_project/ros2_launch_testing_ws/install/my_testing/lib/python3.10/site-packages:/home/phr/vscode_project/ros2_launch_testing_ws/install/my_interfaces/local/lib/python3.10/dist-packages:/opt/ros/humble/lib/python3.10/site-packages:/opt/ros/humble/local/lib/python3.10/dist-packages /usr/bin/python3 -W ignore:setup.py install is deprecated -W ignore:easy_install command is deprecated setup.py egg_info --egg-base ../../build/my_testing build --build-base /home/phr/vscode_project/ros2_launch_testing_ws/build/my_testing/build install --record /home/phr/vscode_project/ros2_launch_testing_ws/build/my_testing/install.log --single-version-externally-managed install_data
[2.999s] Level 1:colcon.colcon_core.environment:checking '/home/phr/vscode_project/ros2_launch_testing_ws/install/my_testing' for CMake module files
[2.999s] DEBUG:colcon.colcon_core.event_handler.log_command:Invoked command in '/home/phr/vscode_project/ros2_launch_testing_ws/src/my_testing' returned '0': AMENT_PREFIX_PATH=/home/phr/vscode_project/ros2_launch_testing_ws/install/my_algorithms:/home/phr/vscode_project/ros2_launch_testing_ws/install/my_testing:/home/phr/vscode_project/ros2_launch_testing_ws/install/my_interfaces:/opt/ros/humble PYTHONPATH=/home/phr/vscode_project/ros2_launch_testing_ws/build/my_testing/prefix_override:/usr/lib/python3/dist-packages/colcon_core/task/python/colcon_distutils_commands:/home/phr/vscode_project/ros2_launch_testing_ws/install/my_testing/lib/python3.10/site-packages:/home/phr/vscode_project/ros2_launch_testing_ws/install/my_algorithms/lib/python3.10/site-packages:/home/phr/vscode_project/ros2_launch_testing_ws/install/my_testing/lib/python3.10/site-packages:/home/phr/vscode_project/ros2_launch_testing_ws/install/my_interfaces/local/lib/python3.10/dist-packages:/opt/ros/humble/lib/python3.10/site-packages:/opt/ros/humble/local/lib/python3.10/dist-packages /usr/bin/python3 -W ignore:setup.py install is deprecated -W ignore:easy_install command is deprecated setup.py egg_info --egg-base ../../build/my_testing build --build-base /home/phr/vscode_project/ros2_launch_testing_ws/build/my_testing/build install --record /home/phr/vscode_project/ros2_launch_testing_ws/build/my_testing/install.log --single-version-externally-managed install_data
[3.000s] Level 1:colcon.colcon_core.environment:checking '/home/phr/vscode_project/ros2_launch_testing_ws/install/my_testing' for CMake config files
[3.000s] Level 1:colcon.colcon_core.environment:checking '/home/phr/vscode_project/ros2_launch_testing_ws/install/my_testing/lib'
[3.000s] Level 1:colcon.colcon_core.environment:checking '/home/phr/vscode_project/ros2_launch_testing_ws/install/my_testing/bin'
[3.000s] Level 1:colcon.colcon_core.environment:checking '/home/phr/vscode_project/ros2_launch_testing_ws/install/my_testing/lib/pkgconfig/my_testing.pc'
[3.000s] Level 1:colcon.colcon_core.environment:checking '/home/phr/vscode_project/ros2_launch_testing_ws/install/my_testing/lib/python3.10/site-packages'
[3.000s] Level 1:colcon.colcon_core.shell:create_environment_hook('my_testing', 'pythonpath')
[3.000s] INFO:colcon.colcon_core.shell:Creating environment hook '/home/phr/vscode_project/ros2_launch_testing_ws/install/my_testing/share/my_testing/hook/pythonpath.ps1'
[3.000s] INFO:colcon.colcon_core.shell:Creating environment descriptor '/home/phr/vscode_project/ros2_launch_testing_ws/install/my_testing/share/my_testing/hook/pythonpath.dsv'
[3.001s] INFO:colcon.colcon_core.shell:Creating environment hook '/home/phr/vscode_project/ros2_launch_testing_ws/install/my_testing/share/my_testing/hook/pythonpath.sh'
[3.001s] Level 1:colcon.colcon_core.environment:checking '/home/phr/vscode_project/ros2_launch_testing_ws/install/my_testing/bin'
[3.001s] Level 1:colcon.colcon_core.environment:create_environment_scripts_only(my_testing)
[3.001s] INFO:colcon.colcon_core.shell:Creating package script '/home/phr/vscode_project/ros2_launch_testing_ws/install/my_testing/share/my_testing/package.ps1'
[3.001s] INFO:colcon.colcon_core.shell:Creating package descriptor '/home/phr/vscode_project/ros2_launch_testing_ws/install/my_testing/share/my_testing/package.dsv'
[3.001s] INFO:colcon.colcon_core.shell:Creating package script '/home/phr/vscode_project/ros2_launch_testing_ws/install/my_testing/share/my_testing/package.sh'
[3.002s] INFO:colcon.colcon_core.shell:Creating package script '/home/phr/vscode_project/ros2_launch_testing_ws/install/my_testing/share/my_testing/package.bash'
[3.002s] INFO:colcon.colcon_core.shell:Creating package script '/home/phr/vscode_project/ros2_launch_testing_ws/install/my_testing/share/my_testing/package.zsh'
[3.002s] Level 1:colcon.colcon_core.environment:create_file_with_runtime_dependencies(/home/phr/vscode_project/ros2_launch_testing_ws/install/my_testing/share/colcon-core/packages/my_testing)
[3.002s] DEBUG:colcon.colcon_parallel_executor.executor.parallel:closing loop
[3.002s] DEBUG:colcon.colcon_parallel_executor.executor.parallel:loop closed
[3.002s] DEBUG:colcon.colcon_parallel_executor.executor.parallel:run_until_complete finished with '0'
[3.002s] DEBUG:colcon.colcon_core.event_reactor:joining thread
[3.005s] INFO:colcon.colcon_core.plugin_system:Skipping extension 'colcon_notification.desktop_notification.terminal_notifier': Not used on non-Darwin systems
[3.005s] INFO:colcon.colcon_core.plugin_system:Skipping extension 'colcon_notification.desktop_notification.win32': Not used on non-Windows systems
[3.005s] INFO:colcon.colcon_notification.desktop_notification:Sending desktop notification using 'notify2'
[3.015s] DEBUG:colcon.colcon_core.event_reactor:joined thread
[3.016s] INFO:colcon.colcon_core.shell:Creating prefix script '/home/phr/vscode_project/ros2_launch_testing_ws/install/local_setup.ps1'
[3.016s] INFO:colcon.colcon_core.shell:Creating prefix util module '/home/phr/vscode_project/ros2_launch_testing_ws/install/_local_setup_util_ps1.py'
[3.017s] INFO:colcon.colcon_core.shell:Creating prefix chain script '/home/phr/vscode_project/ros2_launch_testing_ws/install/setup.ps1'
[3.017s] INFO:colcon.colcon_core.shell:Creating prefix script '/home/phr/vscode_project/ros2_launch_testing_ws/install/local_setup.sh'
[3.017s] INFO:colcon.colcon_core.shell:Creating prefix util module '/home/phr/vscode_project/ros2_launch_testing_ws/install/_local_setup_util_sh.py'
[3.018s] INFO:colcon.colcon_core.shell:Creating prefix chain script '/home/phr/vscode_project/ros2_launch_testing_ws/install/setup.sh'
[3.018s] INFO:colcon.colcon_core.shell:Creating prefix script '/home/phr/vscode_project/ros2_launch_testing_ws/install/local_setup.bash'
[3.018s] INFO:colcon.colcon_core.shell:Creating prefix chain script '/home/phr/vscode_project/ros2_launch_testing_ws/install/setup.bash'
[3.019s] INFO:colcon.colcon_core.shell:Creating prefix script '/home/phr/vscode_project/ros2_launch_testing_ws/install/local_setup.zsh'
[3.019s] INFO:colcon.colcon_core.shell:Creating prefix chain script '/home/phr/vscode_project/ros2_launch_testing_ws/install/setup.zsh'
