[0.271s] Invoking command in '/home/phr/vscode_project/ros2_launch_testing_ws/src/my_algorithms': AMENT_PREFIX_PATH=/home/phr/vscode_project/ros2_launch_testing_ws/install/my_interfaces:${AMENT_PREFIX_PATH} CMAKE_PREFIX_PATH=/home/phr/vscode_project/ros2_launch_testing_ws/install/my_interfaces LD_LIBRARY_PATH=/home/phr/vscode_project/ros2_launch_testing_ws/install/my_interfaces/lib:${LD_LIBRARY_PATH} PYTHONPATH=/home/phr/vscode_project/ros2_launch_testing_ws/build/my_algorithms/prefix_override:/usr/lib/python3/dist-packages/colcon_core/task/python/colcon_distutils_commands:/home/phr/vscode_project/ros2_launch_testing_ws/install/my_algorithms/lib/python3.10/site-packages:/home/phr/vscode_project/ros2_launch_testing_ws/install/my_interfaces/local/lib/python3.10/dist-packages:${PYTHONPATH} /usr/bin/python3 -W ignore:setup.py install is deprecated -W ignore:easy_install command is deprecated setup.py egg_info --egg-base ../../build/my_algorithms build --build-base /home/phr/vscode_project/ros2_launch_testing_ws/build/my_algorithms/build install --record /home/phr/vscode_project/ros2_launch_testing_ws/build/my_algorithms/install.log --single-version-externally-managed install_data
[0.374s] running egg_info
[0.375s] writing ../../build/my_algorithms/my_algorithms.egg-info/PKG-INFO
[0.375s] writing dependency_links to ../../build/my_algorithms/my_algorithms.egg-info/dependency_links.txt
[0.375s] writing entry points to ../../build/my_algorithms/my_algorithms.egg-info/entry_points.txt
[0.375s] writing requirements to ../../build/my_algorithms/my_algorithms.egg-info/requires.txt
[0.375s] writing top-level names to ../../build/my_algorithms/my_algorithms.egg-info/top_level.txt
[0.376s] reading manifest file '../../build/my_algorithms/my_algorithms.egg-info/SOURCES.txt'
[0.376s] writing manifest file '../../build/my_algorithms/my_algorithms.egg-info/SOURCES.txt'
[0.376s] running build
[0.376s] running build_py
[0.376s] copying my_algorithms/number_processor_node.py -> /home/phr/vscode_project/ros2_launch_testing_ws/build/my_algorithms/build/lib/my_algorithms
[0.376s] running install
[0.377s] running install_lib
[0.377s] copying /home/phr/vscode_project/ros2_launch_testing_ws/build/my_algorithms/build/lib/my_algorithms/number_processor_node.py -> /home/phr/vscode_project/ros2_launch_testing_ws/install/my_algorithms/lib/python3.10/site-packages/my_algorithms
[0.377s] byte-compiling /home/phr/vscode_project/ros2_launch_testing_ws/install/my_algorithms/lib/python3.10/site-packages/my_algorithms/number_processor_node.py to number_processor_node.cpython-310.pyc
[0.378s] running install_data
[0.378s] running install_egg_info
[0.378s] removing '/home/phr/vscode_project/ros2_launch_testing_ws/install/my_algorithms/lib/python3.10/site-packages/my_algorithms-0.0.0-py3.10.egg-info' (and everything under it)
[0.379s] Copying ../../build/my_algorithms/my_algorithms.egg-info to /home/phr/vscode_project/ros2_launch_testing_ws/install/my_algorithms/lib/python3.10/site-packages/my_algorithms-0.0.0-py3.10.egg-info
[0.379s] running install_scripts
[0.389s] Installing number_processor script to /home/phr/vscode_project/ros2_launch_testing_ws/install/my_algorithms/lib/my_algorithms
[0.389s] Installing number_publisher script to /home/phr/vscode_project/ros2_launch_testing_ws/install/my_algorithms/lib/my_algorithms
[0.390s] writing list of installed files to '/home/phr/vscode_project/ros2_launch_testing_ws/build/my_algorithms/install.log'
[0.401s] Invoked command in '/home/phr/vscode_project/ros2_launch_testing_ws/src/my_algorithms' returned '0': AMENT_PREFIX_PATH=/home/phr/vscode_project/ros2_launch_testing_ws/install/my_interfaces:${AMENT_PREFIX_PATH} CMAKE_PREFIX_PATH=/home/phr/vscode_project/ros2_launch_testing_ws/install/my_interfaces LD_LIBRARY_PATH=/home/phr/vscode_project/ros2_launch_testing_ws/install/my_interfaces/lib:${LD_LIBRARY_PATH} PYTHONPATH=/home/phr/vscode_project/ros2_launch_testing_ws/build/my_algorithms/prefix_override:/usr/lib/python3/dist-packages/colcon_core/task/python/colcon_distutils_commands:/home/phr/vscode_project/ros2_launch_testing_ws/install/my_algorithms/lib/python3.10/site-packages:/home/phr/vscode_project/ros2_launch_testing_ws/install/my_interfaces/local/lib/python3.10/dist-packages:${PYTHONPATH} /usr/bin/python3 -W ignore:setup.py install is deprecated -W ignore:easy_install command is deprecated setup.py egg_info --egg-base ../../build/my_algorithms build --build-base /home/phr/vscode_project/ros2_launch_testing_ws/build/my_algorithms/build install --record /home/phr/vscode_project/ros2_launch_testing_ws/build/my_algorithms/install.log --single-version-externally-managed install_data
