[0.008s] Invoking command in '/home/phr/vscode_project/ros2_launch_testing_ws/build/my_interfaces': CMAKE_PREFIX_PATH=/opt/ros/humble /usr/bin/cmake --build /home/phr/vscode_project/ros2_launch_testing_ws/build/my_interfaces -- -j32 -l32
[0.039s] [35m[1mConsolidate compiler generated dependencies of target my_interfaces__rosidl_generator_c[0m
[0.045s] [  3%] Built target my_interfaces__cpp
[0.046s] [ 12%] Built target my_interfaces__rosidl_generator_c
[0.051s] [ 12%] Built target ament_cmake_python_copy_my_interfaces
[0.052s] [35m[1mConsolidate compiler generated dependencies of target my_interfaces__rosidl_typesupport_fastrtps_cpp[0m
[0.052s] [35m[1mConsolidate compiler generated dependencies of target my_interfaces__rosidl_typesupport_cpp[0m
[0.052s] [35m[1mConsolidate compiler generated dependencies of target my_interfaces__rosidl_typesupport_introspection_cpp[0m
[0.052s] [35m[1mConsolidate compiler generated dependencies of target my_interfaces__rosidl_typesupport_c[0m
[0.052s] [35m[1mConsolidate compiler generated dependencies of target my_interfaces__rosidl_typesupport_introspection_c[0m
[0.052s] [35m[1mConsolidate compiler generated dependencies of target my_interfaces__rosidl_typesupport_fastrtps_c[0m
[0.059s] [ 22%] Built target my_interfaces__rosidl_typesupport_introspection_c
[0.060s] [ 51%] Built target my_interfaces__rosidl_typesupport_fastrtps_cpp
[0.060s] [ 51%] Built target my_interfaces__rosidl_typesupport_cpp
[0.060s] [ 51%] Built target my_interfaces__rosidl_typesupport_c
[0.060s] [ 70%] Built target my_interfaces__rosidl_typesupport_introspection_cpp
[0.060s] [ 70%] Built target my_interfaces__rosidl_typesupport_fastrtps_c
[0.073s] [ 70%] Built target my_interfaces
[0.086s] [ 74%] Built target my_interfaces__py
[0.092s] [35m[1mConsolidate compiler generated dependencies of target my_interfaces__rosidl_generator_py[0m
[0.100s] [ 80%] Built target my_interfaces__rosidl_generator_py
[0.106s] [35m[1mConsolidate compiler generated dependencies of target my_interfaces__rosidl_typesupport_fastrtps_c__pyext[0m
[0.107s] [35m[1mConsolidate compiler generated dependencies of target my_interfaces__rosidl_typesupport_introspection_c__pyext[0m
[0.107s] [35m[1mConsolidate compiler generated dependencies of target my_interfaces__rosidl_typesupport_c__pyext[0m
[0.114s] [ 87%] Built target my_interfaces__rosidl_typesupport_fastrtps_c__pyext
[0.115s] [ 93%] Built target my_interfaces__rosidl_typesupport_introspection_c__pyext
[0.115s] [100%] Built target my_interfaces__rosidl_typesupport_c__pyext
[0.161s] running egg_info
[0.161s] writing my_interfaces.egg-info/PKG-INFO
[0.161s] writing dependency_links to my_interfaces.egg-info/dependency_links.txt
[0.161s] writing top-level names to my_interfaces.egg-info/top_level.txt
[0.162s] reading manifest file 'my_interfaces.egg-info/SOURCES.txt'
[0.163s] writing manifest file 'my_interfaces.egg-info/SOURCES.txt'
[0.177s] [100%] Built target ament_cmake_python_build_my_interfaces_egg
[0.186s] Invoked command in '/home/phr/vscode_project/ros2_launch_testing_ws/build/my_interfaces' returned '0': CMAKE_PREFIX_PATH=/opt/ros/humble /usr/bin/cmake --build /home/phr/vscode_project/ros2_launch_testing_ws/build/my_interfaces -- -j32 -l32
[0.193s] Invoking command in '/home/phr/vscode_project/ros2_launch_testing_ws/build/my_interfaces': CMAKE_PREFIX_PATH=/opt/ros/humble /usr/bin/cmake --install /home/phr/vscode_project/ros2_launch_testing_ws/build/my_interfaces
[0.197s] -- Install configuration: ""
[0.198s] -- Up-to-date: /home/phr/vscode_project/ros2_launch_testing_ws/install/my_interfaces/share/ament_index/resource_index/rosidl_interfaces/my_interfaces
[0.198s] -- Up-to-date: /home/phr/vscode_project/ros2_launch_testing_ws/install/my_interfaces/include/my_interfaces/my_interfaces
[0.198s] -- Up-to-date: /home/phr/vscode_project/ros2_launch_testing_ws/install/my_interfaces/include/my_interfaces/my_interfaces/msg
[0.198s] -- Up-to-date: /home/phr/vscode_project/ros2_launch_testing_ws/install/my_interfaces/include/my_interfaces/my_interfaces/msg/detail
[0.198s] -- Up-to-date: /home/phr/vscode_project/ros2_launch_testing_ws/install/my_interfaces/include/my_interfaces/my_interfaces/msg/detail/num__functions.c
[0.198s] -- Up-to-date: /home/phr/vscode_project/ros2_launch_testing_ws/install/my_interfaces/include/my_interfaces/my_interfaces/msg/detail/num__functions.h
[0.198s] -- Up-to-date: /home/phr/vscode_project/ros2_launch_testing_ws/install/my_interfaces/include/my_interfaces/my_interfaces/msg/detail/num__struct.h
[0.198s] -- Up-to-date: /home/phr/vscode_project/ros2_launch_testing_ws/install/my_interfaces/include/my_interfaces/my_interfaces/msg/detail/num__type_support.h
[0.198s] -- Up-to-date: /home/phr/vscode_project/ros2_launch_testing_ws/install/my_interfaces/include/my_interfaces/my_interfaces/msg/num.h
[0.198s] -- Up-to-date: /home/phr/vscode_project/ros2_launch_testing_ws/install/my_interfaces/include/my_interfaces/my_interfaces/msg/rosidl_generator_c__visibility_control.h
[0.198s] -- Up-to-date: /home/phr/vscode_project/ros2_launch_testing_ws/install/my_interfaces/share/my_interfaces/environment/library_path.sh
[0.198s] -- Up-to-date: /home/phr/vscode_project/ros2_launch_testing_ws/install/my_interfaces/share/my_interfaces/environment/library_path.dsv
[0.198s] -- Up-to-date: /home/phr/vscode_project/ros2_launch_testing_ws/install/my_interfaces/lib/libmy_interfaces__rosidl_generator_c.so
[0.198s] -- Up-to-date: /home/phr/vscode_project/ros2_launch_testing_ws/install/my_interfaces/include/my_interfaces/my_interfaces
[0.198s] -- Up-to-date: /home/phr/vscode_project/ros2_launch_testing_ws/install/my_interfaces/include/my_interfaces/my_interfaces/msg
[0.198s] -- Up-to-date: /home/phr/vscode_project/ros2_launch_testing_ws/install/my_interfaces/include/my_interfaces/my_interfaces/msg/detail
[0.198s] -- Up-to-date: /home/phr/vscode_project/ros2_launch_testing_ws/install/my_interfaces/include/my_interfaces/my_interfaces/msg/detail/num__rosidl_typesupport_fastrtps_c.h
[0.198s] -- Up-to-date: /home/phr/vscode_project/ros2_launch_testing_ws/install/my_interfaces/include/my_interfaces/my_interfaces/msg/rosidl_typesupport_fastrtps_c__visibility_control.h
[0.198s] -- Up-to-date: /home/phr/vscode_project/ros2_launch_testing_ws/install/my_interfaces/lib/libmy_interfaces__rosidl_typesupport_fastrtps_c.so
[0.198s] -- Up-to-date: /home/phr/vscode_project/ros2_launch_testing_ws/install/my_interfaces/include/my_interfaces/my_interfaces
[0.198s] -- Up-to-date: /home/phr/vscode_project/ros2_launch_testing_ws/install/my_interfaces/include/my_interfaces/my_interfaces/msg
[0.198s] -- Up-to-date: /home/phr/vscode_project/ros2_launch_testing_ws/install/my_interfaces/include/my_interfaces/my_interfaces/msg/detail
[0.198s] -- Up-to-date: /home/phr/vscode_project/ros2_launch_testing_ws/install/my_interfaces/include/my_interfaces/my_interfaces/msg/detail/num__type_support.c
[0.198s] -- Up-to-date: /home/phr/vscode_project/ros2_launch_testing_ws/install/my_interfaces/include/my_interfaces/my_interfaces/msg/detail/num__rosidl_typesupport_introspection_c.h
[0.198s] -- Up-to-date: /home/phr/vscode_project/ros2_launch_testing_ws/install/my_interfaces/include/my_interfaces/my_interfaces/msg/rosidl_typesupport_introspection_c__visibility_control.h
[0.199s] -- Up-to-date: /home/phr/vscode_project/ros2_launch_testing_ws/install/my_interfaces/lib/libmy_interfaces__rosidl_typesupport_introspection_c.so
[0.199s] -- Up-to-date: /home/phr/vscode_project/ros2_launch_testing_ws/install/my_interfaces/lib/libmy_interfaces__rosidl_typesupport_c.so
[0.199s] -- Up-to-date: /home/phr/vscode_project/ros2_launch_testing_ws/install/my_interfaces/include/my_interfaces/my_interfaces
[0.199s] -- Up-to-date: /home/phr/vscode_project/ros2_launch_testing_ws/install/my_interfaces/include/my_interfaces/my_interfaces/msg
[0.199s] -- Up-to-date: /home/phr/vscode_project/ros2_launch_testing_ws/install/my_interfaces/include/my_interfaces/my_interfaces/msg/detail
[0.199s] -- Up-to-date: /home/phr/vscode_project/ros2_launch_testing_ws/install/my_interfaces/include/my_interfaces/my_interfaces/msg/detail/num__type_support.hpp
[0.199s] -- Up-to-date: /home/phr/vscode_project/ros2_launch_testing_ws/install/my_interfaces/include/my_interfaces/my_interfaces/msg/detail/num__traits.hpp
[0.199s] -- Up-to-date: /home/phr/vscode_project/ros2_launch_testing_ws/install/my_interfaces/include/my_interfaces/my_interfaces/msg/detail/num__struct.hpp
[0.199s] -- Up-to-date: /home/phr/vscode_project/ros2_launch_testing_ws/install/my_interfaces/include/my_interfaces/my_interfaces/msg/detail/num__builder.hpp
[0.199s] -- Up-to-date: /home/phr/vscode_project/ros2_launch_testing_ws/install/my_interfaces/include/my_interfaces/my_interfaces/msg/rosidl_generator_cpp__visibility_control.hpp
[0.199s] -- Up-to-date: /home/phr/vscode_project/ros2_launch_testing_ws/install/my_interfaces/include/my_interfaces/my_interfaces/msg/num.hpp
[0.199s] -- Up-to-date: /home/phr/vscode_project/ros2_launch_testing_ws/install/my_interfaces/include/my_interfaces/my_interfaces
[0.199s] -- Up-to-date: /home/phr/vscode_project/ros2_launch_testing_ws/install/my_interfaces/include/my_interfaces/my_interfaces/msg
[0.199s] -- Up-to-date: /home/phr/vscode_project/ros2_launch_testing_ws/install/my_interfaces/include/my_interfaces/my_interfaces/msg/detail
[0.199s] -- Up-to-date: /home/phr/vscode_project/ros2_launch_testing_ws/install/my_interfaces/include/my_interfaces/my_interfaces/msg/detail/dds_fastrtps
[0.199s] -- Up-to-date: /home/phr/vscode_project/ros2_launch_testing_ws/install/my_interfaces/include/my_interfaces/my_interfaces/msg/detail/num__rosidl_typesupport_fastrtps_cpp.hpp
[0.199s] -- Up-to-date: /home/phr/vscode_project/ros2_launch_testing_ws/install/my_interfaces/include/my_interfaces/my_interfaces/msg/rosidl_typesupport_fastrtps_cpp__visibility_control.h
[0.199s] -- Up-to-date: /home/phr/vscode_project/ros2_launch_testing_ws/install/my_interfaces/lib/libmy_interfaces__rosidl_typesupport_fastrtps_cpp.so
[0.199s] -- Up-to-date: /home/phr/vscode_project/ros2_launch_testing_ws/install/my_interfaces/include/my_interfaces/my_interfaces
[0.199s] -- Up-to-date: /home/phr/vscode_project/ros2_launch_testing_ws/install/my_interfaces/include/my_interfaces/my_interfaces/msg
[0.199s] -- Up-to-date: /home/phr/vscode_project/ros2_launch_testing_ws/install/my_interfaces/include/my_interfaces/my_interfaces/msg/detail
[0.199s] -- Up-to-date: /home/phr/vscode_project/ros2_launch_testing_ws/install/my_interfaces/include/my_interfaces/my_interfaces/msg/detail/num__type_support.cpp
[0.199s] -- Up-to-date: /home/phr/vscode_project/ros2_launch_testing_ws/install/my_interfaces/include/my_interfaces/my_interfaces/msg/detail/num__rosidl_typesupport_introspection_cpp.hpp
[0.199s] -- Up-to-date: /home/phr/vscode_project/ros2_launch_testing_ws/install/my_interfaces/lib/libmy_interfaces__rosidl_typesupport_introspection_cpp.so
[0.199s] -- Up-to-date: /home/phr/vscode_project/ros2_launch_testing_ws/install/my_interfaces/lib/libmy_interfaces__rosidl_typesupport_cpp.so
[0.200s] -- Up-to-date: /home/phr/vscode_project/ros2_launch_testing_ws/install/my_interfaces/share/my_interfaces/environment/pythonpath.sh
[0.200s] -- Up-to-date: /home/phr/vscode_project/ros2_launch_testing_ws/install/my_interfaces/share/my_interfaces/environment/pythonpath.dsv
[0.200s] -- Up-to-date: /home/phr/vscode_project/ros2_launch_testing_ws/install/my_interfaces/local/lib/python3.10/dist-packages/my_interfaces-0.0.0-py3.10.egg-info
[0.200s] -- Installing: /home/phr/vscode_project/ros2_launch_testing_ws/install/my_interfaces/local/lib/python3.10/dist-packages/my_interfaces-0.0.0-py3.10.egg-info/PKG-INFO
[0.200s] -- Installing: /home/phr/vscode_project/ros2_launch_testing_ws/install/my_interfaces/local/lib/python3.10/dist-packages/my_interfaces-0.0.0-py3.10.egg-info/SOURCES.txt
[0.200s] -- Installing: /home/phr/vscode_project/ros2_launch_testing_ws/install/my_interfaces/local/lib/python3.10/dist-packages/my_interfaces-0.0.0-py3.10.egg-info/top_level.txt
[0.200s] -- Installing: /home/phr/vscode_project/ros2_launch_testing_ws/install/my_interfaces/local/lib/python3.10/dist-packages/my_interfaces-0.0.0-py3.10.egg-info/dependency_links.txt
[0.200s] -- Up-to-date: /home/phr/vscode_project/ros2_launch_testing_ws/install/my_interfaces/local/lib/python3.10/dist-packages/my_interfaces
[0.200s] -- Up-to-date: /home/phr/vscode_project/ros2_launch_testing_ws/install/my_interfaces/local/lib/python3.10/dist-packages/my_interfaces/_my_interfaces_s.ep.rosidl_typesupport_introspection_c.c
[0.200s] -- Up-to-date: /home/phr/vscode_project/ros2_launch_testing_ws/install/my_interfaces/local/lib/python3.10/dist-packages/my_interfaces/_my_interfaces_s.ep.rosidl_typesupport_fastrtps_c.c
[0.200s] -- Up-to-date: /home/phr/vscode_project/ros2_launch_testing_ws/install/my_interfaces/local/lib/python3.10/dist-packages/my_interfaces/__init__.py
[0.200s] -- Up-to-date: /home/phr/vscode_project/ros2_launch_testing_ws/install/my_interfaces/local/lib/python3.10/dist-packages/my_interfaces/msg
[0.200s] -- Up-to-date: /home/phr/vscode_project/ros2_launch_testing_ws/install/my_interfaces/local/lib/python3.10/dist-packages/my_interfaces/msg/_num.py
[0.200s] -- Up-to-date: /home/phr/vscode_project/ros2_launch_testing_ws/install/my_interfaces/local/lib/python3.10/dist-packages/my_interfaces/msg/__init__.py
[0.200s] -- Up-to-date: /home/phr/vscode_project/ros2_launch_testing_ws/install/my_interfaces/local/lib/python3.10/dist-packages/my_interfaces/msg/_num_s.c
[0.200s] -- Up-to-date: /home/phr/vscode_project/ros2_launch_testing_ws/install/my_interfaces/local/lib/python3.10/dist-packages/my_interfaces/_my_interfaces_s.ep.rosidl_typesupport_c.c
[0.200s] -- Up-to-date: /home/phr/vscode_project/ros2_launch_testing_ws/install/my_interfaces/local/lib/python3.10/dist-packages/my_interfaces/my_interfaces_s__rosidl_typesupport_c.cpython-310-x86_64-linux-gnu.so
[0.200s] -- Up-to-date: /home/phr/vscode_project/ros2_launch_testing_ws/install/my_interfaces/local/lib/python3.10/dist-packages/my_interfaces/my_interfaces_s__rosidl_typesupport_fastrtps_c.cpython-310-x86_64-linux-gnu.so
[0.200s] -- Up-to-date: /home/phr/vscode_project/ros2_launch_testing_ws/install/my_interfaces/local/lib/python3.10/dist-packages/my_interfaces/my_interfaces_s__rosidl_typesupport_introspection_c.cpython-310-x86_64-linux-gnu.so
[0.200s] -- Up-to-date: /home/phr/vscode_project/ros2_launch_testing_ws/install/my_interfaces/local/lib/python3.10/dist-packages/my_interfaces/libmy_interfaces__rosidl_generator_py.so
[0.218s] Listing '/home/phr/vscode_project/ros2_launch_testing_ws/install/my_interfaces/local/lib/python3.10/dist-packages/my_interfaces'...
[0.218s] Listing '/home/phr/vscode_project/ros2_launch_testing_ws/install/my_interfaces/local/lib/python3.10/dist-packages/my_interfaces/msg'...
[0.220s] -- Up-to-date: /home/phr/vscode_project/ros2_launch_testing_ws/install/my_interfaces/local/lib/python3.10/dist-packages/my_interfaces/my_interfaces_s__rosidl_typesupport_fastrtps_c.cpython-310-x86_64-linux-gnu.so
[0.221s] -- Up-to-date: /home/phr/vscode_project/ros2_launch_testing_ws/install/my_interfaces/local/lib/python3.10/dist-packages/my_interfaces/my_interfaces_s__rosidl_typesupport_introspection_c.cpython-310-x86_64-linux-gnu.so
[0.221s] -- Up-to-date: /home/phr/vscode_project/ros2_launch_testing_ws/install/my_interfaces/local/lib/python3.10/dist-packages/my_interfaces/my_interfaces_s__rosidl_typesupport_c.cpython-310-x86_64-linux-gnu.so
[0.221s] -- Up-to-date: /home/phr/vscode_project/ros2_launch_testing_ws/install/my_interfaces/lib/libmy_interfaces__rosidl_generator_py.so
[0.221s] -- Up-to-date: /home/phr/vscode_project/ros2_launch_testing_ws/install/my_interfaces/share/my_interfaces/msg/Num.idl
[0.221s] -- Up-to-date: /home/phr/vscode_project/ros2_launch_testing_ws/install/my_interfaces/share/my_interfaces/msg/Num.msg
[0.221s] -- Up-to-date: /home/phr/vscode_project/ros2_launch_testing_ws/install/my_interfaces/share/ament_index/resource_index/package_run_dependencies/my_interfaces
[0.221s] -- Up-to-date: /home/phr/vscode_project/ros2_launch_testing_ws/install/my_interfaces/share/ament_index/resource_index/parent_prefix_path/my_interfaces
[0.221s] -- Up-to-date: /home/phr/vscode_project/ros2_launch_testing_ws/install/my_interfaces/share/my_interfaces/environment/ament_prefix_path.sh
[0.221s] -- Up-to-date: /home/phr/vscode_project/ros2_launch_testing_ws/install/my_interfaces/share/my_interfaces/environment/ament_prefix_path.dsv
[0.221s] -- Up-to-date: /home/phr/vscode_project/ros2_launch_testing_ws/install/my_interfaces/share/my_interfaces/environment/path.sh
[0.221s] -- Up-to-date: /home/phr/vscode_project/ros2_launch_testing_ws/install/my_interfaces/share/my_interfaces/environment/path.dsv
[0.221s] -- Up-to-date: /home/phr/vscode_project/ros2_launch_testing_ws/install/my_interfaces/share/my_interfaces/local_setup.bash
[0.221s] -- Up-to-date: /home/phr/vscode_project/ros2_launch_testing_ws/install/my_interfaces/share/my_interfaces/local_setup.sh
[0.221s] -- Up-to-date: /home/phr/vscode_project/ros2_launch_testing_ws/install/my_interfaces/share/my_interfaces/local_setup.zsh
[0.221s] -- Up-to-date: /home/phr/vscode_project/ros2_launch_testing_ws/install/my_interfaces/share/my_interfaces/local_setup.dsv
[0.221s] -- Up-to-date: /home/phr/vscode_project/ros2_launch_testing_ws/install/my_interfaces/share/my_interfaces/package.dsv
[0.221s] -- Up-to-date: /home/phr/vscode_project/ros2_launch_testing_ws/install/my_interfaces/share/ament_index/resource_index/packages/my_interfaces
[0.222s] -- Up-to-date: /home/phr/vscode_project/ros2_launch_testing_ws/install/my_interfaces/share/my_interfaces/cmake/export_my_interfaces__rosidl_generator_cExport.cmake
[0.222s] -- Up-to-date: /home/phr/vscode_project/ros2_launch_testing_ws/install/my_interfaces/share/my_interfaces/cmake/export_my_interfaces__rosidl_generator_cExport-noconfig.cmake
[0.222s] -- Up-to-date: /home/phr/vscode_project/ros2_launch_testing_ws/install/my_interfaces/share/my_interfaces/cmake/export_my_interfaces__rosidl_typesupport_fastrtps_cExport.cmake
[0.222s] -- Up-to-date: /home/phr/vscode_project/ros2_launch_testing_ws/install/my_interfaces/share/my_interfaces/cmake/export_my_interfaces__rosidl_typesupport_fastrtps_cExport-noconfig.cmake
[0.222s] -- Up-to-date: /home/phr/vscode_project/ros2_launch_testing_ws/install/my_interfaces/share/my_interfaces/cmake/my_interfaces__rosidl_typesupport_introspection_cExport.cmake
[0.222s] -- Up-to-date: /home/phr/vscode_project/ros2_launch_testing_ws/install/my_interfaces/share/my_interfaces/cmake/my_interfaces__rosidl_typesupport_introspection_cExport-noconfig.cmake
[0.222s] -- Up-to-date: /home/phr/vscode_project/ros2_launch_testing_ws/install/my_interfaces/share/my_interfaces/cmake/my_interfaces__rosidl_typesupport_cExport.cmake
[0.222s] -- Up-to-date: /home/phr/vscode_project/ros2_launch_testing_ws/install/my_interfaces/share/my_interfaces/cmake/my_interfaces__rosidl_typesupport_cExport-noconfig.cmake
[0.222s] -- Up-to-date: /home/phr/vscode_project/ros2_launch_testing_ws/install/my_interfaces/share/my_interfaces/cmake/export_my_interfaces__rosidl_generator_cppExport.cmake
[0.222s] -- Up-to-date: /home/phr/vscode_project/ros2_launch_testing_ws/install/my_interfaces/share/my_interfaces/cmake/export_my_interfaces__rosidl_typesupport_fastrtps_cppExport.cmake
[0.222s] -- Up-to-date: /home/phr/vscode_project/ros2_launch_testing_ws/install/my_interfaces/share/my_interfaces/cmake/export_my_interfaces__rosidl_typesupport_fastrtps_cppExport-noconfig.cmake
[0.222s] -- Up-to-date: /home/phr/vscode_project/ros2_launch_testing_ws/install/my_interfaces/share/my_interfaces/cmake/my_interfaces__rosidl_typesupport_introspection_cppExport.cmake
[0.222s] -- Up-to-date: /home/phr/vscode_project/ros2_launch_testing_ws/install/my_interfaces/share/my_interfaces/cmake/my_interfaces__rosidl_typesupport_introspection_cppExport-noconfig.cmake
[0.222s] -- Up-to-date: /home/phr/vscode_project/ros2_launch_testing_ws/install/my_interfaces/share/my_interfaces/cmake/my_interfaces__rosidl_typesupport_cppExport.cmake
[0.222s] -- Up-to-date: /home/phr/vscode_project/ros2_launch_testing_ws/install/my_interfaces/share/my_interfaces/cmake/my_interfaces__rosidl_typesupport_cppExport-noconfig.cmake
[0.222s] -- Up-to-date: /home/phr/vscode_project/ros2_launch_testing_ws/install/my_interfaces/share/my_interfaces/cmake/export_my_interfaces__rosidl_generator_pyExport.cmake
[0.222s] -- Up-to-date: /home/phr/vscode_project/ros2_launch_testing_ws/install/my_interfaces/share/my_interfaces/cmake/export_my_interfaces__rosidl_generator_pyExport-noconfig.cmake
[0.222s] -- Up-to-date: /home/phr/vscode_project/ros2_launch_testing_ws/install/my_interfaces/share/my_interfaces/cmake/rosidl_cmake-extras.cmake
[0.222s] -- Up-to-date: /home/phr/vscode_project/ros2_launch_testing_ws/install/my_interfaces/share/my_interfaces/cmake/ament_cmake_export_include_directories-extras.cmake
[0.222s] -- Up-to-date: /home/phr/vscode_project/ros2_launch_testing_ws/install/my_interfaces/share/my_interfaces/cmake/ament_cmake_export_libraries-extras.cmake
[0.222s] -- Up-to-date: /home/phr/vscode_project/ros2_launch_testing_ws/install/my_interfaces/share/my_interfaces/cmake/ament_cmake_export_targets-extras.cmake
[0.222s] -- Up-to-date: /home/phr/vscode_project/ros2_launch_testing_ws/install/my_interfaces/share/my_interfaces/cmake/rosidl_cmake_export_typesupport_targets-extras.cmake
[0.222s] -- Up-to-date: /home/phr/vscode_project/ros2_launch_testing_ws/install/my_interfaces/share/my_interfaces/cmake/ament_cmake_export_dependencies-extras.cmake
[0.222s] -- Up-to-date: /home/phr/vscode_project/ros2_launch_testing_ws/install/my_interfaces/share/my_interfaces/cmake/rosidl_cmake_export_typesupport_libraries-extras.cmake
[0.222s] -- Up-to-date: /home/phr/vscode_project/ros2_launch_testing_ws/install/my_interfaces/share/my_interfaces/cmake/my_interfacesConfig.cmake
[0.222s] -- Up-to-date: /home/phr/vscode_project/ros2_launch_testing_ws/install/my_interfaces/share/my_interfaces/cmake/my_interfacesConfig-version.cmake
[0.222s] -- Up-to-date: /home/phr/vscode_project/ros2_launch_testing_ws/install/my_interfaces/share/my_interfaces/package.xml
[0.224s] Invoked command in '/home/phr/vscode_project/ros2_launch_testing_ws/build/my_interfaces' returned '0': CMAKE_PREFIX_PATH=/opt/ros/humble /usr/bin/cmake --install /home/phr/vscode_project/ros2_launch_testing_ws/build/my_interfaces
